ARM GAS  C:\Users\Sam\AppData\Local\Temp\ccAM4WPy.s 			page 1


   1              		.cpu cortex-m0
   2              		.fpu softvfp
   3              		.eabi_attribute 20, 1
   4              		.eabi_attribute 21, 1
   5              		.eabi_attribute 23, 3
   6              		.eabi_attribute 24, 1
   7              		.eabi_attribute 25, 1
   8              		.eabi_attribute 26, 1
   9              		.eabi_attribute 30, 6
  10              		.eabi_attribute 34, 0
  11              		.eabi_attribute 18, 4
  12              		.code	16
  13              		.file	"cyfitter_cfg.c"
  14              		.text
  15              	.Ltext0:
  16              		.cfi_sections	.debug_frame
  17              		.section	.text.CYMEMZERO,"ax",%progbits
  18              		.align	2
  19              		.code	16
  20              		.thumb_func
  21              		.type	CYMEMZERO, %function
  22              	CYMEMZERO:
  23              	.LFB0:
  24              		.file 1 ".\\Generated_Source\\PSoC4\\cyfitter_cfg.c"
   1:.\Generated_Source\PSoC4/cyfitter_cfg.c **** /*******************************************************************************
   2:.\Generated_Source\PSoC4/cyfitter_cfg.c **** * FILENAME: cyfitter_cfg.c
   3:.\Generated_Source\PSoC4/cyfitter_cfg.c **** * PSoC Creator 3.0 SP1
   4:.\Generated_Source\PSoC4/cyfitter_cfg.c **** *
   5:.\Generated_Source\PSoC4/cyfitter_cfg.c **** * Description:
   6:.\Generated_Source\PSoC4/cyfitter_cfg.c **** * This file is automatically generated by PSoC Creator with device 
   7:.\Generated_Source\PSoC4/cyfitter_cfg.c **** * initialization code.  Except for the user defined sections in
   8:.\Generated_Source\PSoC4/cyfitter_cfg.c **** * CyClockStartupError(), this file should not be modified.
   9:.\Generated_Source\PSoC4/cyfitter_cfg.c **** *
  10:.\Generated_Source\PSoC4/cyfitter_cfg.c **** ********************************************************************************
  11:.\Generated_Source\PSoC4/cyfitter_cfg.c **** * Copyright 2013, Cypress Semiconductor Corporation.  All rights reserved.
  12:.\Generated_Source\PSoC4/cyfitter_cfg.c **** * You may use this file only in accordance with the license, terms, conditions, 
  13:.\Generated_Source\PSoC4/cyfitter_cfg.c **** * disclaimers, and limitations in the end user license agreement accompanying 
  14:.\Generated_Source\PSoC4/cyfitter_cfg.c **** * the software package with which this file was provided.
  15:.\Generated_Source\PSoC4/cyfitter_cfg.c **** ********************************************************************************/
  16:.\Generated_Source\PSoC4/cyfitter_cfg.c **** 
  17:.\Generated_Source\PSoC4/cyfitter_cfg.c **** #include <string.h>
  18:.\Generated_Source\PSoC4/cyfitter_cfg.c **** #include <cytypes.h>
  19:.\Generated_Source\PSoC4/cyfitter_cfg.c **** #include <cydevice_trm.h>
  20:.\Generated_Source\PSoC4/cyfitter_cfg.c **** #include <cyfitter.h>
  21:.\Generated_Source\PSoC4/cyfitter_cfg.c **** #include <CyLib.h>
  22:.\Generated_Source\PSoC4/cyfitter_cfg.c **** #include <cyfitter_cfg.h>
  23:.\Generated_Source\PSoC4/cyfitter_cfg.c **** 
  24:.\Generated_Source\PSoC4/cyfitter_cfg.c **** 
  25:.\Generated_Source\PSoC4/cyfitter_cfg.c **** #if defined(__GNUC__) || defined(__ARMCC_VERSION)
  26:.\Generated_Source\PSoC4/cyfitter_cfg.c ****     #define CYPACKED 
  27:.\Generated_Source\PSoC4/cyfitter_cfg.c ****     #define CYPACKED_ATTR __attribute__ ((packed))
  28:.\Generated_Source\PSoC4/cyfitter_cfg.c ****     #define CYALIGNED __attribute__ ((aligned))
  29:.\Generated_Source\PSoC4/cyfitter_cfg.c ****     #define CY_CFG_UNUSED __attribute__ ((unused))
  30:.\Generated_Source\PSoC4/cyfitter_cfg.c ****     #define CY_CFG_SECTION __attribute__ ((section(".psocinit")))
  31:.\Generated_Source\PSoC4/cyfitter_cfg.c ****     
  32:.\Generated_Source\PSoC4/cyfitter_cfg.c ****     #if defined(__ARMCC_VERSION)
  33:.\Generated_Source\PSoC4/cyfitter_cfg.c ****         #define CY_CFG_MEMORY_BARRIER() __memory_changed()
ARM GAS  C:\Users\Sam\AppData\Local\Temp\ccAM4WPy.s 			page 2


  34:.\Generated_Source\PSoC4/cyfitter_cfg.c ****     #else
  35:.\Generated_Source\PSoC4/cyfitter_cfg.c ****         #define CY_CFG_MEMORY_BARRIER() __sync_synchronize()
  36:.\Generated_Source\PSoC4/cyfitter_cfg.c ****     #endif
  37:.\Generated_Source\PSoC4/cyfitter_cfg.c ****     
  38:.\Generated_Source\PSoC4/cyfitter_cfg.c **** #elif defined(__ICCARM__)
  39:.\Generated_Source\PSoC4/cyfitter_cfg.c ****     #include <intrinsics.h>
  40:.\Generated_Source\PSoC4/cyfitter_cfg.c **** 
  41:.\Generated_Source\PSoC4/cyfitter_cfg.c ****     #define CYPACKED __packed
  42:.\Generated_Source\PSoC4/cyfitter_cfg.c ****     #define CYPACKED_ATTR 
  43:.\Generated_Source\PSoC4/cyfitter_cfg.c ****     #define CYALIGNED _Pragma("data_alignment=4")
  44:.\Generated_Source\PSoC4/cyfitter_cfg.c ****     #define CY_CFG_UNUSED _Pragma("diag_suppress=Pe177")
  45:.\Generated_Source\PSoC4/cyfitter_cfg.c ****     #define CY_CFG_SECTION _Pragma("location=\".psocinit\"")
  46:.\Generated_Source\PSoC4/cyfitter_cfg.c ****     
  47:.\Generated_Source\PSoC4/cyfitter_cfg.c ****     #define CY_CFG_MEMORY_BARRIER() __DMB()
  48:.\Generated_Source\PSoC4/cyfitter_cfg.c ****     
  49:.\Generated_Source\PSoC4/cyfitter_cfg.c **** #else
  50:.\Generated_Source\PSoC4/cyfitter_cfg.c ****     #error Unsupported toolchain
  51:.\Generated_Source\PSoC4/cyfitter_cfg.c **** #endif
  52:.\Generated_Source\PSoC4/cyfitter_cfg.c **** 
  53:.\Generated_Source\PSoC4/cyfitter_cfg.c **** 
  54:.\Generated_Source\PSoC4/cyfitter_cfg.c **** CY_CFG_UNUSED
  55:.\Generated_Source\PSoC4/cyfitter_cfg.c **** static void CYMEMZERO(void *s, size_t n);
  56:.\Generated_Source\PSoC4/cyfitter_cfg.c **** CY_CFG_UNUSED
  57:.\Generated_Source\PSoC4/cyfitter_cfg.c **** static void CYMEMZERO(void *s, size_t n)
  58:.\Generated_Source\PSoC4/cyfitter_cfg.c **** {
  25              		.loc 1 58 0
  26              		.cfi_startproc
  27 0000 80B5     		push	{r7, lr}
  28              	.LCFI0:
  29              		.cfi_def_cfa_offset 8
  30              		.cfi_offset 7, -8
  31              		.cfi_offset 14, -4
  32 0002 82B0     		sub	sp, sp, #8
  33              	.LCFI1:
  34              		.cfi_def_cfa_offset 16
  35 0004 00AF     		add	r7, sp, #0
  36              	.LCFI2:
  37              		.cfi_def_cfa_register 7
  38 0006 7860     		str	r0, [r7, #4]
  39 0008 3960     		str	r1, [r7]
  59:.\Generated_Source\PSoC4/cyfitter_cfg.c **** 	(void)memset(s, 0, n);
  40              		.loc 1 59 0
  41 000a 7A68     		ldr	r2, [r7, #4]
  42 000c 3B68     		ldr	r3, [r7]
  43 000e 101C     		mov	r0, r2
  44 0010 0021     		mov	r1, #0
  45 0012 1A1C     		mov	r2, r3
  46 0014 FFF7FEFF 		bl	memset
  60:.\Generated_Source\PSoC4/cyfitter_cfg.c **** }
  47              		.loc 1 60 0
  48 0018 BD46     		mov	sp, r7
  49 001a 02B0     		add	sp, sp, #8
  50              		@ sp needed for prologue
  51 001c 80BD     		pop	{r7, pc}
  52              		.cfi_endproc
  53              	.LFE0:
  54              		.size	CYMEMZERO, .-CYMEMZERO
ARM GAS  C:\Users\Sam\AppData\Local\Temp\ccAM4WPy.s 			page 3


  55 001e C046     		.section	.text.CYCONFIGCPY,"ax",%progbits
  56              		.align	2
  57              		.code	16
  58              		.thumb_func
  59              		.type	CYCONFIGCPY, %function
  60              	CYCONFIGCPY:
  61              	.LFB1:
  61:.\Generated_Source\PSoC4/cyfitter_cfg.c **** CY_CFG_UNUSED
  62:.\Generated_Source\PSoC4/cyfitter_cfg.c **** static void CYCONFIGCPY(void *dest, const void *src, size_t n);
  63:.\Generated_Source\PSoC4/cyfitter_cfg.c **** CY_CFG_UNUSED
  64:.\Generated_Source\PSoC4/cyfitter_cfg.c **** static void CYCONFIGCPY(void *dest, const void *src, size_t n)
  65:.\Generated_Source\PSoC4/cyfitter_cfg.c **** {
  62              		.loc 1 65 0
  63              		.cfi_startproc
  64 0000 80B5     		push	{r7, lr}
  65              	.LCFI3:
  66              		.cfi_def_cfa_offset 8
  67              		.cfi_offset 7, -8
  68              		.cfi_offset 14, -4
  69 0002 84B0     		sub	sp, sp, #16
  70              	.LCFI4:
  71              		.cfi_def_cfa_offset 24
  72 0004 00AF     		add	r7, sp, #0
  73              	.LCFI5:
  74              		.cfi_def_cfa_register 7
  75 0006 F860     		str	r0, [r7, #12]
  76 0008 B960     		str	r1, [r7, #8]
  77 000a 7A60     		str	r2, [r7, #4]
  66:.\Generated_Source\PSoC4/cyfitter_cfg.c **** 	(void)memcpy(dest, src, n);
  78              		.loc 1 66 0
  79 000c F968     		ldr	r1, [r7, #12]
  80 000e BA68     		ldr	r2, [r7, #8]
  81 0010 7B68     		ldr	r3, [r7, #4]
  82 0012 081C     		mov	r0, r1
  83 0014 111C     		mov	r1, r2
  84 0016 1A1C     		mov	r2, r3
  85 0018 FFF7FEFF 		bl	memcpy
  67:.\Generated_Source\PSoC4/cyfitter_cfg.c **** }
  86              		.loc 1 67 0
  87 001c BD46     		mov	sp, r7
  88 001e 04B0     		add	sp, sp, #16
  89              		@ sp needed for prologue
  90 0020 80BD     		pop	{r7, pc}
  91              		.cfi_endproc
  92              	.LFE1:
  93              		.size	CYCONFIGCPY, .-CYCONFIGCPY
  94 0022 C046     		.section	.text.CYCONFIGCPYCODE,"ax",%progbits
  95              		.align	2
  96              		.code	16
  97              		.thumb_func
  98              		.type	CYCONFIGCPYCODE, %function
  99              	CYCONFIGCPYCODE:
 100              	.LFB2:
  68:.\Generated_Source\PSoC4/cyfitter_cfg.c **** CY_CFG_UNUSED
  69:.\Generated_Source\PSoC4/cyfitter_cfg.c **** static void CYCONFIGCPYCODE(void *dest, const void *src, size_t n);
  70:.\Generated_Source\PSoC4/cyfitter_cfg.c **** CY_CFG_UNUSED
  71:.\Generated_Source\PSoC4/cyfitter_cfg.c **** static void CYCONFIGCPYCODE(void *dest, const void *src, size_t n)
ARM GAS  C:\Users\Sam\AppData\Local\Temp\ccAM4WPy.s 			page 4


  72:.\Generated_Source\PSoC4/cyfitter_cfg.c **** {
 101              		.loc 1 72 0
 102              		.cfi_startproc
 103 0000 80B5     		push	{r7, lr}
 104              	.LCFI6:
 105              		.cfi_def_cfa_offset 8
 106              		.cfi_offset 7, -8
 107              		.cfi_offset 14, -4
 108 0002 84B0     		sub	sp, sp, #16
 109              	.LCFI7:
 110              		.cfi_def_cfa_offset 24
 111 0004 00AF     		add	r7, sp, #0
 112              	.LCFI8:
 113              		.cfi_def_cfa_register 7
 114 0006 F860     		str	r0, [r7, #12]
 115 0008 B960     		str	r1, [r7, #8]
 116 000a 7A60     		str	r2, [r7, #4]
  73:.\Generated_Source\PSoC4/cyfitter_cfg.c **** 	(void)memcpy(dest, src, n);
 117              		.loc 1 73 0
 118 000c F968     		ldr	r1, [r7, #12]
 119 000e BA68     		ldr	r2, [r7, #8]
 120 0010 7B68     		ldr	r3, [r7, #4]
 121 0012 081C     		mov	r0, r1
 122 0014 111C     		mov	r1, r2
 123 0016 1A1C     		mov	r2, r3
 124 0018 FFF7FEFF 		bl	memcpy
  74:.\Generated_Source\PSoC4/cyfitter_cfg.c **** }
 125              		.loc 1 74 0
 126 001c BD46     		mov	sp, r7
 127 001e 04B0     		add	sp, sp, #16
 128              		@ sp needed for prologue
 129 0020 80BD     		pop	{r7, pc}
 130              		.cfi_endproc
 131              	.LFE2:
 132              		.size	CYCONFIGCPYCODE, .-CYCONFIGCPYCODE
 133 0022 C046     		.section	.psocinit,"ax",%progbits
 134              		.align	2
 135              		.code	16
 136              		.thumb_func
 137              		.type	SetIMOBGTrims, %function
 138              	SetIMOBGTrims:
 139              	.LFB3:
  75:.\Generated_Source\PSoC4/cyfitter_cfg.c **** 
  76:.\Generated_Source\PSoC4/cyfitter_cfg.c **** 
  77:.\Generated_Source\PSoC4/cyfitter_cfg.c **** 
  78:.\Generated_Source\PSoC4/cyfitter_cfg.c **** /* Clock startup error codes                                                   */
  79:.\Generated_Source\PSoC4/cyfitter_cfg.c **** #define CYCLOCKSTART_NO_ERROR    0u
  80:.\Generated_Source\PSoC4/cyfitter_cfg.c **** #define CYCLOCKSTART_XTAL_ERROR  1u
  81:.\Generated_Source\PSoC4/cyfitter_cfg.c **** #define CYCLOCKSTART_32KHZ_ERROR 2u
  82:.\Generated_Source\PSoC4/cyfitter_cfg.c **** #define CYCLOCKSTART_PLL_ERROR   3u
  83:.\Generated_Source\PSoC4/cyfitter_cfg.c **** 
  84:.\Generated_Source\PSoC4/cyfitter_cfg.c **** #ifdef CY_NEED_CYCLOCKSTARTUPERROR
  85:.\Generated_Source\PSoC4/cyfitter_cfg.c **** /*******************************************************************************
  86:.\Generated_Source\PSoC4/cyfitter_cfg.c **** * Function Name: CyClockStartupError
  87:.\Generated_Source\PSoC4/cyfitter_cfg.c **** ********************************************************************************
  88:.\Generated_Source\PSoC4/cyfitter_cfg.c **** * Summary:
  89:.\Generated_Source\PSoC4/cyfitter_cfg.c **** *  If an error is encountered during clock configuration (crystal startup error,
ARM GAS  C:\Users\Sam\AppData\Local\Temp\ccAM4WPy.s 			page 5


  90:.\Generated_Source\PSoC4/cyfitter_cfg.c **** *  PLL lock error, etc.), the system will end up here.  Unless reimplemented by
  91:.\Generated_Source\PSoC4/cyfitter_cfg.c **** *  the customer, this function will stop in an infinite loop.
  92:.\Generated_Source\PSoC4/cyfitter_cfg.c **** *
  93:.\Generated_Source\PSoC4/cyfitter_cfg.c **** * Parameters:
  94:.\Generated_Source\PSoC4/cyfitter_cfg.c **** *   void
  95:.\Generated_Source\PSoC4/cyfitter_cfg.c **** *
  96:.\Generated_Source\PSoC4/cyfitter_cfg.c **** * Return:
  97:.\Generated_Source\PSoC4/cyfitter_cfg.c **** *   void
  98:.\Generated_Source\PSoC4/cyfitter_cfg.c **** *
  99:.\Generated_Source\PSoC4/cyfitter_cfg.c **** *******************************************************************************/
 100:.\Generated_Source\PSoC4/cyfitter_cfg.c **** CY_CFG_UNUSED
 101:.\Generated_Source\PSoC4/cyfitter_cfg.c **** static void CyClockStartupError(uint8 errorCode);
 102:.\Generated_Source\PSoC4/cyfitter_cfg.c **** CY_CFG_UNUSED
 103:.\Generated_Source\PSoC4/cyfitter_cfg.c **** static void CyClockStartupError(uint8 errorCode)
 104:.\Generated_Source\PSoC4/cyfitter_cfg.c **** {
 105:.\Generated_Source\PSoC4/cyfitter_cfg.c ****     /* To remove the compiler warning if errorCode not used.                */
 106:.\Generated_Source\PSoC4/cyfitter_cfg.c ****     errorCode = errorCode;
 107:.\Generated_Source\PSoC4/cyfitter_cfg.c **** 
 108:.\Generated_Source\PSoC4/cyfitter_cfg.c ****     /* `#START CyClockStartupError` */
 109:.\Generated_Source\PSoC4/cyfitter_cfg.c **** 
 110:.\Generated_Source\PSoC4/cyfitter_cfg.c ****     /* If we have a clock startup error (bad MHz crystal, PLL lock, etc.),  */
 111:.\Generated_Source\PSoC4/cyfitter_cfg.c ****     /* we will end up here to allow the customer to implement something to  */
 112:.\Generated_Source\PSoC4/cyfitter_cfg.c ****     /* deal with the clock condition.                                       */
 113:.\Generated_Source\PSoC4/cyfitter_cfg.c **** 
 114:.\Generated_Source\PSoC4/cyfitter_cfg.c ****     /* `#END` */
 115:.\Generated_Source\PSoC4/cyfitter_cfg.c **** 
 116:.\Generated_Source\PSoC4/cyfitter_cfg.c ****     /* If nothing else, stop here since the clocks have not started         */
 117:.\Generated_Source\PSoC4/cyfitter_cfg.c ****     /* correctly.                                                           */
 118:.\Generated_Source\PSoC4/cyfitter_cfg.c ****     while(1) {}
 119:.\Generated_Source\PSoC4/cyfitter_cfg.c **** }
 120:.\Generated_Source\PSoC4/cyfitter_cfg.c **** #endif
 121:.\Generated_Source\PSoC4/cyfitter_cfg.c **** 
 122:.\Generated_Source\PSoC4/cyfitter_cfg.c **** 
 123:.\Generated_Source\PSoC4/cyfitter_cfg.c **** /*******************************************************************************
 124:.\Generated_Source\PSoC4/cyfitter_cfg.c **** * Function Name: SetIMOBGTrims
 125:.\Generated_Source\PSoC4/cyfitter_cfg.c **** ********************************************************************************
 126:.\Generated_Source\PSoC4/cyfitter_cfg.c **** *
 127:.\Generated_Source\PSoC4/cyfitter_cfg.c **** * Summary:
 128:.\Generated_Source\PSoC4/cyfitter_cfg.c **** *   Performs the configuration of the bandgap trim for the IMO based on the given
 129:.\Generated_Source\PSoC4/cyfitter_cfg.c **** *   expected frequency of the IMO. 
 130:.\Generated_Source\PSoC4/cyfitter_cfg.c **** *
 131:.\Generated_Source\PSoC4/cyfitter_cfg.c **** * Parameters:
 132:.\Generated_Source\PSoC4/cyfitter_cfg.c **** *   imoFreq: Frequency for operation of the IMO.
 133:.\Generated_Source\PSoC4/cyfitter_cfg.c **** *
 134:.\Generated_Source\PSoC4/cyfitter_cfg.c **** * Return:
 135:.\Generated_Source\PSoC4/cyfitter_cfg.c **** *   void
 136:.\Generated_Source\PSoC4/cyfitter_cfg.c **** *
 137:.\Generated_Source\PSoC4/cyfitter_cfg.c **** *******************************************************************************/
 138:.\Generated_Source\PSoC4/cyfitter_cfg.c **** static void SetIMOBGTrims(uint8 imoFreq);
 139:.\Generated_Source\PSoC4/cyfitter_cfg.c **** CY_CFG_SECTION
 140:.\Generated_Source\PSoC4/cyfitter_cfg.c **** static void SetIMOBGTrims(uint8 imoFreq)
 141:.\Generated_Source\PSoC4/cyfitter_cfg.c **** {
 140              		.loc 1 141 0
 141              		.cfi_startproc
 142 0000 80B5     		push	{r7, lr}
 143              	.LCFI9:
 144              		.cfi_def_cfa_offset 8
ARM GAS  C:\Users\Sam\AppData\Local\Temp\ccAM4WPy.s 			page 6


 145              		.cfi_offset 7, -8
 146              		.cfi_offset 14, -4
 147 0002 84B0     		sub	sp, sp, #16
 148              	.LCFI10:
 149              		.cfi_def_cfa_offset 24
 150 0004 00AF     		add	r7, sp, #0
 151              	.LCFI11:
 152              		.cfi_def_cfa_register 7
 153 0006 021C     		mov	r2, r0
 154 0008 FB1D     		add	r3, r7, #7
 155 000a 1A70     		strb	r2, [r3]
 142:.\Generated_Source\PSoC4/cyfitter_cfg.c **** 	CYPACKED typedef struct {
 143:.\Generated_Source\PSoC4/cyfitter_cfg.c **** 		uint8 freq;
 144:.\Generated_Source\PSoC4/cyfitter_cfg.c **** 		uint8 absolute;
 145:.\Generated_Source\PSoC4/cyfitter_cfg.c **** 		uint8 tmpco;
 146:.\Generated_Source\PSoC4/cyfitter_cfg.c **** 	} CYPACKED_ATTR imo_trim_entry_t;
 147:.\Generated_Source\PSoC4/cyfitter_cfg.c **** 
 148:.\Generated_Source\PSoC4/cyfitter_cfg.c **** 	CYPACKED typedef struct {
 149:.\Generated_Source\PSoC4/cyfitter_cfg.c **** 		imo_trim_entry_t entries[4];
 150:.\Generated_Source\PSoC4/cyfitter_cfg.c **** 	} CYPACKED_ATTR imo_trim_table_t;
 151:.\Generated_Source\PSoC4/cyfitter_cfg.c **** 
 152:.\Generated_Source\PSoC4/cyfitter_cfg.c **** 	static const imo_trim_table_t *imo_trim_table = (const imo_trim_table_t *)CYREG_SFLASH_IMO_MAXF0;
 153:.\Generated_Source\PSoC4/cyfitter_cfg.c **** 	static const uint32 IMO_TRIM_FREQ_TABLE_ENTRIES = sizeof(imo_trim_table->entries)/sizeof(imo_trim_
 154:.\Generated_Source\PSoC4/cyfitter_cfg.c **** 
 155:.\Generated_Source\PSoC4/cyfitter_cfg.c **** 	int32 imoTrimIndex;
 156:.\Generated_Source\PSoC4/cyfitter_cfg.c **** 	uint8 setAbs;
 157:.\Generated_Source\PSoC4/cyfitter_cfg.c **** 	uint8 setTmpCo;
 158:.\Generated_Source\PSoC4/cyfitter_cfg.c **** 
 159:.\Generated_Source\PSoC4/cyfitter_cfg.c **** 	/* Traverse the SFLASH IMO frequency-dependent bandgap trim table to
 160:.\Generated_Source\PSoC4/cyfitter_cfg.c **** 	 * locate the appropriate value to trim the IMO bandgap based on freq. */
 161:.\Generated_Source\PSoC4/cyfitter_cfg.c **** 	setAbs = CY_GET_REG8((const void *)CYREG_SFLASH_IMO_ABS4);
 156              		.loc 1 161 0
 157 000c 224A     		ldr	r2, .L8
 158 000e 3B1C     		mov	r3, r7
 159 0010 0B33     		add	r3, r3, #11
 160 0012 1278     		ldrb	r2, [r2]
 161 0014 1A70     		strb	r2, [r3]
 162:.\Generated_Source\PSoC4/cyfitter_cfg.c **** 	setTmpCo = CY_GET_REG8((const void *)CYREG_SFLASH_IMO_TMPCO4);
 162              		.loc 1 162 0
 163 0016 214A     		ldr	r2, .L8+4
 164 0018 3B1C     		mov	r3, r7
 165 001a 0A33     		add	r3, r3, #10
 166 001c 1278     		ldrb	r2, [r2]
 167 001e 1A70     		strb	r2, [r3]
 163:.\Generated_Source\PSoC4/cyfitter_cfg.c **** 	for (imoTrimIndex = ((int32)IMO_TRIM_FREQ_TABLE_ENTRIES)-1;
 168              		.loc 1 163 0
 169 0020 1F4B     		ldr	r3, .L8+8
 170 0022 1B68     		ldr	r3, [r3]
 171 0024 013B     		sub	r3, r3, #1
 172 0026 FB60     		str	r3, [r7, #12]
 173 0028 1AE0     		b	.L5
 174              	.L7:
 164:.\Generated_Source\PSoC4/cyfitter_cfg.c **** 	     (imoTrimIndex >= 0) && (imoFreq <= imo_trim_table->entries[imoTrimIndex].freq);
 165:.\Generated_Source\PSoC4/cyfitter_cfg.c **** 	     imoTrimIndex--)
 166:.\Generated_Source\PSoC4/cyfitter_cfg.c **** 	{
 167:.\Generated_Source\PSoC4/cyfitter_cfg.c **** 		setAbs = imo_trim_table->entries[imoTrimIndex].absolute;
 175              		.loc 1 167 0
ARM GAS  C:\Users\Sam\AppData\Local\Temp\ccAM4WPy.s 			page 7


 176 002a 1E4B     		ldr	r3, .L8+12
 177 002c 1868     		ldr	r0, [r3]
 178 002e 391C     		mov	r1, r7
 179 0030 0B31     		add	r1, r1, #11
 180 0032 FA68     		ldr	r2, [r7, #12]
 181 0034 131C     		mov	r3, r2
 182 0036 5B00     		lsl	r3, r3, #1
 183 0038 9B18     		add	r3, r3, r2
 184 003a C318     		add	r3, r0, r3
 185 003c 0133     		add	r3, r3, #1
 186 003e 1B78     		ldrb	r3, [r3]
 187 0040 0B70     		strb	r3, [r1]
 168:.\Generated_Source\PSoC4/cyfitter_cfg.c **** 		setTmpCo = imo_trim_table->entries[imoTrimIndex].tmpco;
 188              		.loc 1 168 0
 189 0042 184B     		ldr	r3, .L8+12
 190 0044 1868     		ldr	r0, [r3]
 191 0046 391C     		mov	r1, r7
 192 0048 0A31     		add	r1, r1, #10
 193 004a FA68     		ldr	r2, [r7, #12]
 194 004c 131C     		mov	r3, r2
 195 004e 5B00     		lsl	r3, r3, #1
 196 0050 9B18     		add	r3, r3, r2
 197 0052 C318     		add	r3, r0, r3
 198 0054 0233     		add	r3, r3, #2
 199 0056 1B78     		ldrb	r3, [r3]
 200 0058 0B70     		strb	r3, [r1]
 165:.\Generated_Source\PSoC4/cyfitter_cfg.c **** 	     imoTrimIndex--)
 201              		.loc 1 165 0
 202 005a FB68     		ldr	r3, [r7, #12]
 203 005c 013B     		sub	r3, r3, #1
 204 005e FB60     		str	r3, [r7, #12]
 205              	.L5:
 163:.\Generated_Source\PSoC4/cyfitter_cfg.c **** 	for (imoTrimIndex = ((int32)IMO_TRIM_FREQ_TABLE_ENTRIES)-1;
 206              		.loc 1 163 0 discriminator 1
 207 0060 FB68     		ldr	r3, [r7, #12]
 208 0062 002B     		cmp	r3, #0
 209 0064 0ADB     		blt	.L6
 164:.\Generated_Source\PSoC4/cyfitter_cfg.c **** 	     (imoTrimIndex >= 0) && (imoFreq <= imo_trim_table->entries[imoTrimIndex].freq);
 210              		.loc 1 164 0
 211 0066 0F4B     		ldr	r3, .L8+12
 212 0068 1968     		ldr	r1, [r3]
 213 006a FA68     		ldr	r2, [r7, #12]
 214 006c 131C     		mov	r3, r2
 215 006e 5B00     		lsl	r3, r3, #1
 216 0070 9B18     		add	r3, r3, r2
 217 0072 5B5C     		ldrb	r3, [r3, r1]
 218 0074 FA1D     		add	r2, r7, #7
 219 0076 1278     		ldrb	r2, [r2]
 220 0078 9A42     		cmp	r2, r3
 221 007a D6D9     		bls	.L7
 222              	.L6:
 169:.\Generated_Source\PSoC4/cyfitter_cfg.c **** 	}
 170:.\Generated_Source\PSoC4/cyfitter_cfg.c **** 
 171:.\Generated_Source\PSoC4/cyfitter_cfg.c **** 	CY_SET_REG32((void *)CYREG_PWR_BG_TRIM4, setAbs);
 223              		.loc 1 171 0
 224 007c 0A4B     		ldr	r3, .L8+16
 225 007e 3A1C     		mov	r2, r7
ARM GAS  C:\Users\Sam\AppData\Local\Temp\ccAM4WPy.s 			page 8


 226 0080 0B32     		add	r2, r2, #11
 227 0082 1278     		ldrb	r2, [r2]
 228 0084 1A60     		str	r2, [r3]
 172:.\Generated_Source\PSoC4/cyfitter_cfg.c **** 	CY_SET_REG32((void *)CYREG_PWR_BG_TRIM5, setTmpCo);
 229              		.loc 1 172 0
 230 0086 094B     		ldr	r3, .L8+20
 231 0088 3A1C     		mov	r2, r7
 232 008a 0A32     		add	r2, r2, #10
 233 008c 1278     		ldrb	r2, [r2]
 234 008e 1A60     		str	r2, [r3]
 173:.\Generated_Source\PSoC4/cyfitter_cfg.c **** }
 235              		.loc 1 173 0
 236 0090 BD46     		mov	sp, r7
 237 0092 04B0     		add	sp, sp, #16
 238              		@ sp needed for prologue
 239 0094 80BD     		pop	{r7, pc}
 240              	.L9:
 241 0096 C046     		.align	2
 242              	.L8:
 243 0098 CCF1FF0F 		.word	268431820
 244 009c CDF1FF0F 		.word	268431821
 245 00a0 0C000000 		.word	IMO_TRIM_FREQ_TABLE_ENTRIES.4621
 246 00a4 00000000 		.word	imo_trim_table.4620
 247 00a8 1CFF0B40 		.word	1074528028
 248 00ac 20FF0B40 		.word	1074528032
 249              		.cfi_endproc
 250              	.LFE3:
 251              		.size	SetIMOBGTrims, .-SetIMOBGTrims
 252              		.align	2
 253              		.code	16
 254              		.thumb_func
 255              		.type	ClockSetup, %function
 256              	ClockSetup:
 257              	.LFB4:
 174:.\Generated_Source\PSoC4/cyfitter_cfg.c **** 
 175:.\Generated_Source\PSoC4/cyfitter_cfg.c **** 
 176:.\Generated_Source\PSoC4/cyfitter_cfg.c **** 
 177:.\Generated_Source\PSoC4/cyfitter_cfg.c **** /*******************************************************************************
 178:.\Generated_Source\PSoC4/cyfitter_cfg.c **** * Function Name: ClockSetup
 179:.\Generated_Source\PSoC4/cyfitter_cfg.c **** ********************************************************************************
 180:.\Generated_Source\PSoC4/cyfitter_cfg.c **** *
 181:.\Generated_Source\PSoC4/cyfitter_cfg.c **** * Summary:
 182:.\Generated_Source\PSoC4/cyfitter_cfg.c **** *   Performs the initialization of all of the clocks in the device based on the
 183:.\Generated_Source\PSoC4/cyfitter_cfg.c **** *   settings in the Clock tab of the DWR.  This includes enabling the requested
 184:.\Generated_Source\PSoC4/cyfitter_cfg.c **** *   clocks and setting the necessary dividers to produce the desired frequency. 
 185:.\Generated_Source\PSoC4/cyfitter_cfg.c **** *
 186:.\Generated_Source\PSoC4/cyfitter_cfg.c **** * Parameters:
 187:.\Generated_Source\PSoC4/cyfitter_cfg.c **** *   void
 188:.\Generated_Source\PSoC4/cyfitter_cfg.c **** *
 189:.\Generated_Source\PSoC4/cyfitter_cfg.c **** * Return:
 190:.\Generated_Source\PSoC4/cyfitter_cfg.c **** *   void
 191:.\Generated_Source\PSoC4/cyfitter_cfg.c **** *
 192:.\Generated_Source\PSoC4/cyfitter_cfg.c **** *******************************************************************************/
 193:.\Generated_Source\PSoC4/cyfitter_cfg.c **** static void ClockSetup(void);
 194:.\Generated_Source\PSoC4/cyfitter_cfg.c **** CY_CFG_SECTION
 195:.\Generated_Source\PSoC4/cyfitter_cfg.c **** static void ClockSetup(void)
 196:.\Generated_Source\PSoC4/cyfitter_cfg.c **** {
ARM GAS  C:\Users\Sam\AppData\Local\Temp\ccAM4WPy.s 			page 9


 258              		.loc 1 196 0
 259              		.cfi_startproc
 260 00b0 80B5     		push	{r7, lr}
 261              	.LCFI12:
 262              		.cfi_def_cfa_offset 8
 263              		.cfi_offset 7, -8
 264              		.cfi_offset 14, -4
 265 00b2 00AF     		add	r7, sp, #0
 266              	.LCFI13:
 267              		.cfi_def_cfa_register 7
 197:.\Generated_Source\PSoC4/cyfitter_cfg.c **** 	/* Enable HALF_EN before trimming for the flash accelerator. */
 198:.\Generated_Source\PSoC4/cyfitter_cfg.c **** 	CY_SET_REG32((void CYXDATA *)(CYREG_CLK_SELECT), (CY_GET_REG32((void *)CYREG_CLK_SELECT) | 0x00040
 268              		.loc 1 198 0
 269 00b4 164B     		ldr	r3, .L11
 270 00b6 164A     		ldr	r2, .L11
 271 00b8 1268     		ldr	r2, [r2]
 272 00ba 8021     		mov	r1, #128
 273 00bc C902     		lsl	r1, r1, #11
 274 00be 0A43     		orr	r2, r1
 275 00c0 1A60     		str	r2, [r3]
 199:.\Generated_Source\PSoC4/cyfitter_cfg.c **** 
 200:.\Generated_Source\PSoC4/cyfitter_cfg.c **** 	/* Trim IMO BG based on desired frequency. */
 201:.\Generated_Source\PSoC4/cyfitter_cfg.c **** 	SetIMOBGTrims(24u);
 276              		.loc 1 201 0
 277 00c2 1820     		mov	r0, #24
 278 00c4 FFF79CFF 		bl	SetIMOBGTrims
 202:.\Generated_Source\PSoC4/cyfitter_cfg.c **** 
 203:.\Generated_Source\PSoC4/cyfitter_cfg.c **** 	/* Going less than or equal to 24MHz, so update the clock speed then adjust trim value. */
 204:.\Generated_Source\PSoC4/cyfitter_cfg.c **** 	CY_SET_REG32((void CYXDATA *)(CYREG_CLK_IMO_TRIM2), (25u));
 279              		.loc 1 204 0
 280 00c8 124B     		ldr	r3, .L11+4
 281 00ca 1922     		mov	r2, #25
 282 00cc 1A60     		str	r2, [r3]
 205:.\Generated_Source\PSoC4/cyfitter_cfg.c **** 	CyDelayCycles(5u);
 283              		.loc 1 205 0
 284 00ce 0520     		mov	r0, #5
 285 00d0 FFF7FEFF 		bl	CyDelayCycles
 206:.\Generated_Source\PSoC4/cyfitter_cfg.c **** 	CY_SET_REG32((void CYXDATA *)(CYREG_CLK_IMO_TRIM1), (CY_GET_REG8((void *)CYREG_SFLASH_IMO_TRIM21))
 286              		.loc 1 206 0
 287 00d4 104B     		ldr	r3, .L11+8
 288 00d6 114A     		ldr	r2, .L11+12
 289 00d8 1278     		ldrb	r2, [r2]
 290 00da D2B2     		uxtb	r2, r2
 291 00dc 1A60     		str	r2, [r3]
 207:.\Generated_Source\PSoC4/cyfitter_cfg.c **** 	CyDelayUs(5u);
 292              		.loc 1 207 0
 293 00de 0520     		mov	r0, #5
 294 00e0 FFF7FEFF 		bl	CyDelayUs
 208:.\Generated_Source\PSoC4/cyfitter_cfg.c **** 
 209:.\Generated_Source\PSoC4/cyfitter_cfg.c **** 	/* Disable HALF_EN since it is not required at this IMO frequency. */
 210:.\Generated_Source\PSoC4/cyfitter_cfg.c **** 	CY_SET_REG32((void CYXDATA *)(CYREG_CLK_SELECT), (CY_GET_REG32((void *)CYREG_CLK_SELECT) & 0xFFFBF
 295              		.loc 1 210 0
 296 00e4 0A4B     		ldr	r3, .L11
 297 00e6 0A4A     		ldr	r2, .L11
 298 00e8 1168     		ldr	r1, [r2]
 299 00ea 0D4A     		ldr	r2, .L11+16
 300 00ec 0A40     		and	r2, r1
ARM GAS  C:\Users\Sam\AppData\Local\Temp\ccAM4WPy.s 			page 10


 301 00ee 1A60     		str	r2, [r3]
 211:.\Generated_Source\PSoC4/cyfitter_cfg.c **** 
 212:.\Generated_Source\PSoC4/cyfitter_cfg.c **** 	/* CYDEV_CLK_SELECT00 Starting address: CYDEV_CLK_SELECT00 */
 213:.\Generated_Source\PSoC4/cyfitter_cfg.c **** 	CY_SET_XTND_REG32((void CYFAR *)(CYREG_CLK_SELECT02), 0x00000010u);
 302              		.loc 1 213 0
 303 00f0 0C4B     		ldr	r3, .L11+20
 304 00f2 1022     		mov	r2, #16
 305 00f4 1A60     		str	r2, [r3]
 214:.\Generated_Source\PSoC4/cyfitter_cfg.c **** 
 215:.\Generated_Source\PSoC4/cyfitter_cfg.c **** 	/* CYDEV_CLK_IMO_CONFIG Starting address: CYDEV_CLK_IMO_CONFIG */
 216:.\Generated_Source\PSoC4/cyfitter_cfg.c **** 	CY_SET_XTND_REG32((void CYFAR *)(CYREG_CLK_IMO_CONFIG), 0x80000000u);
 306              		.loc 1 216 0
 307 00f6 0C4B     		ldr	r3, .L11+24
 308 00f8 8022     		mov	r2, #128
 309 00fa 1206     		lsl	r2, r2, #24
 310 00fc 1A60     		str	r2, [r3]
 217:.\Generated_Source\PSoC4/cyfitter_cfg.c **** 
 218:.\Generated_Source\PSoC4/cyfitter_cfg.c **** 	/* CYDEV_CLK_ILO_CONFIG Starting address: CYDEV_CLK_ILO_CONFIG */
 219:.\Generated_Source\PSoC4/cyfitter_cfg.c **** 	CY_SET_XTND_REG32((void CYFAR *)(CYREG_CLK_ILO_CONFIG), 0x80000000u);
 311              		.loc 1 219 0
 312 00fe 0B4B     		ldr	r3, .L11+28
 313 0100 8022     		mov	r2, #128
 314 0102 1206     		lsl	r2, r2, #24
 315 0104 1A60     		str	r2, [r3]
 220:.\Generated_Source\PSoC4/cyfitter_cfg.c **** 
 221:.\Generated_Source\PSoC4/cyfitter_cfg.c **** 	/* CYDEV_CLK_DIVIDER_A00 Starting address: CYDEV_CLK_DIVIDER_A00 */
 222:.\Generated_Source\PSoC4/cyfitter_cfg.c **** 	CY_SET_XTND_REG32((void CYFAR *)(CYREG_CLK_DIVIDER_A00), 0x800000CFu);
 316              		.loc 1 222 0
 317 0106 0A4B     		ldr	r3, .L11+32
 318 0108 0A4A     		ldr	r2, .L11+36
 319 010a 1A60     		str	r2, [r3]
 223:.\Generated_Source\PSoC4/cyfitter_cfg.c **** 
 224:.\Generated_Source\PSoC4/cyfitter_cfg.c **** }
 320              		.loc 1 224 0
 321 010c BD46     		mov	sp, r7
 322              		@ sp needed for prologue
 323 010e 80BD     		pop	{r7, pc}
 324              	.L12:
 325              		.align	2
 326              	.L11:
 327 0110 00010B40 		.word	1074462976
 328 0114 2CFF0B40 		.word	1074528044
 329 0118 28FF0B40 		.word	1074528040
 330 011c E5F1FF0F 		.word	268431845
 331 0120 FFFFFBFF 		.word	-262145
 332 0124 08020240 		.word	1073873416
 333 0128 08010B40 		.word	1074462984
 334 012c 04010B40 		.word	1074462980
 335 0130 00000240 		.word	1073872896
 336 0134 CF000080 		.word	-2147483441
 337              		.cfi_endproc
 338              	.LFE4:
 339              		.size	ClockSetup, .-ClockSetup
 340              		.section	.text.AnalogSetDefault,"ax",%progbits
 341              		.align	2
 342              		.code	16
 343              		.thumb_func
ARM GAS  C:\Users\Sam\AppData\Local\Temp\ccAM4WPy.s 			page 11


 344              		.type	AnalogSetDefault, %function
 345              	AnalogSetDefault:
 346              	.LFB5:
 225:.\Generated_Source\PSoC4/cyfitter_cfg.c **** 
 226:.\Generated_Source\PSoC4/cyfitter_cfg.c **** 
 227:.\Generated_Source\PSoC4/cyfitter_cfg.c **** /* Analog API Functions */
 228:.\Generated_Source\PSoC4/cyfitter_cfg.c **** 
 229:.\Generated_Source\PSoC4/cyfitter_cfg.c **** 
 230:.\Generated_Source\PSoC4/cyfitter_cfg.c **** /*******************************************************************************
 231:.\Generated_Source\PSoC4/cyfitter_cfg.c **** * Function Name: AnalogSetDefault
 232:.\Generated_Source\PSoC4/cyfitter_cfg.c **** ********************************************************************************
 233:.\Generated_Source\PSoC4/cyfitter_cfg.c **** *
 234:.\Generated_Source\PSoC4/cyfitter_cfg.c **** * Summary:
 235:.\Generated_Source\PSoC4/cyfitter_cfg.c **** *  Sets up the analog portions of the chip to default values based on chip
 236:.\Generated_Source\PSoC4/cyfitter_cfg.c **** *  configuration options from the project.
 237:.\Generated_Source\PSoC4/cyfitter_cfg.c **** *
 238:.\Generated_Source\PSoC4/cyfitter_cfg.c **** * Parameters:
 239:.\Generated_Source\PSoC4/cyfitter_cfg.c **** *  void
 240:.\Generated_Source\PSoC4/cyfitter_cfg.c **** *
 241:.\Generated_Source\PSoC4/cyfitter_cfg.c **** * Return:
 242:.\Generated_Source\PSoC4/cyfitter_cfg.c **** *  void
 243:.\Generated_Source\PSoC4/cyfitter_cfg.c **** *
 244:.\Generated_Source\PSoC4/cyfitter_cfg.c **** *******************************************************************************/
 245:.\Generated_Source\PSoC4/cyfitter_cfg.c **** static void AnalogSetDefault(void);
 246:.\Generated_Source\PSoC4/cyfitter_cfg.c **** static void AnalogSetDefault(void)
 247:.\Generated_Source\PSoC4/cyfitter_cfg.c **** {
 347              		.loc 1 247 0
 348              		.cfi_startproc
 349 0000 80B5     		push	{r7, lr}
 350              	.LCFI14:
 351              		.cfi_def_cfa_offset 8
 352              		.cfi_offset 7, -8
 353              		.cfi_offset 14, -4
 354 0002 00AF     		add	r7, sp, #0
 355              	.LCFI15:
 356              		.cfi_def_cfa_register 7
 248:.\Generated_Source\PSoC4/cyfitter_cfg.c **** }
 357              		.loc 1 248 0
 358 0004 BD46     		mov	sp, r7
 359              		@ sp needed for prologue
 360 0006 80BD     		pop	{r7, pc}
 361              		.cfi_endproc
 362              	.LFE5:
 363              		.size	AnalogSetDefault, .-AnalogSetDefault
 364              		.section	.psocinit
 365              		.align	2
 366              		.global	cyfitter_cfg
 367              		.code	16
 368              		.thumb_func
 369              		.type	cyfitter_cfg, %function
 370              	cyfitter_cfg:
 371              	.LFB6:
 249:.\Generated_Source\PSoC4/cyfitter_cfg.c **** 
 250:.\Generated_Source\PSoC4/cyfitter_cfg.c **** #define CY_AMUX_UNUSED CYREG_CM0_ROM_DWT
 251:.\Generated_Source\PSoC4/cyfitter_cfg.c **** 
 252:.\Generated_Source\PSoC4/cyfitter_cfg.c **** 
 253:.\Generated_Source\PSoC4/cyfitter_cfg.c **** /*******************************************************************************
ARM GAS  C:\Users\Sam\AppData\Local\Temp\ccAM4WPy.s 			page 12


 254:.\Generated_Source\PSoC4/cyfitter_cfg.c **** * Function Name: cyfitter_cfg
 255:.\Generated_Source\PSoC4/cyfitter_cfg.c **** ********************************************************************************
 256:.\Generated_Source\PSoC4/cyfitter_cfg.c **** * Summary:
 257:.\Generated_Source\PSoC4/cyfitter_cfg.c **** *  This function is called by the start-up code for the selected device. It
 258:.\Generated_Source\PSoC4/cyfitter_cfg.c **** *  performs all of the necessary device configuration based on the design
 259:.\Generated_Source\PSoC4/cyfitter_cfg.c **** *  settings.  This includes settings from the Design Wide Resources (DWR) such
 260:.\Generated_Source\PSoC4/cyfitter_cfg.c **** *  as Clocks and Pins as well as any component configuration that is necessary.
 261:.\Generated_Source\PSoC4/cyfitter_cfg.c **** *
 262:.\Generated_Source\PSoC4/cyfitter_cfg.c **** * Parameters:  
 263:.\Generated_Source\PSoC4/cyfitter_cfg.c **** *   void
 264:.\Generated_Source\PSoC4/cyfitter_cfg.c **** *
 265:.\Generated_Source\PSoC4/cyfitter_cfg.c **** * Return:
 266:.\Generated_Source\PSoC4/cyfitter_cfg.c **** *   void
 267:.\Generated_Source\PSoC4/cyfitter_cfg.c **** *
 268:.\Generated_Source\PSoC4/cyfitter_cfg.c **** *******************************************************************************/
 269:.\Generated_Source\PSoC4/cyfitter_cfg.c **** CY_CFG_SECTION
 270:.\Generated_Source\PSoC4/cyfitter_cfg.c **** void cyfitter_cfg(void)
 271:.\Generated_Source\PSoC4/cyfitter_cfg.c **** {
 372              		.loc 1 271 0
 373              		.cfi_startproc
 374 0138 80B5     		push	{r7, lr}
 375              	.LCFI16:
 376              		.cfi_def_cfa_offset 8
 377              		.cfi_offset 7, -8
 378              		.cfi_offset 14, -4
 379 013a 82B0     		sub	sp, sp, #8
 380              	.LCFI17:
 381              		.cfi_def_cfa_offset 16
 382 013c 00AF     		add	r7, sp, #0
 383              	.LCFI18:
 384              		.cfi_def_cfa_register 7
 272:.\Generated_Source\PSoC4/cyfitter_cfg.c **** 	/* Disable interrupts by default. Let user enable if/when they want. */
 273:.\Generated_Source\PSoC4/cyfitter_cfg.c **** 	CyGlobalIntDisable;
 385              		.loc 1 273 0
 386              	@ 273 ".\Generated_Source\PSoC4\cyfitter_cfg.c" 1
 387 013e 72B6     		CPSID   i
 388              	@ 0 "" 2
 389              		.code	16
 390              	.LBB2:
 274:.\Generated_Source\PSoC4/cyfitter_cfg.c **** 
 275:.\Generated_Source\PSoC4/cyfitter_cfg.c **** 	{
 276:.\Generated_Source\PSoC4/cyfitter_cfg.c **** 
 277:.\Generated_Source\PSoC4/cyfitter_cfg.c **** 		CYPACKED typedef struct {
 278:.\Generated_Source\PSoC4/cyfitter_cfg.c **** 			void CYFAR *address;
 279:.\Generated_Source\PSoC4/cyfitter_cfg.c **** 			uint16 size;
 280:.\Generated_Source\PSoC4/cyfitter_cfg.c **** 		} CYPACKED_ATTR cfg_memset_t;
 281:.\Generated_Source\PSoC4/cyfitter_cfg.c **** 
 282:.\Generated_Source\PSoC4/cyfitter_cfg.c **** 		static const cfg_memset_t CYCODE cfg_memset_list [] = {
 283:.\Generated_Source\PSoC4/cyfitter_cfg.c **** 			/* address, size */
 284:.\Generated_Source\PSoC4/cyfitter_cfg.c **** 			{(void CYFAR *)(CYDEV_UDB_P0_U0_BASE), 1024u},
 285:.\Generated_Source\PSoC4/cyfitter_cfg.c **** 			{(void CYFAR *)(CYDEV_UDB_DSI0_BASE), 1024u},
 286:.\Generated_Source\PSoC4/cyfitter_cfg.c **** 		};
 287:.\Generated_Source\PSoC4/cyfitter_cfg.c **** 
 288:.\Generated_Source\PSoC4/cyfitter_cfg.c **** 		uint8 CYDATA i;
 289:.\Generated_Source\PSoC4/cyfitter_cfg.c **** 
 290:.\Generated_Source\PSoC4/cyfitter_cfg.c **** 		/* Zero out critical memory blocks before beginning configuration */
 291:.\Generated_Source\PSoC4/cyfitter_cfg.c **** 		for (i = 0u; i < (sizeof(cfg_memset_list)/sizeof(cfg_memset_list[0])); i++)
ARM GAS  C:\Users\Sam\AppData\Local\Temp\ccAM4WPy.s 			page 13


 391              		.loc 1 291 0
 392 0140 FB1D     		add	r3, r7, #7
 393 0142 0022     		mov	r2, #0
 394 0144 1A70     		strb	r2, [r3]
 395 0146 23E0     		b	.L15
 396              	.L16:
 397              	.LBB3:
 292:.\Generated_Source\PSoC4/cyfitter_cfg.c **** 		{
 293:.\Generated_Source\PSoC4/cyfitter_cfg.c **** 			const cfg_memset_t CYCODE * CYDATA ms = &cfg_memset_list[i];
 398              		.loc 1 293 0 discriminator 2
 399 0148 FB1D     		add	r3, r7, #7
 400 014a 1A78     		ldrb	r2, [r3]
 401 014c 131C     		mov	r3, r2
 402 014e 5B00     		lsl	r3, r3, #1
 403 0150 9B18     		add	r3, r3, r2
 404 0152 5B00     		lsl	r3, r3, #1
 405 0154 2C4A     		ldr	r2, .L17
 406 0156 9B18     		add	r3, r3, r2
 407 0158 3B60     		str	r3, [r7]
 294:.\Generated_Source\PSoC4/cyfitter_cfg.c **** 			CYMEMZERO(ms->address, (uint32)(ms->size));
 408              		.loc 1 294 0 discriminator 2
 409 015a 3B68     		ldr	r3, [r7]
 410 015c 1A78     		ldrb	r2, [r3]
 411 015e 5978     		ldrb	r1, [r3, #1]
 412 0160 0902     		lsl	r1, r1, #8
 413 0162 0A43     		orr	r2, r1
 414 0164 9978     		ldrb	r1, [r3, #2]
 415 0166 0904     		lsl	r1, r1, #16
 416 0168 0A43     		orr	r2, r1
 417 016a DB78     		ldrb	r3, [r3, #3]
 418 016c 1B06     		lsl	r3, r3, #24
 419 016e 1343     		orr	r3, r2
 420 0170 1A1C     		mov	r2, r3
 421 0172 3B68     		ldr	r3, [r7]
 422 0174 1979     		ldrb	r1, [r3, #4]
 423 0176 5B79     		ldrb	r3, [r3, #5]
 424 0178 1B02     		lsl	r3, r3, #8
 425 017a 0B43     		orr	r3, r1
 426 017c 9BB2     		uxth	r3, r3
 427 017e 101C     		mov	r0, r2
 428 0180 191C     		mov	r1, r3
 429 0182 FFF7FEFF 		bl	CYMEMZERO
 430              	.LBE3:
 291:.\Generated_Source\PSoC4/cyfitter_cfg.c **** 		for (i = 0u; i < (sizeof(cfg_memset_list)/sizeof(cfg_memset_list[0])); i++)
 431              		.loc 1 291 0 discriminator 2
 432 0186 FB1D     		add	r3, r7, #7
 433 0188 FA1D     		add	r2, r7, #7
 434 018a 1278     		ldrb	r2, [r2]
 435 018c 0132     		add	r2, r2, #1
 436 018e 1A70     		strb	r2, [r3]
 437              	.L15:
 291:.\Generated_Source\PSoC4/cyfitter_cfg.c **** 		for (i = 0u; i < (sizeof(cfg_memset_list)/sizeof(cfg_memset_list[0])); i++)
 438              		.loc 1 291 0 is_stmt 0 discriminator 1
 439 0190 FB1D     		add	r3, r7, #7
 440 0192 1B78     		ldrb	r3, [r3]
 441 0194 012B     		cmp	r3, #1
 442 0196 D7D9     		bls	.L16
ARM GAS  C:\Users\Sam\AppData\Local\Temp\ccAM4WPy.s 			page 14


 295:.\Generated_Source\PSoC4/cyfitter_cfg.c **** 		}
 296:.\Generated_Source\PSoC4/cyfitter_cfg.c **** 
 297:.\Generated_Source\PSoC4/cyfitter_cfg.c **** 		/* HSIOM Starting address: CYDEV_HSIOM_BASE */
 298:.\Generated_Source\PSoC4/cyfitter_cfg.c **** 		CY_SET_XTND_REG32((void CYFAR *)(CYREG_HSIOM_PORT_SEL3), 0x0000EE00u);
 443              		.loc 1 298 0 is_stmt 1
 444 0198 1C4B     		ldr	r3, .L17+4
 445 019a EE22     		mov	r2, #238
 446 019c 1202     		lsl	r2, r2, #8
 447 019e 1A60     		str	r2, [r3]
 299:.\Generated_Source\PSoC4/cyfitter_cfg.c **** 		CY_SET_XTND_REG32((void CYFAR *)(CYREG_HSIOM_PORT_SEL4), 0x00000099u);
 448              		.loc 1 299 0
 449 01a0 1B4B     		ldr	r3, .L17+8
 450 01a2 9922     		mov	r2, #153
 451 01a4 1A60     		str	r2, [r3]
 300:.\Generated_Source\PSoC4/cyfitter_cfg.c **** 
 301:.\Generated_Source\PSoC4/cyfitter_cfg.c **** 		/* IOPINS0_0 Starting address: CYDEV_PRT0_DR */
 302:.\Generated_Source\PSoC4/cyfitter_cfg.c **** 		CY_SET_XTND_REG32((void CYFAR *)(CYREG_PRT0_PC), 0x00000D80u);
 452              		.loc 1 302 0
 453 01a6 1B4B     		ldr	r3, .L17+12
 454 01a8 D822     		mov	r2, #216
 455 01aa 1201     		lsl	r2, r2, #4
 456 01ac 1A60     		str	r2, [r3]
 303:.\Generated_Source\PSoC4/cyfitter_cfg.c **** 
 304:.\Generated_Source\PSoC4/cyfitter_cfg.c **** 		/* IOPINS0_3 Starting address: CYDEV_PRT3_DR */
 305:.\Generated_Source\PSoC4/cyfitter_cfg.c **** 		CY_SET_XTND_REG32((void CYFAR *)(CYREG_PRT3_PC), 0x00000D80u);
 457              		.loc 1 305 0
 458 01ae 1A4B     		ldr	r3, .L17+16
 459 01b0 D822     		mov	r2, #216
 460 01b2 1201     		lsl	r2, r2, #4
 461 01b4 1A60     		str	r2, [r3]
 306:.\Generated_Source\PSoC4/cyfitter_cfg.c **** 
 307:.\Generated_Source\PSoC4/cyfitter_cfg.c **** 		/* IOPINS0_4 Starting address: CYDEV_PRT4_DR */
 308:.\Generated_Source\PSoC4/cyfitter_cfg.c **** 		CY_SET_XTND_REG32((void CYFAR *)(CYREG_PRT4_DR), 0x00000002u);
 462              		.loc 1 308 0
 463 01b6 194B     		ldr	r3, .L17+20
 464 01b8 0222     		mov	r2, #2
 465 01ba 1A60     		str	r2, [r3]
 309:.\Generated_Source\PSoC4/cyfitter_cfg.c **** 		CY_SET_XTND_REG32((void CYFAR *)(CYREG_PRT4_PC), 0x00000031u);
 466              		.loc 1 309 0
 467 01bc 184B     		ldr	r3, .L17+24
 468 01be 3122     		mov	r2, #49
 469 01c0 1A60     		str	r2, [r3]
 310:.\Generated_Source\PSoC4/cyfitter_cfg.c **** 		CY_SET_XTND_REG32((void CYFAR *)(CYREG_PRT4_PC2), 0x00000002u);
 470              		.loc 1 310 0
 471 01c2 184B     		ldr	r3, .L17+28
 472 01c4 0222     		mov	r2, #2
 473 01c6 1A60     		str	r2, [r3]
 311:.\Generated_Source\PSoC4/cyfitter_cfg.c **** 
 312:.\Generated_Source\PSoC4/cyfitter_cfg.c **** 		/* UDB_PA_0 Starting address: CYDEV_UDB_PA0_BASE */
 313:.\Generated_Source\PSoC4/cyfitter_cfg.c **** 		CY_SET_XTND_REG32((void CYFAR *)(CYDEV_UDB_PA0_BASE), 0x00990000u);
 474              		.loc 1 313 0
 475 01c8 174B     		ldr	r3, .L17+32
 476 01ca 9922     		mov	r2, #153
 477 01cc 1204     		lsl	r2, r2, #16
 478 01ce 1A60     		str	r2, [r3]
 314:.\Generated_Source\PSoC4/cyfitter_cfg.c **** 
 315:.\Generated_Source\PSoC4/cyfitter_cfg.c **** 		/* UDB_PA_3 Starting address: CYDEV_UDB_PA3_BASE */
ARM GAS  C:\Users\Sam\AppData\Local\Temp\ccAM4WPy.s 			page 15


 316:.\Generated_Source\PSoC4/cyfitter_cfg.c **** 		CY_SET_XTND_REG32((void CYFAR *)(CYDEV_UDB_PA3_BASE), 0x00990000u);
 479              		.loc 1 316 0
 480 01d0 164B     		ldr	r3, .L17+36
 481 01d2 9922     		mov	r2, #153
 482 01d4 1204     		lsl	r2, r2, #16
 483 01d6 1A60     		str	r2, [r3]
 317:.\Generated_Source\PSoC4/cyfitter_cfg.c **** 
 318:.\Generated_Source\PSoC4/cyfitter_cfg.c **** 		/* Enable digital routing */
 319:.\Generated_Source\PSoC4/cyfitter_cfg.c **** 		CY_SET_XTND_REG8((void *)CYREG_UDB_UDBIF_BANK_CTL, CY_GET_XTND_REG8((void *)CYREG_UDB_UDBIF_BANK_
 484              		.loc 1 319 0
 485 01d8 154B     		ldr	r3, .L17+40
 486 01da 154A     		ldr	r2, .L17+40
 487 01dc 1278     		ldrb	r2, [r2]
 488 01de D2B2     		uxtb	r2, r2
 489 01e0 0221     		mov	r1, #2
 490 01e2 0A43     		orr	r2, r1
 491 01e4 D2B2     		uxtb	r2, r2
 492 01e6 1A70     		strb	r2, [r3]
 320:.\Generated_Source\PSoC4/cyfitter_cfg.c **** 
 321:.\Generated_Source\PSoC4/cyfitter_cfg.c **** 		/* Enable UDB array */
 322:.\Generated_Source\PSoC4/cyfitter_cfg.c **** 		CY_SET_XTND_REG8((void *)CYREG_UDB_UDBIF_BANK_CTL, CY_GET_XTND_REG8((void *)CYREG_UDB_UDBIF_BANK_
 493              		.loc 1 322 0
 494 01e8 114B     		ldr	r3, .L17+40
 495 01ea 114A     		ldr	r2, .L17+40
 496 01ec 1278     		ldrb	r2, [r2]
 497 01ee D2B2     		uxtb	r2, r2
 498 01f0 0621     		mov	r1, #6
 499 01f2 0A43     		orr	r2, r1
 500 01f4 D2B2     		uxtb	r2, r2
 501 01f6 1A70     		strb	r2, [r3]
 502              	.LBE2:
 323:.\Generated_Source\PSoC4/cyfitter_cfg.c **** 	}
 324:.\Generated_Source\PSoC4/cyfitter_cfg.c **** 
 325:.\Generated_Source\PSoC4/cyfitter_cfg.c **** 	/* Setup clocks based on selections from Clock DWR */
 326:.\Generated_Source\PSoC4/cyfitter_cfg.c **** 	ClockSetup();
 503              		.loc 1 326 0
 504 01f8 FFF75AFF 		bl	ClockSetup
 327:.\Generated_Source\PSoC4/cyfitter_cfg.c **** 
 328:.\Generated_Source\PSoC4/cyfitter_cfg.c **** 	/* Perform basic analog initialization to defaults */
 329:.\Generated_Source\PSoC4/cyfitter_cfg.c **** 	AnalogSetDefault();
 505              		.loc 1 329 0
 506 01fc FFF7FEFF 		bl	AnalogSetDefault
 330:.\Generated_Source\PSoC4/cyfitter_cfg.c **** 
 331:.\Generated_Source\PSoC4/cyfitter_cfg.c **** }
 507              		.loc 1 331 0
 508 0200 BD46     		mov	sp, r7
 509 0202 02B0     		add	sp, sp, #8
 510              		@ sp needed for prologue
 511 0204 80BD     		pop	{r7, pc}
 512              	.L18:
 513 0206 C046     		.align	2
 514              	.L17:
 515 0208 00000000 		.word	cfg_memset_list.4645
 516 020c 0C000140 		.word	1073807372
 517 0210 10000140 		.word	1073807376
 518 0214 08000440 		.word	1074003976
 519 0218 08030440 		.word	1074004744
ARM GAS  C:\Users\Sam\AppData\Local\Temp\ccAM4WPy.s 			page 16


 520 021c 00040440 		.word	1074004992
 521 0220 08040440 		.word	1074005000
 522 0224 18040440 		.word	1074005016
 523 0228 00500F40 		.word	1074745344
 524 022c 30500F40 		.word	1074745392
 525 0230 00700F40 		.word	1074753536
 526              		.cfi_endproc
 527              	.LFE6:
 528              		.size	cyfitter_cfg, .-cyfitter_cfg
 529              		.section	.rodata
 530              		.align	2
 531              		.type	cfg_memset_list.4645, %object
 532              		.size	cfg_memset_list.4645, 12
 533              	cfg_memset_list.4645:
 534 0000 00300F40 		.word	1074737152
 535 0004 0004     		.short	1024
 536 0006 00400F40 		.4byte	1074741248
 537 000a 0004     		.short	1024
 538              		.align	2
 539              		.type	IMO_TRIM_FREQ_TABLE_ENTRIES.4621, %object
 540              		.size	IMO_TRIM_FREQ_TABLE_ENTRIES.4621, 4
 541              	IMO_TRIM_FREQ_TABLE_ENTRIES.4621:
 542 000c 04000000 		.word	4
 543              		.data
 544              		.align	2
 545              		.type	imo_trim_table.4620, %object
 546              		.size	imo_trim_table.4620, 4
 547              	imo_trim_table.4620:
 548 0000 C0F1FF0F 		.word	268431808
 549              		.text
 550              	.Letext0:
 551              		.file 2 "c:\\program files (x86)\\cypress\\psoc creator\\3.0\\psoc creator\\import\\gnu_cs\\arm\\4
 552              		.file 3 "./Generated_Source/PSoC4/cytypes.h"
 553              		.section	.debug_info,"",%progbits
 554              	.Ldebug_info0:
 555 0000 69030000 		.4byte	0x369
 556 0004 0200     		.2byte	0x2
 557 0006 00000000 		.4byte	.Ldebug_abbrev0
 558 000a 04       		.byte	0x4
 559 000b 01       		.uleb128 0x1
 560 000c 5D020000 		.4byte	.LASF43
 561 0010 01       		.byte	0x1
 562 0011 FC010000 		.4byte	.LASF44
 563 0015 98000000 		.4byte	.LASF45
 564 0019 00000000 		.4byte	.Ldebug_ranges0+0
 565 001d 00000000 		.4byte	0
 566 0021 00000000 		.4byte	0
 567 0025 00000000 		.4byte	.Ldebug_line0
 568 0029 02       		.uleb128 0x2
 569 002a 01       		.byte	0x1
 570 002b 06       		.byte	0x6
 571 002c CD020000 		.4byte	.LASF0
 572 0030 02       		.uleb128 0x2
 573 0031 01       		.byte	0x1
 574 0032 08       		.byte	0x8
 575 0033 5E010000 		.4byte	.LASF1
 576 0037 02       		.uleb128 0x2
ARM GAS  C:\Users\Sam\AppData\Local\Temp\ccAM4WPy.s 			page 17


 577 0038 02       		.byte	0x2
 578 0039 05       		.byte	0x5
 579 003a 63000000 		.4byte	.LASF2
 580 003e 02       		.uleb128 0x2
 581 003f 02       		.byte	0x2
 582 0040 07       		.byte	0x7
 583 0041 50000000 		.4byte	.LASF3
 584 0045 03       		.uleb128 0x3
 585 0046 04       		.byte	0x4
 586 0047 05       		.byte	0x5
 587 0048 696E7400 		.ascii	"int\000"
 588 004c 02       		.uleb128 0x2
 589 004d 04       		.byte	0x4
 590 004e 07       		.byte	0x7
 591 004f A5010000 		.4byte	.LASF4
 592 0053 02       		.uleb128 0x2
 593 0054 08       		.byte	0x8
 594 0055 05       		.byte	0x5
 595 0056 36020000 		.4byte	.LASF5
 596 005a 02       		.uleb128 0x2
 597 005b 08       		.byte	0x8
 598 005c 07       		.byte	0x7
 599 005d C7010000 		.4byte	.LASF6
 600 0061 02       		.uleb128 0x2
 601 0062 04       		.byte	0x4
 602 0063 05       		.byte	0x5
 603 0064 B5020000 		.4byte	.LASF7
 604 0068 02       		.uleb128 0x2
 605 0069 04       		.byte	0x4
 606 006a 07       		.byte	0x7
 607 006b 24020000 		.4byte	.LASF8
 608 006f 04       		.uleb128 0x4
 609 0070 04       		.byte	0x4
 610 0071 02       		.uleb128 0x2
 611 0072 04       		.byte	0x4
 612 0073 07       		.byte	0x7
 613 0074 3C010000 		.4byte	.LASF9
 614 0078 02       		.uleb128 0x2
 615 0079 01       		.byte	0x1
 616 007a 08       		.byte	0x8
 617 007b 44020000 		.4byte	.LASF10
 618 007f 05       		.uleb128 0x5
 619 0080 06000000 		.4byte	.LASF11
 620 0084 02       		.byte	0x2
 621 0085 D5       		.byte	0xd5
 622 0086 4C000000 		.4byte	0x4c
 623 008a 05       		.uleb128 0x5
 624 008b 57020000 		.4byte	.LASF12
 625 008f 03       		.byte	0x3
 626 0090 5B       		.byte	0x5b
 627 0091 30000000 		.4byte	0x30
 628 0095 05       		.uleb128 0x5
 629 0096 97010000 		.4byte	.LASF13
 630 009a 03       		.byte	0x3
 631 009b 5C       		.byte	0x5c
 632 009c 3E000000 		.4byte	0x3e
 633 00a0 05       		.uleb128 0x5
ARM GAS  C:\Users\Sam\AppData\Local\Temp\ccAM4WPy.s 			page 18


 634 00a1 9E010000 		.4byte	.LASF14
 635 00a5 03       		.byte	0x3
 636 00a6 5D       		.byte	0x5d
 637 00a7 71000000 		.4byte	0x71
 638 00ab 05       		.uleb128 0x5
 639 00ac 4E010000 		.4byte	.LASF15
 640 00b0 03       		.byte	0x3
 641 00b1 60       		.byte	0x60
 642 00b2 61000000 		.4byte	0x61
 643 00b6 02       		.uleb128 0x2
 644 00b7 04       		.byte	0x4
 645 00b8 04       		.byte	0x4
 646 00b9 7B000000 		.4byte	.LASF16
 647 00bd 02       		.uleb128 0x2
 648 00be 08       		.byte	0x8
 649 00bf 04       		.byte	0x4
 650 00c0 6C010000 		.4byte	.LASF17
 651 00c4 05       		.uleb128 0x5
 652 00c5 37010000 		.4byte	.LASF18
 653 00c9 03       		.byte	0x3
 654 00ca F0       		.byte	0xf0
 655 00cb CF000000 		.4byte	0xcf
 656 00cf 06       		.uleb128 0x6
 657 00d0 8A000000 		.4byte	0x8a
 658 00d4 05       		.uleb128 0x5
 659 00d5 00000000 		.4byte	.LASF19
 660 00d9 03       		.byte	0x3
 661 00da F2       		.byte	0xf2
 662 00db DF000000 		.4byte	0xdf
 663 00df 06       		.uleb128 0x6
 664 00e0 A0000000 		.4byte	0xa0
 665 00e4 07       		.uleb128 0x7
 666 00e5 54010000 		.4byte	.LASF20
 667 00e9 01       		.byte	0x1
 668 00ea 39       		.byte	0x39
 669 00eb 01       		.byte	0x1
 670 00ec 00000000 		.4byte	.LFB0
 671 00f0 1E000000 		.4byte	.LFE0
 672 00f4 00000000 		.4byte	.LLST0
 673 00f8 01       		.byte	0x1
 674 00f9 16010000 		.4byte	0x116
 675 00fd 08       		.uleb128 0x8
 676 00fe 7300     		.ascii	"s\000"
 677 0100 01       		.byte	0x1
 678 0101 39       		.byte	0x39
 679 0102 6F000000 		.4byte	0x6f
 680 0106 02       		.byte	0x2
 681 0107 91       		.byte	0x91
 682 0108 74       		.sleb128 -12
 683 0109 08       		.uleb128 0x8
 684 010a 6E00     		.ascii	"n\000"
 685 010c 01       		.byte	0x1
 686 010d 39       		.byte	0x39
 687 010e 7F000000 		.4byte	0x7f
 688 0112 02       		.byte	0x2
 689 0113 91       		.byte	0x91
 690 0114 70       		.sleb128 -16
ARM GAS  C:\Users\Sam\AppData\Local\Temp\ccAM4WPy.s 			page 19


 691 0115 00       		.byte	0
 692 0116 07       		.uleb128 0x7
 693 0117 E9020000 		.4byte	.LASF21
 694 011b 01       		.byte	0x1
 695 011c 40       		.byte	0x40
 696 011d 01       		.byte	0x1
 697 011e 00000000 		.4byte	.LFB1
 698 0122 22000000 		.4byte	.LFE1
 699 0126 38000000 		.4byte	.LLST1
 700 012a 01       		.byte	0x1
 701 012b 58010000 		.4byte	0x158
 702 012f 09       		.uleb128 0x9
 703 0130 8E000000 		.4byte	.LASF22
 704 0134 01       		.byte	0x1
 705 0135 40       		.byte	0x40
 706 0136 6F000000 		.4byte	0x6f
 707 013a 02       		.byte	0x2
 708 013b 91       		.byte	0x91
 709 013c 74       		.sleb128 -12
 710 013d 08       		.uleb128 0x8
 711 013e 73726300 		.ascii	"src\000"
 712 0142 01       		.byte	0x1
 713 0143 40       		.byte	0x40
 714 0144 58010000 		.4byte	0x158
 715 0148 02       		.byte	0x2
 716 0149 91       		.byte	0x91
 717 014a 70       		.sleb128 -16
 718 014b 08       		.uleb128 0x8
 719 014c 6E00     		.ascii	"n\000"
 720 014e 01       		.byte	0x1
 721 014f 40       		.byte	0x40
 722 0150 7F000000 		.4byte	0x7f
 723 0154 02       		.byte	0x2
 724 0155 91       		.byte	0x91
 725 0156 6C       		.sleb128 -20
 726 0157 00       		.byte	0
 727 0158 0A       		.uleb128 0xa
 728 0159 04       		.byte	0x4
 729 015a 5E010000 		.4byte	0x15e
 730 015e 0B       		.uleb128 0xb
 731 015f 07       		.uleb128 0x7
 732 0160 D9020000 		.4byte	.LASF23
 733 0164 01       		.byte	0x1
 734 0165 47       		.byte	0x47
 735 0166 01       		.byte	0x1
 736 0167 00000000 		.4byte	.LFB2
 737 016b 22000000 		.4byte	.LFE2
 738 016f 70000000 		.4byte	.LLST2
 739 0173 01       		.byte	0x1
 740 0174 A1010000 		.4byte	0x1a1
 741 0178 09       		.uleb128 0x9
 742 0179 8E000000 		.4byte	.LASF22
 743 017d 01       		.byte	0x1
 744 017e 47       		.byte	0x47
 745 017f 6F000000 		.4byte	0x6f
 746 0183 02       		.byte	0x2
 747 0184 91       		.byte	0x91
ARM GAS  C:\Users\Sam\AppData\Local\Temp\ccAM4WPy.s 			page 20


 748 0185 74       		.sleb128 -12
 749 0186 08       		.uleb128 0x8
 750 0187 73726300 		.ascii	"src\000"
 751 018b 01       		.byte	0x1
 752 018c 47       		.byte	0x47
 753 018d 58010000 		.4byte	0x158
 754 0191 02       		.byte	0x2
 755 0192 91       		.byte	0x91
 756 0193 70       		.sleb128 -16
 757 0194 08       		.uleb128 0x8
 758 0195 6E00     		.ascii	"n\000"
 759 0197 01       		.byte	0x1
 760 0198 47       		.byte	0x47
 761 0199 7F000000 		.4byte	0x7f
 762 019d 02       		.byte	0x2
 763 019e 91       		.byte	0x91
 764 019f 6C       		.sleb128 -20
 765 01a0 00       		.byte	0
 766 01a1 0C       		.uleb128 0xc
 767 01a2 6D000000 		.4byte	.LASF24
 768 01a6 01       		.byte	0x1
 769 01a7 8C       		.byte	0x8c
 770 01a8 01       		.byte	0x1
 771 01a9 00000000 		.4byte	.LFB3
 772 01ad B0000000 		.4byte	.LFE3
 773 01b1 A8000000 		.4byte	.LLST3
 774 01b5 01       		.byte	0x1
 775 01b6 90020000 		.4byte	0x290
 776 01ba 09       		.uleb128 0x9
 777 01bb 73010000 		.4byte	.LASF25
 778 01bf 01       		.byte	0x1
 779 01c0 8C       		.byte	0x8c
 780 01c1 8A000000 		.4byte	0x8a
 781 01c5 02       		.byte	0x2
 782 01c6 91       		.byte	0x91
 783 01c7 6F       		.sleb128 -17
 784 01c8 0D       		.uleb128 0xd
 785 01c9 03       		.byte	0x3
 786 01ca 01       		.byte	0x1
 787 01cb 8E       		.byte	0x8e
 788 01cc FB010000 		.4byte	0x1fb
 789 01d0 0E       		.uleb128 0xe
 790 01d1 52020000 		.4byte	.LASF26
 791 01d5 01       		.byte	0x1
 792 01d6 8F       		.byte	0x8f
 793 01d7 8A000000 		.4byte	0x8a
 794 01db 02       		.byte	0x2
 795 01dc 23       		.byte	0x23
 796 01dd 00       		.uleb128 0
 797 01de 0E       		.uleb128 0xe
 798 01df 49020000 		.4byte	.LASF27
 799 01e3 01       		.byte	0x1
 800 01e4 90       		.byte	0x90
 801 01e5 8A000000 		.4byte	0x8a
 802 01e9 02       		.byte	0x2
 803 01ea 23       		.byte	0x23
 804 01eb 01       		.uleb128 0x1
ARM GAS  C:\Users\Sam\AppData\Local\Temp\ccAM4WPy.s 			page 21


 805 01ec 0E       		.uleb128 0xe
 806 01ed 4A000000 		.4byte	.LASF28
 807 01f1 01       		.byte	0x1
 808 01f2 91       		.byte	0x91
 809 01f3 8A000000 		.4byte	0x8a
 810 01f7 02       		.byte	0x2
 811 01f8 23       		.byte	0x23
 812 01f9 02       		.uleb128 0x2
 813 01fa 00       		.byte	0
 814 01fb 05       		.uleb128 0x5
 815 01fc 1E000000 		.4byte	.LASF29
 816 0200 01       		.byte	0x1
 817 0201 92       		.byte	0x92
 818 0202 C8010000 		.4byte	0x1c8
 819 0206 0D       		.uleb128 0xd
 820 0207 0C       		.byte	0xc
 821 0208 01       		.byte	0x1
 822 0209 94       		.byte	0x94
 823 020a 2D020000 		.4byte	0x22d
 824 020e 0F       		.uleb128 0xf
 825 020f FB010000 		.4byte	0x1fb
 826 0213 1E020000 		.4byte	0x21e
 827 0217 10       		.uleb128 0x10
 828 0218 68000000 		.4byte	0x68
 829 021c 03       		.byte	0x3
 830 021d 00       		.byte	0
 831 021e 0E       		.uleb128 0xe
 832 021f BE020000 		.4byte	.LASF30
 833 0223 01       		.byte	0x1
 834 0224 95       		.byte	0x95
 835 0225 0E020000 		.4byte	0x20e
 836 0229 02       		.byte	0x2
 837 022a 23       		.byte	0x23
 838 022b 00       		.uleb128 0
 839 022c 00       		.byte	0
 840 022d 05       		.uleb128 0x5
 841 022e DE010000 		.4byte	.LASF31
 842 0232 01       		.byte	0x1
 843 0233 96       		.byte	0x96
 844 0234 06020000 		.4byte	0x206
 845 0238 11       		.uleb128 0x11
 846 0239 A6020000 		.4byte	.LASF32
 847 023d 01       		.byte	0x1
 848 023e 98       		.byte	0x98
 849 023f 49020000 		.4byte	0x249
 850 0243 05       		.byte	0x5
 851 0244 03       		.byte	0x3
 852 0245 00000000 		.4byte	imo_trim_table.4620
 853 0249 0A       		.uleb128 0xa
 854 024a 04       		.byte	0x4
 855 024b 4F020000 		.4byte	0x24f
 856 024f 12       		.uleb128 0x12
 857 0250 2D020000 		.4byte	0x22d
 858 0254 11       		.uleb128 0x11
 859 0255 7B010000 		.4byte	.LASF33
 860 0259 01       		.byte	0x1
 861 025a 99       		.byte	0x99
ARM GAS  C:\Users\Sam\AppData\Local\Temp\ccAM4WPy.s 			page 22


 862 025b 90020000 		.4byte	0x290
 863 025f 05       		.byte	0x5
 864 0260 03       		.byte	0x3
 865 0261 0C000000 		.4byte	IMO_TRIM_FREQ_TABLE_ENTRIES.4621
 866 0265 11       		.uleb128 0x11
 867 0266 81000000 		.4byte	.LASF34
 868 026a 01       		.byte	0x1
 869 026b 9B       		.byte	0x9b
 870 026c AB000000 		.4byte	0xab
 871 0270 02       		.byte	0x2
 872 0271 91       		.byte	0x91
 873 0272 74       		.sleb128 -12
 874 0273 11       		.uleb128 0x11
 875 0274 C6020000 		.4byte	.LASF35
 876 0278 01       		.byte	0x1
 877 0279 9C       		.byte	0x9c
 878 027a 8A000000 		.4byte	0x8a
 879 027e 02       		.byte	0x2
 880 027f 91       		.byte	0x91
 881 0280 73       		.sleb128 -13
 882 0281 11       		.uleb128 0x11
 883 0282 2D020000 		.4byte	.LASF36
 884 0286 01       		.byte	0x1
 885 0287 9D       		.byte	0x9d
 886 0288 8A000000 		.4byte	0x8a
 887 028c 02       		.byte	0x2
 888 028d 91       		.byte	0x91
 889 028e 72       		.sleb128 -14
 890 028f 00       		.byte	0
 891 0290 12       		.uleb128 0x12
 892 0291 A0000000 		.4byte	0xa0
 893 0295 13       		.uleb128 0x13
 894 0296 3F000000 		.4byte	.LASF37
 895 029a 01       		.byte	0x1
 896 029b C3       		.byte	0xc3
 897 029c 01       		.byte	0x1
 898 029d B0000000 		.4byte	.LFB4
 899 02a1 38010000 		.4byte	.LFE4
 900 02a5 E0000000 		.4byte	.LLST4
 901 02a9 01       		.byte	0x1
 902 02aa 14       		.uleb128 0x14
 903 02ab 0D000000 		.4byte	.LASF38
 904 02af 01       		.byte	0x1
 905 02b0 F6       		.byte	0xf6
 906 02b1 01       		.byte	0x1
 907 02b2 00000000 		.4byte	.LFB5
 908 02b6 08000000 		.4byte	.LFE5
 909 02ba 0C010000 		.4byte	.LLST5
 910 02be 01       		.byte	0x1
 911 02bf 15       		.uleb128 0x15
 912 02c0 01       		.byte	0x1
 913 02c1 B2010000 		.4byte	.LASF46
 914 02c5 01       		.byte	0x1
 915 02c6 0E01     		.2byte	0x10e
 916 02c8 01       		.byte	0x1
 917 02c9 38010000 		.4byte	.LFB6
 918 02cd 34020000 		.4byte	.LFE6
ARM GAS  C:\Users\Sam\AppData\Local\Temp\ccAM4WPy.s 			page 23


 919 02d1 38010000 		.4byte	.LLST6
 920 02d5 01       		.byte	0x1
 921 02d6 16       		.uleb128 0x16
 922 02d7 40010000 		.4byte	.LBB2
 923 02db F8010000 		.4byte	.LBE2
 924 02df 17       		.uleb128 0x17
 925 02e0 06       		.byte	0x6
 926 02e1 01       		.byte	0x1
 927 02e2 1501     		.2byte	0x115
 928 02e4 07030000 		.4byte	0x307
 929 02e8 18       		.uleb128 0x18
 930 02e9 BF010000 		.4byte	.LASF39
 931 02ed 01       		.byte	0x1
 932 02ee 1601     		.2byte	0x116
 933 02f0 6F000000 		.4byte	0x6f
 934 02f4 02       		.byte	0x2
 935 02f5 23       		.byte	0x23
 936 02f6 00       		.uleb128 0
 937 02f7 18       		.uleb128 0x18
 938 02f8 93000000 		.4byte	.LASF40
 939 02fc 01       		.byte	0x1
 940 02fd 1701     		.2byte	0x117
 941 02ff 95000000 		.4byte	0x95
 942 0303 02       		.byte	0x2
 943 0304 23       		.byte	0x23
 944 0305 04       		.uleb128 0x4
 945 0306 00       		.byte	0
 946 0307 19       		.uleb128 0x19
 947 0308 EF010000 		.4byte	.LASF41
 948 030c 01       		.byte	0x1
 949 030d 1801     		.2byte	0x118
 950 030f DF020000 		.4byte	0x2df
 951 0313 0F       		.uleb128 0xf
 952 0314 07030000 		.4byte	0x307
 953 0318 23030000 		.4byte	0x323
 954 031c 10       		.uleb128 0x10
 955 031d 68000000 		.4byte	0x68
 956 0321 01       		.byte	0x1
 957 0322 00       		.byte	0
 958 0323 1A       		.uleb128 0x1a
 959 0324 2F000000 		.4byte	.LASF42
 960 0328 01       		.byte	0x1
 961 0329 1A01     		.2byte	0x11a
 962 032b 35030000 		.4byte	0x335
 963 032f 05       		.byte	0x5
 964 0330 03       		.byte	0x3
 965 0331 00000000 		.4byte	cfg_memset_list.4645
 966 0335 12       		.uleb128 0x12
 967 0336 13030000 		.4byte	0x313
 968 033a 1B       		.uleb128 0x1b
 969 033b 6900     		.ascii	"i\000"
 970 033d 01       		.byte	0x1
 971 033e 2001     		.2byte	0x120
 972 0340 8A000000 		.4byte	0x8a
 973 0344 02       		.byte	0x2
 974 0345 91       		.byte	0x91
 975 0346 77       		.sleb128 -9
ARM GAS  C:\Users\Sam\AppData\Local\Temp\ccAM4WPy.s 			page 24


 976 0347 16       		.uleb128 0x16
 977 0348 48010000 		.4byte	.LBB3
 978 034c 86010000 		.4byte	.LBE3
 979 0350 1B       		.uleb128 0x1b
 980 0351 6D7300   		.ascii	"ms\000"
 981 0354 01       		.byte	0x1
 982 0355 2501     		.2byte	0x125
 983 0357 5E030000 		.4byte	0x35e
 984 035b 02       		.byte	0x2
 985 035c 91       		.byte	0x91
 986 035d 70       		.sleb128 -16
 987 035e 0A       		.uleb128 0xa
 988 035f 04       		.byte	0x4
 989 0360 64030000 		.4byte	0x364
 990 0364 12       		.uleb128 0x12
 991 0365 07030000 		.4byte	0x307
 992 0369 00       		.byte	0
 993 036a 00       		.byte	0
 994 036b 00       		.byte	0
 995 036c 00       		.byte	0
 996              		.section	.debug_abbrev,"",%progbits
 997              	.Ldebug_abbrev0:
 998 0000 01       		.uleb128 0x1
 999 0001 11       		.uleb128 0x11
 1000 0002 01       		.byte	0x1
 1001 0003 25       		.uleb128 0x25
 1002 0004 0E       		.uleb128 0xe
 1003 0005 13       		.uleb128 0x13
 1004 0006 0B       		.uleb128 0xb
 1005 0007 03       		.uleb128 0x3
 1006 0008 0E       		.uleb128 0xe
 1007 0009 1B       		.uleb128 0x1b
 1008 000a 0E       		.uleb128 0xe
 1009 000b 55       		.uleb128 0x55
 1010 000c 06       		.uleb128 0x6
 1011 000d 11       		.uleb128 0x11
 1012 000e 01       		.uleb128 0x1
 1013 000f 52       		.uleb128 0x52
 1014 0010 01       		.uleb128 0x1
 1015 0011 10       		.uleb128 0x10
 1016 0012 06       		.uleb128 0x6
 1017 0013 00       		.byte	0
 1018 0014 00       		.byte	0
 1019 0015 02       		.uleb128 0x2
 1020 0016 24       		.uleb128 0x24
 1021 0017 00       		.byte	0
 1022 0018 0B       		.uleb128 0xb
 1023 0019 0B       		.uleb128 0xb
 1024 001a 3E       		.uleb128 0x3e
 1025 001b 0B       		.uleb128 0xb
 1026 001c 03       		.uleb128 0x3
 1027 001d 0E       		.uleb128 0xe
 1028 001e 00       		.byte	0
 1029 001f 00       		.byte	0
 1030 0020 03       		.uleb128 0x3
 1031 0021 24       		.uleb128 0x24
 1032 0022 00       		.byte	0
ARM GAS  C:\Users\Sam\AppData\Local\Temp\ccAM4WPy.s 			page 25


 1033 0023 0B       		.uleb128 0xb
 1034 0024 0B       		.uleb128 0xb
 1035 0025 3E       		.uleb128 0x3e
 1036 0026 0B       		.uleb128 0xb
 1037 0027 03       		.uleb128 0x3
 1038 0028 08       		.uleb128 0x8
 1039 0029 00       		.byte	0
 1040 002a 00       		.byte	0
 1041 002b 04       		.uleb128 0x4
 1042 002c 0F       		.uleb128 0xf
 1043 002d 00       		.byte	0
 1044 002e 0B       		.uleb128 0xb
 1045 002f 0B       		.uleb128 0xb
 1046 0030 00       		.byte	0
 1047 0031 00       		.byte	0
 1048 0032 05       		.uleb128 0x5
 1049 0033 16       		.uleb128 0x16
 1050 0034 00       		.byte	0
 1051 0035 03       		.uleb128 0x3
 1052 0036 0E       		.uleb128 0xe
 1053 0037 3A       		.uleb128 0x3a
 1054 0038 0B       		.uleb128 0xb
 1055 0039 3B       		.uleb128 0x3b
 1056 003a 0B       		.uleb128 0xb
 1057 003b 49       		.uleb128 0x49
 1058 003c 13       		.uleb128 0x13
 1059 003d 00       		.byte	0
 1060 003e 00       		.byte	0
 1061 003f 06       		.uleb128 0x6
 1062 0040 35       		.uleb128 0x35
 1063 0041 00       		.byte	0
 1064 0042 49       		.uleb128 0x49
 1065 0043 13       		.uleb128 0x13
 1066 0044 00       		.byte	0
 1067 0045 00       		.byte	0
 1068 0046 07       		.uleb128 0x7
 1069 0047 2E       		.uleb128 0x2e
 1070 0048 01       		.byte	0x1
 1071 0049 03       		.uleb128 0x3
 1072 004a 0E       		.uleb128 0xe
 1073 004b 3A       		.uleb128 0x3a
 1074 004c 0B       		.uleb128 0xb
 1075 004d 3B       		.uleb128 0x3b
 1076 004e 0B       		.uleb128 0xb
 1077 004f 27       		.uleb128 0x27
 1078 0050 0C       		.uleb128 0xc
 1079 0051 11       		.uleb128 0x11
 1080 0052 01       		.uleb128 0x1
 1081 0053 12       		.uleb128 0x12
 1082 0054 01       		.uleb128 0x1
 1083 0055 40       		.uleb128 0x40
 1084 0056 06       		.uleb128 0x6
 1085 0057 9642     		.uleb128 0x2116
 1086 0059 0C       		.uleb128 0xc
 1087 005a 01       		.uleb128 0x1
 1088 005b 13       		.uleb128 0x13
 1089 005c 00       		.byte	0
ARM GAS  C:\Users\Sam\AppData\Local\Temp\ccAM4WPy.s 			page 26


 1090 005d 00       		.byte	0
 1091 005e 08       		.uleb128 0x8
 1092 005f 05       		.uleb128 0x5
 1093 0060 00       		.byte	0
 1094 0061 03       		.uleb128 0x3
 1095 0062 08       		.uleb128 0x8
 1096 0063 3A       		.uleb128 0x3a
 1097 0064 0B       		.uleb128 0xb
 1098 0065 3B       		.uleb128 0x3b
 1099 0066 0B       		.uleb128 0xb
 1100 0067 49       		.uleb128 0x49
 1101 0068 13       		.uleb128 0x13
 1102 0069 02       		.uleb128 0x2
 1103 006a 0A       		.uleb128 0xa
 1104 006b 00       		.byte	0
 1105 006c 00       		.byte	0
 1106 006d 09       		.uleb128 0x9
 1107 006e 05       		.uleb128 0x5
 1108 006f 00       		.byte	0
 1109 0070 03       		.uleb128 0x3
 1110 0071 0E       		.uleb128 0xe
 1111 0072 3A       		.uleb128 0x3a
 1112 0073 0B       		.uleb128 0xb
 1113 0074 3B       		.uleb128 0x3b
 1114 0075 0B       		.uleb128 0xb
 1115 0076 49       		.uleb128 0x49
 1116 0077 13       		.uleb128 0x13
 1117 0078 02       		.uleb128 0x2
 1118 0079 0A       		.uleb128 0xa
 1119 007a 00       		.byte	0
 1120 007b 00       		.byte	0
 1121 007c 0A       		.uleb128 0xa
 1122 007d 0F       		.uleb128 0xf
 1123 007e 00       		.byte	0
 1124 007f 0B       		.uleb128 0xb
 1125 0080 0B       		.uleb128 0xb
 1126 0081 49       		.uleb128 0x49
 1127 0082 13       		.uleb128 0x13
 1128 0083 00       		.byte	0
 1129 0084 00       		.byte	0
 1130 0085 0B       		.uleb128 0xb
 1131 0086 26       		.uleb128 0x26
 1132 0087 00       		.byte	0
 1133 0088 00       		.byte	0
 1134 0089 00       		.byte	0
 1135 008a 0C       		.uleb128 0xc
 1136 008b 2E       		.uleb128 0x2e
 1137 008c 01       		.byte	0x1
 1138 008d 03       		.uleb128 0x3
 1139 008e 0E       		.uleb128 0xe
 1140 008f 3A       		.uleb128 0x3a
 1141 0090 0B       		.uleb128 0xb
 1142 0091 3B       		.uleb128 0x3b
 1143 0092 0B       		.uleb128 0xb
 1144 0093 27       		.uleb128 0x27
 1145 0094 0C       		.uleb128 0xc
 1146 0095 11       		.uleb128 0x11
ARM GAS  C:\Users\Sam\AppData\Local\Temp\ccAM4WPy.s 			page 27


 1147 0096 01       		.uleb128 0x1
 1148 0097 12       		.uleb128 0x12
 1149 0098 01       		.uleb128 0x1
 1150 0099 40       		.uleb128 0x40
 1151 009a 06       		.uleb128 0x6
 1152 009b 9742     		.uleb128 0x2117
 1153 009d 0C       		.uleb128 0xc
 1154 009e 01       		.uleb128 0x1
 1155 009f 13       		.uleb128 0x13
 1156 00a0 00       		.byte	0
 1157 00a1 00       		.byte	0
 1158 00a2 0D       		.uleb128 0xd
 1159 00a3 13       		.uleb128 0x13
 1160 00a4 01       		.byte	0x1
 1161 00a5 0B       		.uleb128 0xb
 1162 00a6 0B       		.uleb128 0xb
 1163 00a7 3A       		.uleb128 0x3a
 1164 00a8 0B       		.uleb128 0xb
 1165 00a9 3B       		.uleb128 0x3b
 1166 00aa 0B       		.uleb128 0xb
 1167 00ab 01       		.uleb128 0x1
 1168 00ac 13       		.uleb128 0x13
 1169 00ad 00       		.byte	0
 1170 00ae 00       		.byte	0
 1171 00af 0E       		.uleb128 0xe
 1172 00b0 0D       		.uleb128 0xd
 1173 00b1 00       		.byte	0
 1174 00b2 03       		.uleb128 0x3
 1175 00b3 0E       		.uleb128 0xe
 1176 00b4 3A       		.uleb128 0x3a
 1177 00b5 0B       		.uleb128 0xb
 1178 00b6 3B       		.uleb128 0x3b
 1179 00b7 0B       		.uleb128 0xb
 1180 00b8 49       		.uleb128 0x49
 1181 00b9 13       		.uleb128 0x13
 1182 00ba 38       		.uleb128 0x38
 1183 00bb 0A       		.uleb128 0xa
 1184 00bc 00       		.byte	0
 1185 00bd 00       		.byte	0
 1186 00be 0F       		.uleb128 0xf
 1187 00bf 01       		.uleb128 0x1
 1188 00c0 01       		.byte	0x1
 1189 00c1 49       		.uleb128 0x49
 1190 00c2 13       		.uleb128 0x13
 1191 00c3 01       		.uleb128 0x1
 1192 00c4 13       		.uleb128 0x13
 1193 00c5 00       		.byte	0
 1194 00c6 00       		.byte	0
 1195 00c7 10       		.uleb128 0x10
 1196 00c8 21       		.uleb128 0x21
 1197 00c9 00       		.byte	0
 1198 00ca 49       		.uleb128 0x49
 1199 00cb 13       		.uleb128 0x13
 1200 00cc 2F       		.uleb128 0x2f
 1201 00cd 0B       		.uleb128 0xb
 1202 00ce 00       		.byte	0
 1203 00cf 00       		.byte	0
ARM GAS  C:\Users\Sam\AppData\Local\Temp\ccAM4WPy.s 			page 28


 1204 00d0 11       		.uleb128 0x11
 1205 00d1 34       		.uleb128 0x34
 1206 00d2 00       		.byte	0
 1207 00d3 03       		.uleb128 0x3
 1208 00d4 0E       		.uleb128 0xe
 1209 00d5 3A       		.uleb128 0x3a
 1210 00d6 0B       		.uleb128 0xb
 1211 00d7 3B       		.uleb128 0x3b
 1212 00d8 0B       		.uleb128 0xb
 1213 00d9 49       		.uleb128 0x49
 1214 00da 13       		.uleb128 0x13
 1215 00db 02       		.uleb128 0x2
 1216 00dc 0A       		.uleb128 0xa
 1217 00dd 00       		.byte	0
 1218 00de 00       		.byte	0
 1219 00df 12       		.uleb128 0x12
 1220 00e0 26       		.uleb128 0x26
 1221 00e1 00       		.byte	0
 1222 00e2 49       		.uleb128 0x49
 1223 00e3 13       		.uleb128 0x13
 1224 00e4 00       		.byte	0
 1225 00e5 00       		.byte	0
 1226 00e6 13       		.uleb128 0x13
 1227 00e7 2E       		.uleb128 0x2e
 1228 00e8 00       		.byte	0
 1229 00e9 03       		.uleb128 0x3
 1230 00ea 0E       		.uleb128 0xe
 1231 00eb 3A       		.uleb128 0x3a
 1232 00ec 0B       		.uleb128 0xb
 1233 00ed 3B       		.uleb128 0x3b
 1234 00ee 0B       		.uleb128 0xb
 1235 00ef 27       		.uleb128 0x27
 1236 00f0 0C       		.uleb128 0xc
 1237 00f1 11       		.uleb128 0x11
 1238 00f2 01       		.uleb128 0x1
 1239 00f3 12       		.uleb128 0x12
 1240 00f4 01       		.uleb128 0x1
 1241 00f5 40       		.uleb128 0x40
 1242 00f6 06       		.uleb128 0x6
 1243 00f7 9642     		.uleb128 0x2116
 1244 00f9 0C       		.uleb128 0xc
 1245 00fa 00       		.byte	0
 1246 00fb 00       		.byte	0
 1247 00fc 14       		.uleb128 0x14
 1248 00fd 2E       		.uleb128 0x2e
 1249 00fe 00       		.byte	0
 1250 00ff 03       		.uleb128 0x3
 1251 0100 0E       		.uleb128 0xe
 1252 0101 3A       		.uleb128 0x3a
 1253 0102 0B       		.uleb128 0xb
 1254 0103 3B       		.uleb128 0x3b
 1255 0104 0B       		.uleb128 0xb
 1256 0105 27       		.uleb128 0x27
 1257 0106 0C       		.uleb128 0xc
 1258 0107 11       		.uleb128 0x11
 1259 0108 01       		.uleb128 0x1
 1260 0109 12       		.uleb128 0x12
ARM GAS  C:\Users\Sam\AppData\Local\Temp\ccAM4WPy.s 			page 29


 1261 010a 01       		.uleb128 0x1
 1262 010b 40       		.uleb128 0x40
 1263 010c 06       		.uleb128 0x6
 1264 010d 9742     		.uleb128 0x2117
 1265 010f 0C       		.uleb128 0xc
 1266 0110 00       		.byte	0
 1267 0111 00       		.byte	0
 1268 0112 15       		.uleb128 0x15
 1269 0113 2E       		.uleb128 0x2e
 1270 0114 01       		.byte	0x1
 1271 0115 3F       		.uleb128 0x3f
 1272 0116 0C       		.uleb128 0xc
 1273 0117 03       		.uleb128 0x3
 1274 0118 0E       		.uleb128 0xe
 1275 0119 3A       		.uleb128 0x3a
 1276 011a 0B       		.uleb128 0xb
 1277 011b 3B       		.uleb128 0x3b
 1278 011c 05       		.uleb128 0x5
 1279 011d 27       		.uleb128 0x27
 1280 011e 0C       		.uleb128 0xc
 1281 011f 11       		.uleb128 0x11
 1282 0120 01       		.uleb128 0x1
 1283 0121 12       		.uleb128 0x12
 1284 0122 01       		.uleb128 0x1
 1285 0123 40       		.uleb128 0x40
 1286 0124 06       		.uleb128 0x6
 1287 0125 9642     		.uleb128 0x2116
 1288 0127 0C       		.uleb128 0xc
 1289 0128 00       		.byte	0
 1290 0129 00       		.byte	0
 1291 012a 16       		.uleb128 0x16
 1292 012b 0B       		.uleb128 0xb
 1293 012c 01       		.byte	0x1
 1294 012d 11       		.uleb128 0x11
 1295 012e 01       		.uleb128 0x1
 1296 012f 12       		.uleb128 0x12
 1297 0130 01       		.uleb128 0x1
 1298 0131 00       		.byte	0
 1299 0132 00       		.byte	0
 1300 0133 17       		.uleb128 0x17
 1301 0134 13       		.uleb128 0x13
 1302 0135 01       		.byte	0x1
 1303 0136 0B       		.uleb128 0xb
 1304 0137 0B       		.uleb128 0xb
 1305 0138 3A       		.uleb128 0x3a
 1306 0139 0B       		.uleb128 0xb
 1307 013a 3B       		.uleb128 0x3b
 1308 013b 05       		.uleb128 0x5
 1309 013c 01       		.uleb128 0x1
 1310 013d 13       		.uleb128 0x13
 1311 013e 00       		.byte	0
 1312 013f 00       		.byte	0
 1313 0140 18       		.uleb128 0x18
 1314 0141 0D       		.uleb128 0xd
 1315 0142 00       		.byte	0
 1316 0143 03       		.uleb128 0x3
 1317 0144 0E       		.uleb128 0xe
ARM GAS  C:\Users\Sam\AppData\Local\Temp\ccAM4WPy.s 			page 30


 1318 0145 3A       		.uleb128 0x3a
 1319 0146 0B       		.uleb128 0xb
 1320 0147 3B       		.uleb128 0x3b
 1321 0148 05       		.uleb128 0x5
 1322 0149 49       		.uleb128 0x49
 1323 014a 13       		.uleb128 0x13
 1324 014b 38       		.uleb128 0x38
 1325 014c 0A       		.uleb128 0xa
 1326 014d 00       		.byte	0
 1327 014e 00       		.byte	0
 1328 014f 19       		.uleb128 0x19
 1329 0150 16       		.uleb128 0x16
 1330 0151 00       		.byte	0
 1331 0152 03       		.uleb128 0x3
 1332 0153 0E       		.uleb128 0xe
 1333 0154 3A       		.uleb128 0x3a
 1334 0155 0B       		.uleb128 0xb
 1335 0156 3B       		.uleb128 0x3b
 1336 0157 05       		.uleb128 0x5
 1337 0158 49       		.uleb128 0x49
 1338 0159 13       		.uleb128 0x13
 1339 015a 00       		.byte	0
 1340 015b 00       		.byte	0
 1341 015c 1A       		.uleb128 0x1a
 1342 015d 34       		.uleb128 0x34
 1343 015e 00       		.byte	0
 1344 015f 03       		.uleb128 0x3
 1345 0160 0E       		.uleb128 0xe
 1346 0161 3A       		.uleb128 0x3a
 1347 0162 0B       		.uleb128 0xb
 1348 0163 3B       		.uleb128 0x3b
 1349 0164 05       		.uleb128 0x5
 1350 0165 49       		.uleb128 0x49
 1351 0166 13       		.uleb128 0x13
 1352 0167 02       		.uleb128 0x2
 1353 0168 0A       		.uleb128 0xa
 1354 0169 00       		.byte	0
 1355 016a 00       		.byte	0
 1356 016b 1B       		.uleb128 0x1b
 1357 016c 34       		.uleb128 0x34
 1358 016d 00       		.byte	0
 1359 016e 03       		.uleb128 0x3
 1360 016f 08       		.uleb128 0x8
 1361 0170 3A       		.uleb128 0x3a
 1362 0171 0B       		.uleb128 0xb
 1363 0172 3B       		.uleb128 0x3b
 1364 0173 05       		.uleb128 0x5
 1365 0174 49       		.uleb128 0x49
 1366 0175 13       		.uleb128 0x13
 1367 0176 02       		.uleb128 0x2
 1368 0177 0A       		.uleb128 0xa
 1369 0178 00       		.byte	0
 1370 0179 00       		.byte	0
 1371 017a 00       		.byte	0
 1372              		.section	.debug_loc,"",%progbits
 1373              	.Ldebug_loc0:
 1374              	.LLST0:
ARM GAS  C:\Users\Sam\AppData\Local\Temp\ccAM4WPy.s 			page 31


 1375 0000 00000000 		.4byte	.LFB0
 1376 0004 02000000 		.4byte	.LCFI0
 1377 0008 0200     		.2byte	0x2
 1378 000a 7D       		.byte	0x7d
 1379 000b 00       		.sleb128 0
 1380 000c 02000000 		.4byte	.LCFI0
 1381 0010 04000000 		.4byte	.LCFI1
 1382 0014 0200     		.2byte	0x2
 1383 0016 7D       		.byte	0x7d
 1384 0017 08       		.sleb128 8
 1385 0018 04000000 		.4byte	.LCFI1
 1386 001c 06000000 		.4byte	.LCFI2
 1387 0020 0200     		.2byte	0x2
 1388 0022 7D       		.byte	0x7d
 1389 0023 10       		.sleb128 16
 1390 0024 06000000 		.4byte	.LCFI2
 1391 0028 1E000000 		.4byte	.LFE0
 1392 002c 0200     		.2byte	0x2
 1393 002e 77       		.byte	0x77
 1394 002f 10       		.sleb128 16
 1395 0030 00000000 		.4byte	0
 1396 0034 00000000 		.4byte	0
 1397              	.LLST1:
 1398 0038 00000000 		.4byte	.LFB1
 1399 003c 02000000 		.4byte	.LCFI3
 1400 0040 0200     		.2byte	0x2
 1401 0042 7D       		.byte	0x7d
 1402 0043 00       		.sleb128 0
 1403 0044 02000000 		.4byte	.LCFI3
 1404 0048 04000000 		.4byte	.LCFI4
 1405 004c 0200     		.2byte	0x2
 1406 004e 7D       		.byte	0x7d
 1407 004f 08       		.sleb128 8
 1408 0050 04000000 		.4byte	.LCFI4
 1409 0054 06000000 		.4byte	.LCFI5
 1410 0058 0200     		.2byte	0x2
 1411 005a 7D       		.byte	0x7d
 1412 005b 18       		.sleb128 24
 1413 005c 06000000 		.4byte	.LCFI5
 1414 0060 22000000 		.4byte	.LFE1
 1415 0064 0200     		.2byte	0x2
 1416 0066 77       		.byte	0x77
 1417 0067 18       		.sleb128 24
 1418 0068 00000000 		.4byte	0
 1419 006c 00000000 		.4byte	0
 1420              	.LLST2:
 1421 0070 00000000 		.4byte	.LFB2
 1422 0074 02000000 		.4byte	.LCFI6
 1423 0078 0200     		.2byte	0x2
 1424 007a 7D       		.byte	0x7d
 1425 007b 00       		.sleb128 0
 1426 007c 02000000 		.4byte	.LCFI6
 1427 0080 04000000 		.4byte	.LCFI7
 1428 0084 0200     		.2byte	0x2
 1429 0086 7D       		.byte	0x7d
 1430 0087 08       		.sleb128 8
 1431 0088 04000000 		.4byte	.LCFI7
ARM GAS  C:\Users\Sam\AppData\Local\Temp\ccAM4WPy.s 			page 32


 1432 008c 06000000 		.4byte	.LCFI8
 1433 0090 0200     		.2byte	0x2
 1434 0092 7D       		.byte	0x7d
 1435 0093 18       		.sleb128 24
 1436 0094 06000000 		.4byte	.LCFI8
 1437 0098 22000000 		.4byte	.LFE2
 1438 009c 0200     		.2byte	0x2
 1439 009e 77       		.byte	0x77
 1440 009f 18       		.sleb128 24
 1441 00a0 00000000 		.4byte	0
 1442 00a4 00000000 		.4byte	0
 1443              	.LLST3:
 1444 00a8 00000000 		.4byte	.LFB3
 1445 00ac 02000000 		.4byte	.LCFI9
 1446 00b0 0200     		.2byte	0x2
 1447 00b2 7D       		.byte	0x7d
 1448 00b3 00       		.sleb128 0
 1449 00b4 02000000 		.4byte	.LCFI9
 1450 00b8 04000000 		.4byte	.LCFI10
 1451 00bc 0200     		.2byte	0x2
 1452 00be 7D       		.byte	0x7d
 1453 00bf 08       		.sleb128 8
 1454 00c0 04000000 		.4byte	.LCFI10
 1455 00c4 06000000 		.4byte	.LCFI11
 1456 00c8 0200     		.2byte	0x2
 1457 00ca 7D       		.byte	0x7d
 1458 00cb 18       		.sleb128 24
 1459 00cc 06000000 		.4byte	.LCFI11
 1460 00d0 B0000000 		.4byte	.LFE3
 1461 00d4 0200     		.2byte	0x2
 1462 00d6 77       		.byte	0x77
 1463 00d7 18       		.sleb128 24
 1464 00d8 00000000 		.4byte	0
 1465 00dc 00000000 		.4byte	0
 1466              	.LLST4:
 1467 00e0 B0000000 		.4byte	.LFB4
 1468 00e4 B2000000 		.4byte	.LCFI12
 1469 00e8 0200     		.2byte	0x2
 1470 00ea 7D       		.byte	0x7d
 1471 00eb 00       		.sleb128 0
 1472 00ec B2000000 		.4byte	.LCFI12
 1473 00f0 B4000000 		.4byte	.LCFI13
 1474 00f4 0200     		.2byte	0x2
 1475 00f6 7D       		.byte	0x7d
 1476 00f7 08       		.sleb128 8
 1477 00f8 B4000000 		.4byte	.LCFI13
 1478 00fc 38010000 		.4byte	.LFE4
 1479 0100 0200     		.2byte	0x2
 1480 0102 77       		.byte	0x77
 1481 0103 08       		.sleb128 8
 1482 0104 00000000 		.4byte	0
 1483 0108 00000000 		.4byte	0
 1484              	.LLST5:
 1485 010c 00000000 		.4byte	.LFB5
 1486 0110 02000000 		.4byte	.LCFI14
 1487 0114 0200     		.2byte	0x2
 1488 0116 7D       		.byte	0x7d
ARM GAS  C:\Users\Sam\AppData\Local\Temp\ccAM4WPy.s 			page 33


 1489 0117 00       		.sleb128 0
 1490 0118 02000000 		.4byte	.LCFI14
 1491 011c 04000000 		.4byte	.LCFI15
 1492 0120 0200     		.2byte	0x2
 1493 0122 7D       		.byte	0x7d
 1494 0123 08       		.sleb128 8
 1495 0124 04000000 		.4byte	.LCFI15
 1496 0128 08000000 		.4byte	.LFE5
 1497 012c 0200     		.2byte	0x2
 1498 012e 77       		.byte	0x77
 1499 012f 08       		.sleb128 8
 1500 0130 00000000 		.4byte	0
 1501 0134 00000000 		.4byte	0
 1502              	.LLST6:
 1503 0138 38010000 		.4byte	.LFB6
 1504 013c 3A010000 		.4byte	.LCFI16
 1505 0140 0200     		.2byte	0x2
 1506 0142 7D       		.byte	0x7d
 1507 0143 00       		.sleb128 0
 1508 0144 3A010000 		.4byte	.LCFI16
 1509 0148 3C010000 		.4byte	.LCFI17
 1510 014c 0200     		.2byte	0x2
 1511 014e 7D       		.byte	0x7d
 1512 014f 08       		.sleb128 8
 1513 0150 3C010000 		.4byte	.LCFI17
 1514 0154 3E010000 		.4byte	.LCFI18
 1515 0158 0200     		.2byte	0x2
 1516 015a 7D       		.byte	0x7d
 1517 015b 10       		.sleb128 16
 1518 015c 3E010000 		.4byte	.LCFI18
 1519 0160 34020000 		.4byte	.LFE6
 1520 0164 0200     		.2byte	0x2
 1521 0166 77       		.byte	0x77
 1522 0167 10       		.sleb128 16
 1523 0168 00000000 		.4byte	0
 1524 016c 00000000 		.4byte	0
 1525              		.section	.debug_aranges,"",%progbits
 1526 0000 4C000000 		.4byte	0x4c
 1527 0004 0200     		.2byte	0x2
 1528 0006 00000000 		.4byte	.Ldebug_info0
 1529 000a 04       		.byte	0x4
 1530 000b 00       		.byte	0
 1531 000c 0000     		.2byte	0
 1532 000e 0000     		.2byte	0
 1533 0010 00000000 		.4byte	.LFB0
 1534 0014 1E000000 		.4byte	.LFE0-.LFB0
 1535 0018 00000000 		.4byte	.LFB1
 1536 001c 22000000 		.4byte	.LFE1-.LFB1
 1537 0020 00000000 		.4byte	.LFB2
 1538 0024 22000000 		.4byte	.LFE2-.LFB2
 1539 0028 00000000 		.4byte	.LFB3
 1540 002c B0000000 		.4byte	.LFE3-.LFB3
 1541 0030 B0000000 		.4byte	.LFB4
 1542 0034 88000000 		.4byte	.LFE4-.LFB4
 1543 0038 00000000 		.4byte	.LFB5
 1544 003c 08000000 		.4byte	.LFE5-.LFB5
 1545 0040 38010000 		.4byte	.LFB6
ARM GAS  C:\Users\Sam\AppData\Local\Temp\ccAM4WPy.s 			page 34


 1546 0044 FC000000 		.4byte	.LFE6-.LFB6
 1547 0048 00000000 		.4byte	0
 1548 004c 00000000 		.4byte	0
 1549              		.section	.debug_ranges,"",%progbits
 1550              	.Ldebug_ranges0:
 1551 0000 00000000 		.4byte	.LFB0
 1552 0004 1E000000 		.4byte	.LFE0
 1553 0008 00000000 		.4byte	.LFB1
 1554 000c 22000000 		.4byte	.LFE1
 1555 0010 00000000 		.4byte	.LFB2
 1556 0014 22000000 		.4byte	.LFE2
 1557 0018 00000000 		.4byte	.LFB3
 1558 001c B0000000 		.4byte	.LFE3
 1559 0020 B0000000 		.4byte	.LFB4
 1560 0024 38010000 		.4byte	.LFE4
 1561 0028 00000000 		.4byte	.LFB5
 1562 002c 08000000 		.4byte	.LFE5
 1563 0030 38010000 		.4byte	.LFB6
 1564 0034 34020000 		.4byte	.LFE6
 1565 0038 00000000 		.4byte	0
 1566 003c 00000000 		.4byte	0
 1567              		.section	.debug_line,"",%progbits
 1568              	.Ldebug_line0:
 1569 0000 80010000 		.section	.debug_str,"MS",%progbits,1
 1569      0200D700 
 1569      00000201 
 1569      FB0E0D00 
 1569      01010101 
 1570              	.LASF19:
 1571 0000 72656733 		.ascii	"reg32\000"
 1571      3200
 1572              	.LASF11:
 1573 0006 73697A65 		.ascii	"size_t\000"
 1573      5F7400
 1574              	.LASF38:
 1575 000d 416E616C 		.ascii	"AnalogSetDefault\000"
 1575      6F675365 
 1575      74446566 
 1575      61756C74 
 1575      00
 1576              	.LASF29:
 1577 001e 696D6F5F 		.ascii	"imo_trim_entry_t\000"
 1577      7472696D 
 1577      5F656E74 
 1577      72795F74 
 1577      00
 1578              	.LASF42:
 1579 002f 6366675F 		.ascii	"cfg_memset_list\000"
 1579      6D656D73 
 1579      65745F6C 
 1579      69737400 
 1580              	.LASF37:
 1581 003f 436C6F63 		.ascii	"ClockSetup\000"
 1581      6B536574 
 1581      757000
 1582              	.LASF28:
 1583 004a 746D7063 		.ascii	"tmpco\000"
ARM GAS  C:\Users\Sam\AppData\Local\Temp\ccAM4WPy.s 			page 35


 1583      6F00
 1584              	.LASF3:
 1585 0050 73686F72 		.ascii	"short unsigned int\000"
 1585      7420756E 
 1585      7369676E 
 1585      65642069 
 1585      6E7400
 1586              	.LASF2:
 1587 0063 73686F72 		.ascii	"short int\000"
 1587      7420696E 
 1587      7400
 1588              	.LASF24:
 1589 006d 53657449 		.ascii	"SetIMOBGTrims\000"
 1589      4D4F4247 
 1589      5472696D 
 1589      7300
 1590              	.LASF16:
 1591 007b 666C6F61 		.ascii	"float\000"
 1591      7400
 1592              	.LASF34:
 1593 0081 696D6F54 		.ascii	"imoTrimIndex\000"
 1593      72696D49 
 1593      6E646578 
 1593      00
 1594              	.LASF22:
 1595 008e 64657374 		.ascii	"dest\000"
 1595      00
 1596              	.LASF40:
 1597 0093 73697A65 		.ascii	"size\000"
 1597      00
 1598              	.LASF45:
 1599 0098 433A5C55 		.ascii	"C:\\Users\\Sam\\AppData\\Local\\Evernote\\Evernote\\"
 1599      73657273 
 1599      5C53616D 
 1599      5C417070 
 1599      44617461 
 1600 00c5 44617461 		.ascii	"Databases\\Attachments\\Working UART with interrupt"
 1600      62617365 
 1600      735C4174 
 1600      74616368 
 1600      6D656E74 
 1601 00f6 735C576F 		.ascii	"s\\Working UART with interrupts\\PSoC 4 Pioneer Mod"
 1601      726B696E 
 1601      67205541 
 1601      52542077 
 1601      69746820 
 1602 0127 62757320 		.ascii	"bus Slave.cydsn\000"
 1602      536C6176 
 1602      652E6379 
 1602      64736E00 
 1603              	.LASF18:
 1604 0137 72656738 		.ascii	"reg8\000"
 1604      00
 1605              	.LASF9:
 1606 013c 6C6F6E67 		.ascii	"long unsigned int\000"
 1606      20756E73 
 1606      69676E65 
ARM GAS  C:\Users\Sam\AppData\Local\Temp\ccAM4WPy.s 			page 36


 1606      6420696E 
 1606      7400
 1607              	.LASF15:
 1608 014e 696E7433 		.ascii	"int32\000"
 1608      3200
 1609              	.LASF20:
 1610 0154 43594D45 		.ascii	"CYMEMZERO\000"
 1610      4D5A4552 
 1610      4F00
 1611              	.LASF1:
 1612 015e 756E7369 		.ascii	"unsigned char\000"
 1612      676E6564 
 1612      20636861 
 1612      7200
 1613              	.LASF17:
 1614 016c 646F7562 		.ascii	"double\000"
 1614      6C6500
 1615              	.LASF25:
 1616 0173 696D6F46 		.ascii	"imoFreq\000"
 1616      72657100 
 1617              	.LASF33:
 1618 017b 494D4F5F 		.ascii	"IMO_TRIM_FREQ_TABLE_ENTRIES\000"
 1618      5452494D 
 1618      5F465245 
 1618      515F5441 
 1618      424C455F 
 1619              	.LASF13:
 1620 0197 75696E74 		.ascii	"uint16\000"
 1620      313600
 1621              	.LASF14:
 1622 019e 75696E74 		.ascii	"uint32\000"
 1622      333200
 1623              	.LASF4:
 1624 01a5 756E7369 		.ascii	"unsigned int\000"
 1624      676E6564 
 1624      20696E74 
 1624      00
 1625              	.LASF46:
 1626 01b2 63796669 		.ascii	"cyfitter_cfg\000"
 1626      74746572 
 1626      5F636667 
 1626      00
 1627              	.LASF39:
 1628 01bf 61646472 		.ascii	"address\000"
 1628      65737300 
 1629              	.LASF6:
 1630 01c7 6C6F6E67 		.ascii	"long long unsigned int\000"
 1630      206C6F6E 
 1630      6720756E 
 1630      7369676E 
 1630      65642069 
 1631              	.LASF31:
 1632 01de 696D6F5F 		.ascii	"imo_trim_table_t\000"
 1632      7472696D 
 1632      5F746162 
 1632      6C655F74 
 1632      00
ARM GAS  C:\Users\Sam\AppData\Local\Temp\ccAM4WPy.s 			page 37


 1633              	.LASF41:
 1634 01ef 6366675F 		.ascii	"cfg_memset_t\000"
 1634      6D656D73 
 1634      65745F74 
 1634      00
 1635              	.LASF44:
 1636 01fc 2E5C4765 		.ascii	".\\Generated_Source\\PSoC4\\cyfitter_cfg.c\000"
 1636      6E657261 
 1636      7465645F 
 1636      536F7572 
 1636      63655C50 
 1637              	.LASF8:
 1638 0224 73697A65 		.ascii	"sizetype\000"
 1638      74797065 
 1638      00
 1639              	.LASF36:
 1640 022d 73657454 		.ascii	"setTmpCo\000"
 1640      6D70436F 
 1640      00
 1641              	.LASF5:
 1642 0236 6C6F6E67 		.ascii	"long long int\000"
 1642      206C6F6E 
 1642      6720696E 
 1642      7400
 1643              	.LASF10:
 1644 0244 63686172 		.ascii	"char\000"
 1644      00
 1645              	.LASF27:
 1646 0249 6162736F 		.ascii	"absolute\000"
 1646      6C757465 
 1646      00
 1647              	.LASF26:
 1648 0252 66726571 		.ascii	"freq\000"
 1648      00
 1649              	.LASF12:
 1650 0257 75696E74 		.ascii	"uint8\000"
 1650      3800
 1651              	.LASF43:
 1652 025d 474E5520 		.ascii	"GNU C 4.7.3 20130312 (release) [ARM/embedded-4_7-br"
 1652      4320342E 
 1652      372E3320 
 1652      32303133 
 1652      30333132 
 1653 0290 616E6368 		.ascii	"anch revision 196615]\000"
 1653      20726576 
 1653      6973696F 
 1653      6E203139 
 1653      36363135 
 1654              	.LASF32:
 1655 02a6 696D6F5F 		.ascii	"imo_trim_table\000"
 1655      7472696D 
 1655      5F746162 
 1655      6C6500
 1656              	.LASF7:
 1657 02b5 6C6F6E67 		.ascii	"long int\000"
 1657      20696E74 
 1657      00
ARM GAS  C:\Users\Sam\AppData\Local\Temp\ccAM4WPy.s 			page 38


 1658              	.LASF30:
 1659 02be 656E7472 		.ascii	"entries\000"
 1659      69657300 
 1660              	.LASF35:
 1661 02c6 73657441 		.ascii	"setAbs\000"
 1661      627300
 1662              	.LASF0:
 1663 02cd 7369676E 		.ascii	"signed char\000"
 1663      65642063 
 1663      68617200 
 1664              	.LASF23:
 1665 02d9 4359434F 		.ascii	"CYCONFIGCPYCODE\000"
 1665      4E464947 
 1665      43505943 
 1665      4F444500 
 1666              	.LASF21:
 1667 02e9 4359434F 		.ascii	"CYCONFIGCPY\000"
 1667      4E464947 
 1667      43505900 
 1668              		.ident	"GCC: (GNU Tools for ARM Embedded Processors) 4.7.3 20130312 (release) [ARM/embedded-4_7-br
