--------------- Build Started: 02/19/2014 11:38:44 Project: LED blink basic, Configuration: ARM GCC 4.7.3 Debug ---------------
cydsfit.exe "-.appdatapath" "C:\Users\Sam\AppData\Local\Cypress Semiconductor\PSoC Creator\3.0" "-.fdsnotice" "-.fdswarpdepfile=warp_dependencies.txt" "-.fdselabdepfile=elab_dependencies.txt" "-.fdsbldfile=generated_files.txt" "-p" "C:\Users\Sam\Dropbox\Work\PSoC\Blinking LED\LED blink basic.cydsn\LED blink basic.cyprj" "-d" "CY8C4245AXI-483" "-s" "C:\Users\Sam\Dropbox\Work\PSoC\Blinking LED\LED blink basic.cydsn\Generated_Source\PSoC4" "--" "-yv2" "-v3" "-ygs" "-q10" "-o2" "-.fftcfgtype=LE"
Elaborating Design...
HDL Generation ...
Synthesis ...
Place and Route ...
Tech mapping ...
Analog Placement ...
Analog Routing ...
Analog Code Generation ...
Digital Placement ...
Digital Routing ...
Bitstream Generation ...
Static timing analysis ...
API Generation ...
Dependency Generation ...
Clean Temporary Files ...
arm-none-eabi-gcc.exe -I. -I./Generated_Source/PSoC4 -Wno-main -mcpu=cortex-m0 -mthumb -Wall -g -D DEBUG -Wa,-alh=.\CortexM0\ARM_GCC_473\Debug\cyfitter_cfg.lst -ffunction-sections -c .\Generated_Source\PSoC4\cyfitter_cfg.c -o .\CortexM0\ARM_GCC_473\Debug\cyfitter_cfg.o
arm-none-eabi-ar.exe -rs ".\CortexM0\ARM_GCC_473\Debug\LED blink basic.a" .\CortexM0\ARM_GCC_473\Debug\cyfitter_cfg.o .\CortexM0\ARM_GCC_473\Debug\Timer.o .\CortexM0\ARM_GCC_473\Debug\Timer_PM.o .\CortexM0\ARM_GCC_473\Debug\CyBootAsmGnu.o .\CortexM0\ARM_GCC_473\Debug\CyFlash.o .\CortexM0\ARM_GCC_473\Debug\CyLib.o .\CortexM0\ARM_GCC_473\Debug\cyPm.o .\CortexM0\ARM_GCC_473\Debug\cyutils.o .\CortexM0\ARM_GCC_473\Debug\P0_2_LED.o .\CortexM0\ARM_GCC_473\Debug\timerClock.o .\CortexM0\ARM_GCC_473\Debug\timer_ISR.o
arm-none-eabi-ar.exe: creating .\CortexM0\ARM_GCC_473\Debug\LED blink basic.a
arm-none-eabi-gcc.exe -mthumb -march=armv6-m -T .\Generated_Source\PSoC4\cm0gcc.ld -g "-Wl,-Map,.\CortexM0\ARM_GCC_473\Debug\LED blink basic.map" -specs=nano.specs -Wl,--gc-sections -Wl,--start-group -o ".\CortexM0\ARM_GCC_473\Debug\LED blink basic.elf" .\CortexM0\ARM_GCC_473\Debug\main.o .\CortexM0\ARM_GCC_473\Debug\cymetadata.o .\CortexM0\ARM_GCC_473\Debug\Cm0Start.o ".\CortexM0\ARM_GCC_473\Debug\LED blink basic.a" "C:\Program Files (x86)\Cypress\PSoC Creator\3.0\PSoC Creator\psoc\content\cycomponentlibrary\CyComponentLibrary.cylib\CortexM0\ARM_GCC_473\Debug\CyComponentLibrary.a" -Wl,--end-group
cyelftool.exe -C "C:\Users\Sam\Dropbox\Work\PSoC\Blinking LED\LED blink basic.cydsn\CortexM0\ARM_GCC_473\Debug\LED blink basic.elf" --flash_size 32768 --flash_row_size 128
cyelftool.exe -S "C:\Users\Sam\Dropbox\Work\PSoC\Blinking LED\LED blink basic.cydsn\CortexM0\ARM_GCC_473\Debug\LED blink basic.elf"
Flash used: 1966 of 32768 bytes (6.0 %).
SRAM used: 1532 of 4096 bytes (37.4 %).
--------------- Build Succeeded: 02/19/2014 11:38:55 ---------------
