ARM GAS  C:\Users\Sam\AppData\Local\Temp\ccIXr3qf.s 			page 1


   1              		.cpu cortex-m0
   2              		.fpu softvfp
   3              		.eabi_attribute 20, 1
   4              		.eabi_attribute 21, 1
   5              		.eabi_attribute 23, 3
   6              		.eabi_attribute 24, 1
   7              		.eabi_attribute 25, 1
   8              		.eabi_attribute 26, 1
   9              		.eabi_attribute 30, 6
  10              		.eabi_attribute 34, 0
  11              		.eabi_attribute 18, 4
  12              		.code	16
  13              		.file	"main.c"
  14              		.text
  15              	.Ltext0:
  16              		.cfi_sections	.debug_frame
  17              		.global	interruptFlag
  18              		.bss
  19              		.type	interruptFlag, %object
  20              		.size	interruptFlag, 1
  21              	interruptFlag:
  22 0000 00       		.space	1
  23              		.section	.text.main,"ax",%progbits
  24              		.align	2
  25              		.global	main
  26              		.code	16
  27              		.thumb_func
  28              		.type	main, %function
  29              	main:
  30              	.LFB33:
  31              		.file 1 ".\\main.c"
   1:.\main.c      **** /* ========================================
   2:.\main.c      ****  *
   3:.\main.c      ****  * Copyright YOUR COMPANY, THE YEAR
   4:.\main.c      ****  * All Rights Reserved
   5:.\main.c      ****  * UNPUBLISHED, LICENSED SOFTWARE.
   6:.\main.c      ****  *
   7:.\main.c      ****  * CONFIDENTIAL AND PROPRIETARY INFORMATION
   8:.\main.c      ****  * WHICH IS THE PROPERTY OF your company.
   9:.\main.c      ****  *
  10:.\main.c      ****  * ========================================
  11:.\main.c      **** */
  12:.\main.c      **** #include <project.h>
  13:.\main.c      **** 
  14:.\main.c      **** uint8 volatile interruptFlag = 0;
  15:.\main.c      **** 
  16:.\main.c      **** int main()
  17:.\main.c      **** {
  32              		.loc 1 17 0
  33              		.cfi_startproc
  34 0000 80B5     		push	{r7, lr}
  35              	.LCFI0:
  36              		.cfi_def_cfa_offset 8
  37              		.cfi_offset 7, -8
  38              		.cfi_offset 14, -4
  39 0002 82B0     		sub	sp, sp, #8
  40              	.LCFI1:
ARM GAS  C:\Users\Sam\AppData\Local\Temp\ccIXr3qf.s 			page 2


  41              		.cfi_def_cfa_offset 16
  42 0004 00AF     		add	r7, sp, #0
  43              	.LCFI2:
  44              		.cfi_def_cfa_register 7
  18:.\main.c      ****     uint8 LEDValue = 1; //counter to keep track of interrupts
  45              		.loc 1 18 0
  46 0006 FB1D     		add	r3, r7, #7
  47 0008 0122     		mov	r2, #1
  48 000a 1A70     		strb	r2, [r3]
  19:.\main.c      ****     uint16 count = 0; //keep track of number of interrupts
  49              		.loc 1 19 0
  50 000c 3B1D     		add	r3, r7, #4
  51 000e 0022     		mov	r2, #0
  52 0010 1A80     		strh	r2, [r3]
  20:.\main.c      ****     
  21:.\main.c      ****     Timer_Start();
  53              		.loc 1 21 0
  54 0012 FFF7FEFF 		bl	Timer_Start
  22:.\main.c      ****     timer_ISR_Start();
  55              		.loc 1 22 0
  56 0016 FFF7FEFF 		bl	timer_ISR_Start
  23:.\main.c      **** 
  24:.\main.c      ****     CyGlobalIntEnable; 
  57              		.loc 1 24 0
  58              	@ 24 ".\main.c" 1
  59 001a 62B6     		CPSIE   i
  60              	@ 0 "" 2
  25:.\main.c      ****     
  26:.\main.c      ****     P0_2_LED_Write(1); //turn LED off..
  61              		.loc 1 26 0
  62              		.code	16
  63 001c 0120     		mov	r0, #1
  64 001e FFF7FEFF 		bl	P0_2_LED_Write
  65 0022 00E0     		b	.L4
  66              	.L5:
  27:.\main.c      ****     
  28:.\main.c      ****     for(;;)
  29:.\main.c      ****     {
  30:.\main.c      ****         /* Place your application code here. */
  31:.\main.c      ****         if(interruptFlag == 1)
  32:.\main.c      ****         {
  33:.\main.c      ****             count++;
  34:.\main.c      ****             interruptFlag = 0; //reset the flag
  35:.\main.c      ****             Timer_ReadStatus(); //interrupt will not restart till this is done..
  36:.\main.c      ****             
  37:.\main.c      ****             
  38:.\main.c      ****             if(LEDValue == 1)
  39:.\main.c      ****             {
  40:.\main.c      ****                 LEDValue = 0;
  41:.\main.c      ****                 P0_2_LED_Write(LEDValue); //flash LED on..
  42:.\main.c      ****             }
  43:.\main.c      ****             else
  44:.\main.c      ****             {
  45:.\main.c      ****                 LEDValue = 1;
  46:.\main.c      ****                 P0_2_LED_Write(LEDValue); //flash LED off..
  47:.\main.c      ****             }         
  48:.\main.c      ****         }
ARM GAS  C:\Users\Sam\AppData\Local\Temp\ccIXr3qf.s 			page 3


  49:.\main.c      ****         
  50:.\main.c      ****     }
  67              		.loc 1 50 0
  68 0024 C046     		mov	r8, r8
  69              	.L4:
  31:.\main.c      ****         if(interruptFlag == 1)
  70              		.loc 1 31 0
  71 0026 124B     		ldr	r3, .L6
  72 0028 1B78     		ldrb	r3, [r3]
  73 002a DBB2     		uxtb	r3, r3
  74 002c 012B     		cmp	r3, #1
  75 002e F9D1     		bne	.L5
  33:.\main.c      ****             count++;
  76              		.loc 1 33 0
  77 0030 3B1D     		add	r3, r7, #4
  78 0032 3A1D     		add	r2, r7, #4
  79 0034 1288     		ldrh	r2, [r2]
  80 0036 0132     		add	r2, r2, #1
  81 0038 1A80     		strh	r2, [r3]
  34:.\main.c      ****             interruptFlag = 0; //reset the flag
  82              		.loc 1 34 0
  83 003a 0D4B     		ldr	r3, .L6
  84 003c 0022     		mov	r2, #0
  85 003e 1A70     		strb	r2, [r3]
  35:.\main.c      ****             Timer_ReadStatus(); //interrupt will not restart till this is done..
  86              		.loc 1 35 0
  87 0040 FFF7FEFF 		bl	Timer_ReadStatus
  38:.\main.c      ****             if(LEDValue == 1)
  88              		.loc 1 38 0
  89 0044 FB1D     		add	r3, r7, #7
  90 0046 1B78     		ldrb	r3, [r3]
  91 0048 012B     		cmp	r3, #1
  92 004a 08D1     		bne	.L3
  40:.\main.c      ****                 LEDValue = 0;
  93              		.loc 1 40 0
  94 004c FB1D     		add	r3, r7, #7
  95 004e 0022     		mov	r2, #0
  96 0050 1A70     		strb	r2, [r3]
  41:.\main.c      ****                 P0_2_LED_Write(LEDValue); //flash LED on..
  97              		.loc 1 41 0
  98 0052 FB1D     		add	r3, r7, #7
  99 0054 1B78     		ldrb	r3, [r3]
 100 0056 181C     		mov	r0, r3
 101 0058 FFF7FEFF 		bl	P0_2_LED_Write
 102              		.loc 1 50 0
 103 005c E2E7     		b	.L5
 104              	.L3:
  45:.\main.c      ****                 LEDValue = 1;
 105              		.loc 1 45 0
 106 005e FB1D     		add	r3, r7, #7
 107 0060 0122     		mov	r2, #1
 108 0062 1A70     		strb	r2, [r3]
  46:.\main.c      ****                 P0_2_LED_Write(LEDValue); //flash LED off..
 109              		.loc 1 46 0
 110 0064 FB1D     		add	r3, r7, #7
 111 0066 1B78     		ldrb	r3, [r3]
 112 0068 181C     		mov	r0, r3
ARM GAS  C:\Users\Sam\AppData\Local\Temp\ccIXr3qf.s 			page 4


 113 006a FFF7FEFF 		bl	P0_2_LED_Write
 114              		.loc 1 50 0
 115 006e D9E7     		b	.L5
 116              	.L7:
 117              		.align	2
 118              	.L6:
 119 0070 00000000 		.word	interruptFlag
 120              		.cfi_endproc
 121              	.LFE33:
 122              		.size	main, .-main
 123              		.text
 124              	.Letext0:
 125              		.file 2 "./Generated_Source/PSoC4/cytypes.h"
 126              		.section	.debug_info,"",%progbits
 127              	.Ldebug_info0:
 128 0000 EF000000 		.4byte	0xef
 129 0004 0200     		.2byte	0x2
 130 0006 00000000 		.4byte	.Ldebug_abbrev0
 131 000a 04       		.byte	0x4
 132 000b 01       		.uleb128 0x1
 133 000c 20000000 		.4byte	.LASF17
 134 0010 01       		.byte	0x1
 135 0011 07010000 		.4byte	.LASF18
 136 0015 20010000 		.4byte	.LASF19
 137 0019 00000000 		.4byte	.Ldebug_ranges0+0
 138 001d 00000000 		.4byte	0
 139 0021 00000000 		.4byte	0
 140 0025 00000000 		.4byte	.Ldebug_line0
 141 0029 02       		.uleb128 0x2
 142 002a 01       		.byte	0x1
 143 002b 06       		.byte	0x6
 144 002c F5000000 		.4byte	.LASF0
 145 0030 02       		.uleb128 0x2
 146 0031 01       		.byte	0x1
 147 0032 08       		.byte	0x8
 148 0033 A6000000 		.4byte	.LASF1
 149 0037 02       		.uleb128 0x2
 150 0038 02       		.byte	0x2
 151 0039 05       		.byte	0x5
 152 003a D1000000 		.4byte	.LASF2
 153 003e 02       		.uleb128 0x2
 154 003f 02       		.byte	0x2
 155 0040 07       		.byte	0x7
 156 0041 E2000000 		.4byte	.LASF3
 157 0045 02       		.uleb128 0x2
 158 0046 04       		.byte	0x4
 159 0047 05       		.byte	0x5
 160 0048 C8000000 		.4byte	.LASF4
 161 004c 02       		.uleb128 0x2
 162 004d 04       		.byte	0x4
 163 004e 07       		.byte	0x7
 164 004f 6F000000 		.4byte	.LASF5
 165 0053 02       		.uleb128 0x2
 166 0054 08       		.byte	0x8
 167 0055 05       		.byte	0x5
 168 0056 00000000 		.4byte	.LASF6
 169 005a 02       		.uleb128 0x2
ARM GAS  C:\Users\Sam\AppData\Local\Temp\ccIXr3qf.s 			page 5


 170 005b 08       		.byte	0x8
 171 005c 07       		.byte	0x7
 172 005d 81000000 		.4byte	.LASF7
 173 0061 03       		.uleb128 0x3
 174 0062 04       		.byte	0x4
 175 0063 05       		.byte	0x5
 176 0064 696E7400 		.ascii	"int\000"
 177 0068 02       		.uleb128 0x2
 178 0069 04       		.byte	0x4
 179 006a 07       		.byte	0x7
 180 006b 0E000000 		.4byte	.LASF8
 181 006f 04       		.uleb128 0x4
 182 0070 69000000 		.4byte	.LASF9
 183 0074 02       		.byte	0x2
 184 0075 5B       		.byte	0x5b
 185 0076 30000000 		.4byte	0x30
 186 007a 04       		.uleb128 0x4
 187 007b 10010000 		.4byte	.LASF10
 188 007f 02       		.byte	0x2
 189 0080 5C       		.byte	0x5c
 190 0081 3E000000 		.4byte	0x3e
 191 0085 02       		.uleb128 0x2
 192 0086 04       		.byte	0x4
 193 0087 04       		.byte	0x4
 194 0088 01010000 		.4byte	.LASF11
 195 008c 02       		.uleb128 0x2
 196 008d 08       		.byte	0x8
 197 008e 04       		.byte	0x4
 198 008f DB000000 		.4byte	.LASF12
 199 0093 02       		.uleb128 0x2
 200 0094 01       		.byte	0x1
 201 0095 08       		.byte	0x8
 202 0096 A1000000 		.4byte	.LASF13
 203 009a 05       		.uleb128 0x5
 204 009b 6F000000 		.4byte	0x6f
 205 009f 02       		.uleb128 0x2
 206 00a0 04       		.byte	0x4
 207 00a1 07       		.byte	0x7
 208 00a2 17010000 		.4byte	.LASF14
 209 00a6 06       		.uleb128 0x6
 210 00a7 01       		.byte	0x1
 211 00a8 1B000000 		.4byte	.LASF20
 212 00ac 01       		.byte	0x1
 213 00ad 10       		.byte	0x10
 214 00ae 61000000 		.4byte	0x61
 215 00b2 00000000 		.4byte	.LFB33
 216 00b6 74000000 		.4byte	.LFE33
 217 00ba 00000000 		.4byte	.LLST0
 218 00be 01       		.byte	0x1
 219 00bf E0000000 		.4byte	0xe0
 220 00c3 07       		.uleb128 0x7
 221 00c4 98000000 		.4byte	.LASF15
 222 00c8 01       		.byte	0x1
 223 00c9 12       		.byte	0x12
 224 00ca 6F000000 		.4byte	0x6f
 225 00ce 02       		.byte	0x2
 226 00cf 91       		.byte	0x91
ARM GAS  C:\Users\Sam\AppData\Local\Temp\ccIXr3qf.s 			page 6


 227 00d0 77       		.sleb128 -9
 228 00d1 07       		.uleb128 0x7
 229 00d2 C2000000 		.4byte	.LASF16
 230 00d6 01       		.byte	0x1
 231 00d7 13       		.byte	0x13
 232 00d8 7A000000 		.4byte	0x7a
 233 00dc 02       		.byte	0x2
 234 00dd 91       		.byte	0x91
 235 00de 74       		.sleb128 -12
 236 00df 00       		.byte	0
 237 00e0 08       		.uleb128 0x8
 238 00e1 B4000000 		.4byte	.LASF21
 239 00e5 01       		.byte	0x1
 240 00e6 0E       		.byte	0xe
 241 00e7 9A000000 		.4byte	0x9a
 242 00eb 01       		.byte	0x1
 243 00ec 05       		.byte	0x5
 244 00ed 03       		.byte	0x3
 245 00ee 00000000 		.4byte	interruptFlag
 246 00f2 00       		.byte	0
 247              		.section	.debug_abbrev,"",%progbits
 248              	.Ldebug_abbrev0:
 249 0000 01       		.uleb128 0x1
 250 0001 11       		.uleb128 0x11
 251 0002 01       		.byte	0x1
 252 0003 25       		.uleb128 0x25
 253 0004 0E       		.uleb128 0xe
 254 0005 13       		.uleb128 0x13
 255 0006 0B       		.uleb128 0xb
 256 0007 03       		.uleb128 0x3
 257 0008 0E       		.uleb128 0xe
 258 0009 1B       		.uleb128 0x1b
 259 000a 0E       		.uleb128 0xe
 260 000b 55       		.uleb128 0x55
 261 000c 06       		.uleb128 0x6
 262 000d 11       		.uleb128 0x11
 263 000e 01       		.uleb128 0x1
 264 000f 52       		.uleb128 0x52
 265 0010 01       		.uleb128 0x1
 266 0011 10       		.uleb128 0x10
 267 0012 06       		.uleb128 0x6
 268 0013 00       		.byte	0
 269 0014 00       		.byte	0
 270 0015 02       		.uleb128 0x2
 271 0016 24       		.uleb128 0x24
 272 0017 00       		.byte	0
 273 0018 0B       		.uleb128 0xb
 274 0019 0B       		.uleb128 0xb
 275 001a 3E       		.uleb128 0x3e
 276 001b 0B       		.uleb128 0xb
 277 001c 03       		.uleb128 0x3
 278 001d 0E       		.uleb128 0xe
 279 001e 00       		.byte	0
 280 001f 00       		.byte	0
 281 0020 03       		.uleb128 0x3
 282 0021 24       		.uleb128 0x24
 283 0022 00       		.byte	0
ARM GAS  C:\Users\Sam\AppData\Local\Temp\ccIXr3qf.s 			page 7


 284 0023 0B       		.uleb128 0xb
 285 0024 0B       		.uleb128 0xb
 286 0025 3E       		.uleb128 0x3e
 287 0026 0B       		.uleb128 0xb
 288 0027 03       		.uleb128 0x3
 289 0028 08       		.uleb128 0x8
 290 0029 00       		.byte	0
 291 002a 00       		.byte	0
 292 002b 04       		.uleb128 0x4
 293 002c 16       		.uleb128 0x16
 294 002d 00       		.byte	0
 295 002e 03       		.uleb128 0x3
 296 002f 0E       		.uleb128 0xe
 297 0030 3A       		.uleb128 0x3a
 298 0031 0B       		.uleb128 0xb
 299 0032 3B       		.uleb128 0x3b
 300 0033 0B       		.uleb128 0xb
 301 0034 49       		.uleb128 0x49
 302 0035 13       		.uleb128 0x13
 303 0036 00       		.byte	0
 304 0037 00       		.byte	0
 305 0038 05       		.uleb128 0x5
 306 0039 35       		.uleb128 0x35
 307 003a 00       		.byte	0
 308 003b 49       		.uleb128 0x49
 309 003c 13       		.uleb128 0x13
 310 003d 00       		.byte	0
 311 003e 00       		.byte	0
 312 003f 06       		.uleb128 0x6
 313 0040 2E       		.uleb128 0x2e
 314 0041 01       		.byte	0x1
 315 0042 3F       		.uleb128 0x3f
 316 0043 0C       		.uleb128 0xc
 317 0044 03       		.uleb128 0x3
 318 0045 0E       		.uleb128 0xe
 319 0046 3A       		.uleb128 0x3a
 320 0047 0B       		.uleb128 0xb
 321 0048 3B       		.uleb128 0x3b
 322 0049 0B       		.uleb128 0xb
 323 004a 49       		.uleb128 0x49
 324 004b 13       		.uleb128 0x13
 325 004c 11       		.uleb128 0x11
 326 004d 01       		.uleb128 0x1
 327 004e 12       		.uleb128 0x12
 328 004f 01       		.uleb128 0x1
 329 0050 40       		.uleb128 0x40
 330 0051 06       		.uleb128 0x6
 331 0052 9642     		.uleb128 0x2116
 332 0054 0C       		.uleb128 0xc
 333 0055 01       		.uleb128 0x1
 334 0056 13       		.uleb128 0x13
 335 0057 00       		.byte	0
 336 0058 00       		.byte	0
 337 0059 07       		.uleb128 0x7
 338 005a 34       		.uleb128 0x34
 339 005b 00       		.byte	0
 340 005c 03       		.uleb128 0x3
ARM GAS  C:\Users\Sam\AppData\Local\Temp\ccIXr3qf.s 			page 8


 341 005d 0E       		.uleb128 0xe
 342 005e 3A       		.uleb128 0x3a
 343 005f 0B       		.uleb128 0xb
 344 0060 3B       		.uleb128 0x3b
 345 0061 0B       		.uleb128 0xb
 346 0062 49       		.uleb128 0x49
 347 0063 13       		.uleb128 0x13
 348 0064 02       		.uleb128 0x2
 349 0065 0A       		.uleb128 0xa
 350 0066 00       		.byte	0
 351 0067 00       		.byte	0
 352 0068 08       		.uleb128 0x8
 353 0069 34       		.uleb128 0x34
 354 006a 00       		.byte	0
 355 006b 03       		.uleb128 0x3
 356 006c 0E       		.uleb128 0xe
 357 006d 3A       		.uleb128 0x3a
 358 006e 0B       		.uleb128 0xb
 359 006f 3B       		.uleb128 0x3b
 360 0070 0B       		.uleb128 0xb
 361 0071 49       		.uleb128 0x49
 362 0072 13       		.uleb128 0x13
 363 0073 3F       		.uleb128 0x3f
 364 0074 0C       		.uleb128 0xc
 365 0075 02       		.uleb128 0x2
 366 0076 0A       		.uleb128 0xa
 367 0077 00       		.byte	0
 368 0078 00       		.byte	0
 369 0079 00       		.byte	0
 370              		.section	.debug_loc,"",%progbits
 371              	.Ldebug_loc0:
 372              	.LLST0:
 373 0000 00000000 		.4byte	.LFB33
 374 0004 02000000 		.4byte	.LCFI0
 375 0008 0200     		.2byte	0x2
 376 000a 7D       		.byte	0x7d
 377 000b 00       		.sleb128 0
 378 000c 02000000 		.4byte	.LCFI0
 379 0010 04000000 		.4byte	.LCFI1
 380 0014 0200     		.2byte	0x2
 381 0016 7D       		.byte	0x7d
 382 0017 08       		.sleb128 8
 383 0018 04000000 		.4byte	.LCFI1
 384 001c 06000000 		.4byte	.LCFI2
 385 0020 0200     		.2byte	0x2
 386 0022 7D       		.byte	0x7d
 387 0023 10       		.sleb128 16
 388 0024 06000000 		.4byte	.LCFI2
 389 0028 74000000 		.4byte	.LFE33
 390 002c 0200     		.2byte	0x2
 391 002e 77       		.byte	0x77
 392 002f 10       		.sleb128 16
 393 0030 00000000 		.4byte	0
 394 0034 00000000 		.4byte	0
 395              		.section	.debug_aranges,"",%progbits
 396 0000 1C000000 		.4byte	0x1c
 397 0004 0200     		.2byte	0x2
ARM GAS  C:\Users\Sam\AppData\Local\Temp\ccIXr3qf.s 			page 9


 398 0006 00000000 		.4byte	.Ldebug_info0
 399 000a 04       		.byte	0x4
 400 000b 00       		.byte	0
 401 000c 0000     		.2byte	0
 402 000e 0000     		.2byte	0
 403 0010 00000000 		.4byte	.LFB33
 404 0014 74000000 		.4byte	.LFE33-.LFB33
 405 0018 00000000 		.4byte	0
 406 001c 00000000 		.4byte	0
 407              		.section	.debug_ranges,"",%progbits
 408              	.Ldebug_ranges0:
 409 0000 00000000 		.4byte	.LFB33
 410 0004 74000000 		.4byte	.LFE33
 411 0008 00000000 		.4byte	0
 412 000c 00000000 		.4byte	0
 413              		.section	.debug_line,"",%progbits
 414              	.Ldebug_line0:
 415 0000 72000000 		.section	.debug_str,"MS",%progbits,1
 415      02004500 
 415      00000201 
 415      FB0E0D00 
 415      01010101 
 416              	.LASF6:
 417 0000 6C6F6E67 		.ascii	"long long int\000"
 417      206C6F6E 
 417      6720696E 
 417      7400
 418              	.LASF8:
 419 000e 756E7369 		.ascii	"unsigned int\000"
 419      676E6564 
 419      20696E74 
 419      00
 420              	.LASF20:
 421 001b 6D61696E 		.ascii	"main\000"
 421      00
 422              	.LASF17:
 423 0020 474E5520 		.ascii	"GNU C 4.7.3 20130312 (release) [ARM/embedded-4_7-br"
 423      4320342E 
 423      372E3320 
 423      32303133 
 423      30333132 
 424 0053 616E6368 		.ascii	"anch revision 196615]\000"
 424      20726576 
 424      6973696F 
 424      6E203139 
 424      36363135 
 425              	.LASF9:
 426 0069 75696E74 		.ascii	"uint8\000"
 426      3800
 427              	.LASF5:
 428 006f 6C6F6E67 		.ascii	"long unsigned int\000"
 428      20756E73 
 428      69676E65 
 428      6420696E 
 428      7400
 429              	.LASF7:
 430 0081 6C6F6E67 		.ascii	"long long unsigned int\000"
ARM GAS  C:\Users\Sam\AppData\Local\Temp\ccIXr3qf.s 			page 10


 430      206C6F6E 
 430      6720756E 
 430      7369676E 
 430      65642069 
 431              	.LASF15:
 432 0098 4C454456 		.ascii	"LEDValue\000"
 432      616C7565 
 432      00
 433              	.LASF13:
 434 00a1 63686172 		.ascii	"char\000"
 434      00
 435              	.LASF1:
 436 00a6 756E7369 		.ascii	"unsigned char\000"
 436      676E6564 
 436      20636861 
 436      7200
 437              	.LASF21:
 438 00b4 696E7465 		.ascii	"interruptFlag\000"
 438      72727570 
 438      74466C61 
 438      6700
 439              	.LASF16:
 440 00c2 636F756E 		.ascii	"count\000"
 440      7400
 441              	.LASF4:
 442 00c8 6C6F6E67 		.ascii	"long int\000"
 442      20696E74 
 442      00
 443              	.LASF2:
 444 00d1 73686F72 		.ascii	"short int\000"
 444      7420696E 
 444      7400
 445              	.LASF12:
 446 00db 646F7562 		.ascii	"double\000"
 446      6C6500
 447              	.LASF3:
 448 00e2 73686F72 		.ascii	"short unsigned int\000"
 448      7420756E 
 448      7369676E 
 448      65642069 
 448      6E7400
 449              	.LASF0:
 450 00f5 7369676E 		.ascii	"signed char\000"
 450      65642063 
 450      68617200 
 451              	.LASF11:
 452 0101 666C6F61 		.ascii	"float\000"
 452      7400
 453              	.LASF18:
 454 0107 2E5C6D61 		.ascii	".\\main.c\000"
 454      696E2E63 
 454      00
 455              	.LASF10:
 456 0110 75696E74 		.ascii	"uint16\000"
 456      313600
 457              	.LASF14:
 458 0117 73697A65 		.ascii	"sizetype\000"
ARM GAS  C:\Users\Sam\AppData\Local\Temp\ccIXr3qf.s 			page 11


 458      74797065 
 458      00
 459              	.LASF19:
 460 0120 433A5C55 		.ascii	"C:\\Users\\Sam\\Dropbox\\Work\\PSoC\\Blinking LED\\"
 460      73657273 
 460      5C53616D 
 460      5C44726F 
 460      70626F78 
 461 014c 4C454420 		.ascii	"LED blink basic.cydsn\000"
 461      626C696E 
 461      6B206261 
 461      7369632E 
 461      63796473 
 462              		.ident	"GCC: (GNU Tools for ARM Embedded Processors) 4.7.3 20130312 (release) [ARM/embedded-4_7-br
