ARM GAS  C:\Users\Sam\AppData\Local\Temp\cc2Ee5hY.s 			page 1


   1              		.cpu cortex-m0
   2              		.fpu softvfp
   3              		.eabi_attribute 20, 1
   4              		.eabi_attribute 21, 1
   5              		.eabi_attribute 23, 3
   6              		.eabi_attribute 24, 1
   7              		.eabi_attribute 25, 1
   8              		.eabi_attribute 26, 1
   9              		.eabi_attribute 30, 6
  10              		.eabi_attribute 34, 0
  11              		.eabi_attribute 18, 4
  12              		.code	16
  13              		.file	"cyfitter_cfg.c"
  14              		.text
  15              	.Ltext0:
  16              		.cfi_sections	.debug_frame
  17              		.section	.text.CYMEMZERO,"ax",%progbits
  18              		.align	2
  19              		.code	16
  20              		.thumb_func
  21              		.type	CYMEMZERO, %function
  22              	CYMEMZERO:
  23              	.LFB0:
  24              		.file 1 ".\\Generated_Source\\PSoC4\\cyfitter_cfg.c"
   1:.\Generated_Source\PSoC4/cyfitter_cfg.c **** /*******************************************************************************
   2:.\Generated_Source\PSoC4/cyfitter_cfg.c **** * FILENAME: cyfitter_cfg.c
   3:.\Generated_Source\PSoC4/cyfitter_cfg.c **** * PSoC Creator 3.0 Component Pack 7
   4:.\Generated_Source\PSoC4/cyfitter_cfg.c **** *
   5:.\Generated_Source\PSoC4/cyfitter_cfg.c **** * Description:
   6:.\Generated_Source\PSoC4/cyfitter_cfg.c **** * This file is automatically generated by PSoC Creator with device 
   7:.\Generated_Source\PSoC4/cyfitter_cfg.c **** * initialization code.  Except for the user defined sections in
   8:.\Generated_Source\PSoC4/cyfitter_cfg.c **** * CyClockStartupError(), this file should not be modified.
   9:.\Generated_Source\PSoC4/cyfitter_cfg.c **** *
  10:.\Generated_Source\PSoC4/cyfitter_cfg.c **** ********************************************************************************
  11:.\Generated_Source\PSoC4/cyfitter_cfg.c **** * Copyright 2013, Cypress Semiconductor Corporation.  All rights reserved.
  12:.\Generated_Source\PSoC4/cyfitter_cfg.c **** * You may use this file only in accordance with the license, terms, conditions, 
  13:.\Generated_Source\PSoC4/cyfitter_cfg.c **** * disclaimers, and limitations in the end user license agreement accompanying 
  14:.\Generated_Source\PSoC4/cyfitter_cfg.c **** * the software package with which this file was provided.
  15:.\Generated_Source\PSoC4/cyfitter_cfg.c **** ********************************************************************************/
  16:.\Generated_Source\PSoC4/cyfitter_cfg.c **** 
  17:.\Generated_Source\PSoC4/cyfitter_cfg.c **** #include <string.h>
  18:.\Generated_Source\PSoC4/cyfitter_cfg.c **** #include <cytypes.h>
  19:.\Generated_Source\PSoC4/cyfitter_cfg.c **** #include <cydevice_trm.h>
  20:.\Generated_Source\PSoC4/cyfitter_cfg.c **** #include <cyfitter.h>
  21:.\Generated_Source\PSoC4/cyfitter_cfg.c **** #include <CyLib.h>
  22:.\Generated_Source\PSoC4/cyfitter_cfg.c **** #include <cyfitter_cfg.h>
  23:.\Generated_Source\PSoC4/cyfitter_cfg.c **** 
  24:.\Generated_Source\PSoC4/cyfitter_cfg.c **** 
  25:.\Generated_Source\PSoC4/cyfitter_cfg.c **** #if defined(__GNUC__) || defined(__ARMCC_VERSION)
  26:.\Generated_Source\PSoC4/cyfitter_cfg.c ****     #define CYPACKED 
  27:.\Generated_Source\PSoC4/cyfitter_cfg.c ****     #define CYPACKED_ATTR __attribute__ ((packed))
  28:.\Generated_Source\PSoC4/cyfitter_cfg.c ****     #define CYALIGNED __attribute__ ((aligned))
  29:.\Generated_Source\PSoC4/cyfitter_cfg.c ****     #define CY_CFG_UNUSED __attribute__ ((unused))
  30:.\Generated_Source\PSoC4/cyfitter_cfg.c ****     #define CY_CFG_SECTION __attribute__ ((section(".psocinit")))
  31:.\Generated_Source\PSoC4/cyfitter_cfg.c ****     
  32:.\Generated_Source\PSoC4/cyfitter_cfg.c ****     #if defined(__ARMCC_VERSION)
  33:.\Generated_Source\PSoC4/cyfitter_cfg.c ****         #define CY_CFG_MEMORY_BARRIER() __memory_changed()
ARM GAS  C:\Users\Sam\AppData\Local\Temp\cc2Ee5hY.s 			page 2


  34:.\Generated_Source\PSoC4/cyfitter_cfg.c ****     #else
  35:.\Generated_Source\PSoC4/cyfitter_cfg.c ****         #define CY_CFG_MEMORY_BARRIER() __sync_synchronize()
  36:.\Generated_Source\PSoC4/cyfitter_cfg.c ****     #endif
  37:.\Generated_Source\PSoC4/cyfitter_cfg.c ****     
  38:.\Generated_Source\PSoC4/cyfitter_cfg.c **** #elif defined(__ICCARM__)
  39:.\Generated_Source\PSoC4/cyfitter_cfg.c ****     #include <intrinsics.h>
  40:.\Generated_Source\PSoC4/cyfitter_cfg.c **** 
  41:.\Generated_Source\PSoC4/cyfitter_cfg.c ****     #define CYPACKED __packed
  42:.\Generated_Source\PSoC4/cyfitter_cfg.c ****     #define CYPACKED_ATTR 
  43:.\Generated_Source\PSoC4/cyfitter_cfg.c ****     #define CYALIGNED _Pragma("data_alignment=4")
  44:.\Generated_Source\PSoC4/cyfitter_cfg.c ****     #define CY_CFG_UNUSED _Pragma("diag_suppress=Pe177")
  45:.\Generated_Source\PSoC4/cyfitter_cfg.c ****     #define CY_CFG_SECTION _Pragma("location=\".psocinit\"")
  46:.\Generated_Source\PSoC4/cyfitter_cfg.c ****     
  47:.\Generated_Source\PSoC4/cyfitter_cfg.c ****     #define CY_CFG_MEMORY_BARRIER() __DMB()
  48:.\Generated_Source\PSoC4/cyfitter_cfg.c ****     
  49:.\Generated_Source\PSoC4/cyfitter_cfg.c **** #else
  50:.\Generated_Source\PSoC4/cyfitter_cfg.c ****     #error Unsupported toolchain
  51:.\Generated_Source\PSoC4/cyfitter_cfg.c **** #endif
  52:.\Generated_Source\PSoC4/cyfitter_cfg.c **** 
  53:.\Generated_Source\PSoC4/cyfitter_cfg.c **** 
  54:.\Generated_Source\PSoC4/cyfitter_cfg.c **** CY_CFG_UNUSED
  55:.\Generated_Source\PSoC4/cyfitter_cfg.c **** static void CYMEMZERO(void *s, size_t n);
  56:.\Generated_Source\PSoC4/cyfitter_cfg.c **** CY_CFG_UNUSED
  57:.\Generated_Source\PSoC4/cyfitter_cfg.c **** static void CYMEMZERO(void *s, size_t n)
  58:.\Generated_Source\PSoC4/cyfitter_cfg.c **** {
  25              		.loc 1 58 0
  26              		.cfi_startproc
  27 0000 80B5     		push	{r7, lr}
  28              	.LCFI0:
  29              		.cfi_def_cfa_offset 8
  30              		.cfi_offset 7, -8
  31              		.cfi_offset 14, -4
  32 0002 82B0     		sub	sp, sp, #8
  33              	.LCFI1:
  34              		.cfi_def_cfa_offset 16
  35 0004 00AF     		add	r7, sp, #0
  36              	.LCFI2:
  37              		.cfi_def_cfa_register 7
  38 0006 7860     		str	r0, [r7, #4]
  39 0008 3960     		str	r1, [r7]
  59:.\Generated_Source\PSoC4/cyfitter_cfg.c **** 	(void)memset(s, 0, n);
  40              		.loc 1 59 0
  41 000a 7A68     		ldr	r2, [r7, #4]
  42 000c 3B68     		ldr	r3, [r7]
  43 000e 101C     		mov	r0, r2
  44 0010 0021     		mov	r1, #0
  45 0012 1A1C     		mov	r2, r3
  46 0014 FFF7FEFF 		bl	memset
  60:.\Generated_Source\PSoC4/cyfitter_cfg.c **** }
  47              		.loc 1 60 0
  48 0018 BD46     		mov	sp, r7
  49 001a 02B0     		add	sp, sp, #8
  50              		@ sp needed for prologue
  51 001c 80BD     		pop	{r7, pc}
  52              		.cfi_endproc
  53              	.LFE0:
  54              		.size	CYMEMZERO, .-CYMEMZERO
ARM GAS  C:\Users\Sam\AppData\Local\Temp\cc2Ee5hY.s 			page 3


  55 001e C046     		.section	.text.CYCONFIGCPY,"ax",%progbits
  56              		.align	2
  57              		.code	16
  58              		.thumb_func
  59              		.type	CYCONFIGCPY, %function
  60              	CYCONFIGCPY:
  61              	.LFB1:
  61:.\Generated_Source\PSoC4/cyfitter_cfg.c **** CY_CFG_UNUSED
  62:.\Generated_Source\PSoC4/cyfitter_cfg.c **** static void CYCONFIGCPY(void *dest, const void *src, size_t n);
  63:.\Generated_Source\PSoC4/cyfitter_cfg.c **** CY_CFG_UNUSED
  64:.\Generated_Source\PSoC4/cyfitter_cfg.c **** static void CYCONFIGCPY(void *dest, const void *src, size_t n)
  65:.\Generated_Source\PSoC4/cyfitter_cfg.c **** {
  62              		.loc 1 65 0
  63              		.cfi_startproc
  64 0000 80B5     		push	{r7, lr}
  65              	.LCFI3:
  66              		.cfi_def_cfa_offset 8
  67              		.cfi_offset 7, -8
  68              		.cfi_offset 14, -4
  69 0002 84B0     		sub	sp, sp, #16
  70              	.LCFI4:
  71              		.cfi_def_cfa_offset 24
  72 0004 00AF     		add	r7, sp, #0
  73              	.LCFI5:
  74              		.cfi_def_cfa_register 7
  75 0006 F860     		str	r0, [r7, #12]
  76 0008 B960     		str	r1, [r7, #8]
  77 000a 7A60     		str	r2, [r7, #4]
  66:.\Generated_Source\PSoC4/cyfitter_cfg.c **** 	(void)memcpy(dest, src, n);
  78              		.loc 1 66 0
  79 000c F968     		ldr	r1, [r7, #12]
  80 000e BA68     		ldr	r2, [r7, #8]
  81 0010 7B68     		ldr	r3, [r7, #4]
  82 0012 081C     		mov	r0, r1
  83 0014 111C     		mov	r1, r2
  84 0016 1A1C     		mov	r2, r3
  85 0018 FFF7FEFF 		bl	memcpy
  67:.\Generated_Source\PSoC4/cyfitter_cfg.c **** }
  86              		.loc 1 67 0
  87 001c BD46     		mov	sp, r7
  88 001e 04B0     		add	sp, sp, #16
  89              		@ sp needed for prologue
  90 0020 80BD     		pop	{r7, pc}
  91              		.cfi_endproc
  92              	.LFE1:
  93              		.size	CYCONFIGCPY, .-CYCONFIGCPY
  94 0022 C046     		.section	.text.CYCONFIGCPYCODE,"ax",%progbits
  95              		.align	2
  96              		.code	16
  97              		.thumb_func
  98              		.type	CYCONFIGCPYCODE, %function
  99              	CYCONFIGCPYCODE:
 100              	.LFB2:
  68:.\Generated_Source\PSoC4/cyfitter_cfg.c **** CY_CFG_UNUSED
  69:.\Generated_Source\PSoC4/cyfitter_cfg.c **** static void CYCONFIGCPYCODE(void *dest, const void *src, size_t n);
  70:.\Generated_Source\PSoC4/cyfitter_cfg.c **** CY_CFG_UNUSED
  71:.\Generated_Source\PSoC4/cyfitter_cfg.c **** static void CYCONFIGCPYCODE(void *dest, const void *src, size_t n)
ARM GAS  C:\Users\Sam\AppData\Local\Temp\cc2Ee5hY.s 			page 4


  72:.\Generated_Source\PSoC4/cyfitter_cfg.c **** {
 101              		.loc 1 72 0
 102              		.cfi_startproc
 103 0000 80B5     		push	{r7, lr}
 104              	.LCFI6:
 105              		.cfi_def_cfa_offset 8
 106              		.cfi_offset 7, -8
 107              		.cfi_offset 14, -4
 108 0002 84B0     		sub	sp, sp, #16
 109              	.LCFI7:
 110              		.cfi_def_cfa_offset 24
 111 0004 00AF     		add	r7, sp, #0
 112              	.LCFI8:
 113              		.cfi_def_cfa_register 7
 114 0006 F860     		str	r0, [r7, #12]
 115 0008 B960     		str	r1, [r7, #8]
 116 000a 7A60     		str	r2, [r7, #4]
  73:.\Generated_Source\PSoC4/cyfitter_cfg.c **** 	(void)memcpy(dest, src, n);
 117              		.loc 1 73 0
 118 000c F968     		ldr	r1, [r7, #12]
 119 000e BA68     		ldr	r2, [r7, #8]
 120 0010 7B68     		ldr	r3, [r7, #4]
 121 0012 081C     		mov	r0, r1
 122 0014 111C     		mov	r1, r2
 123 0016 1A1C     		mov	r2, r3
 124 0018 FFF7FEFF 		bl	memcpy
  74:.\Generated_Source\PSoC4/cyfitter_cfg.c **** }
 125              		.loc 1 74 0
 126 001c BD46     		mov	sp, r7
 127 001e 04B0     		add	sp, sp, #16
 128              		@ sp needed for prologue
 129 0020 80BD     		pop	{r7, pc}
 130              		.cfi_endproc
 131              	.LFE2:
 132              		.size	CYCONFIGCPYCODE, .-CYCONFIGCPYCODE
 133 0022 C046     		.section	.psocinit,"ax",%progbits
 134              		.align	2
 135              		.code	16
 136              		.thumb_func
 137              		.type	SetIMOBGTrims, %function
 138              	SetIMOBGTrims:
 139              	.LFB3:
  75:.\Generated_Source\PSoC4/cyfitter_cfg.c **** 
  76:.\Generated_Source\PSoC4/cyfitter_cfg.c **** 
  77:.\Generated_Source\PSoC4/cyfitter_cfg.c **** 
  78:.\Generated_Source\PSoC4/cyfitter_cfg.c **** /* Clock startup error codes                                                   */
  79:.\Generated_Source\PSoC4/cyfitter_cfg.c **** #define CYCLOCKSTART_NO_ERROR    0u
  80:.\Generated_Source\PSoC4/cyfitter_cfg.c **** #define CYCLOCKSTART_XTAL_ERROR  1u
  81:.\Generated_Source\PSoC4/cyfitter_cfg.c **** #define CYCLOCKSTART_32KHZ_ERROR 2u
  82:.\Generated_Source\PSoC4/cyfitter_cfg.c **** #define CYCLOCKSTART_PLL_ERROR   3u
  83:.\Generated_Source\PSoC4/cyfitter_cfg.c **** 
  84:.\Generated_Source\PSoC4/cyfitter_cfg.c **** #ifdef CY_NEED_CYCLOCKSTARTUPERROR
  85:.\Generated_Source\PSoC4/cyfitter_cfg.c **** /*******************************************************************************
  86:.\Generated_Source\PSoC4/cyfitter_cfg.c **** * Function Name: CyClockStartupError
  87:.\Generated_Source\PSoC4/cyfitter_cfg.c **** ********************************************************************************
  88:.\Generated_Source\PSoC4/cyfitter_cfg.c **** * Summary:
  89:.\Generated_Source\PSoC4/cyfitter_cfg.c **** *  If an error is encountered during clock configuration (crystal startup error,
ARM GAS  C:\Users\Sam\AppData\Local\Temp\cc2Ee5hY.s 			page 5


  90:.\Generated_Source\PSoC4/cyfitter_cfg.c **** *  PLL lock error, etc.), the system will end up here.  Unless reimplemented by
  91:.\Generated_Source\PSoC4/cyfitter_cfg.c **** *  the customer, this function will stop in an infinite loop.
  92:.\Generated_Source\PSoC4/cyfitter_cfg.c **** *
  93:.\Generated_Source\PSoC4/cyfitter_cfg.c **** * Parameters:
  94:.\Generated_Source\PSoC4/cyfitter_cfg.c **** *   void
  95:.\Generated_Source\PSoC4/cyfitter_cfg.c **** *
  96:.\Generated_Source\PSoC4/cyfitter_cfg.c **** * Return:
  97:.\Generated_Source\PSoC4/cyfitter_cfg.c **** *   void
  98:.\Generated_Source\PSoC4/cyfitter_cfg.c **** *
  99:.\Generated_Source\PSoC4/cyfitter_cfg.c **** *******************************************************************************/
 100:.\Generated_Source\PSoC4/cyfitter_cfg.c **** CY_CFG_UNUSED
 101:.\Generated_Source\PSoC4/cyfitter_cfg.c **** static void CyClockStartupError(uint8 errorCode);
 102:.\Generated_Source\PSoC4/cyfitter_cfg.c **** CY_CFG_UNUSED
 103:.\Generated_Source\PSoC4/cyfitter_cfg.c **** static void CyClockStartupError(uint8 errorCode)
 104:.\Generated_Source\PSoC4/cyfitter_cfg.c **** {
 105:.\Generated_Source\PSoC4/cyfitter_cfg.c ****     /* To remove the compiler warning if errorCode not used.                */
 106:.\Generated_Source\PSoC4/cyfitter_cfg.c ****     errorCode = errorCode;
 107:.\Generated_Source\PSoC4/cyfitter_cfg.c **** 
 108:.\Generated_Source\PSoC4/cyfitter_cfg.c ****     /* `#START CyClockStartupError` */
 109:.\Generated_Source\PSoC4/cyfitter_cfg.c **** 
 110:.\Generated_Source\PSoC4/cyfitter_cfg.c ****     /* If we have a clock startup error (bad MHz crystal, PLL lock, etc.),  */
 111:.\Generated_Source\PSoC4/cyfitter_cfg.c ****     /* we will end up here to allow the customer to implement something to  */
 112:.\Generated_Source\PSoC4/cyfitter_cfg.c ****     /* deal with the clock condition.                                       */
 113:.\Generated_Source\PSoC4/cyfitter_cfg.c **** 
 114:.\Generated_Source\PSoC4/cyfitter_cfg.c ****     /* `#END` */
 115:.\Generated_Source\PSoC4/cyfitter_cfg.c **** 
 116:.\Generated_Source\PSoC4/cyfitter_cfg.c ****     /* If nothing else, stop here since the clocks have not started         */
 117:.\Generated_Source\PSoC4/cyfitter_cfg.c ****     /* correctly.                                                           */
 118:.\Generated_Source\PSoC4/cyfitter_cfg.c ****     while(1) {}
 119:.\Generated_Source\PSoC4/cyfitter_cfg.c **** }
 120:.\Generated_Source\PSoC4/cyfitter_cfg.c **** #endif
 121:.\Generated_Source\PSoC4/cyfitter_cfg.c **** 
 122:.\Generated_Source\PSoC4/cyfitter_cfg.c **** 
 123:.\Generated_Source\PSoC4/cyfitter_cfg.c **** /*******************************************************************************
 124:.\Generated_Source\PSoC4/cyfitter_cfg.c **** * Function Name: SetIMOBGTrims
 125:.\Generated_Source\PSoC4/cyfitter_cfg.c **** ********************************************************************************
 126:.\Generated_Source\PSoC4/cyfitter_cfg.c **** *
 127:.\Generated_Source\PSoC4/cyfitter_cfg.c **** * Summary:
 128:.\Generated_Source\PSoC4/cyfitter_cfg.c **** *   Performs the configuration of the bandgap trim for the IMO based on the given
 129:.\Generated_Source\PSoC4/cyfitter_cfg.c **** *   expected frequency of the IMO. 
 130:.\Generated_Source\PSoC4/cyfitter_cfg.c **** *
 131:.\Generated_Source\PSoC4/cyfitter_cfg.c **** * Parameters:
 132:.\Generated_Source\PSoC4/cyfitter_cfg.c **** *   imoFreq: Frequency for operation of the IMO.
 133:.\Generated_Source\PSoC4/cyfitter_cfg.c **** *
 134:.\Generated_Source\PSoC4/cyfitter_cfg.c **** * Return:
 135:.\Generated_Source\PSoC4/cyfitter_cfg.c **** *   void
 136:.\Generated_Source\PSoC4/cyfitter_cfg.c **** *
 137:.\Generated_Source\PSoC4/cyfitter_cfg.c **** *******************************************************************************/
 138:.\Generated_Source\PSoC4/cyfitter_cfg.c **** static void SetIMOBGTrims(uint8 imoFreq);
 139:.\Generated_Source\PSoC4/cyfitter_cfg.c **** CY_CFG_SECTION
 140:.\Generated_Source\PSoC4/cyfitter_cfg.c **** static void SetIMOBGTrims(uint8 imoFreq)
 141:.\Generated_Source\PSoC4/cyfitter_cfg.c **** {
 140              		.loc 1 141 0
 141              		.cfi_startproc
 142 0000 80B5     		push	{r7, lr}
 143              	.LCFI9:
 144              		.cfi_def_cfa_offset 8
ARM GAS  C:\Users\Sam\AppData\Local\Temp\cc2Ee5hY.s 			page 6


 145              		.cfi_offset 7, -8
 146              		.cfi_offset 14, -4
 147 0002 84B0     		sub	sp, sp, #16
 148              	.LCFI10:
 149              		.cfi_def_cfa_offset 24
 150 0004 00AF     		add	r7, sp, #0
 151              	.LCFI11:
 152              		.cfi_def_cfa_register 7
 153 0006 021C     		mov	r2, r0
 154 0008 FB1D     		add	r3, r7, #7
 155 000a 1A70     		strb	r2, [r3]
 142:.\Generated_Source\PSoC4/cyfitter_cfg.c **** 	CYPACKED typedef struct {
 143:.\Generated_Source\PSoC4/cyfitter_cfg.c **** 		uint8 freq;
 144:.\Generated_Source\PSoC4/cyfitter_cfg.c **** 		uint8 absolute;
 145:.\Generated_Source\PSoC4/cyfitter_cfg.c **** 		uint8 tmpco;
 146:.\Generated_Source\PSoC4/cyfitter_cfg.c **** 	} CYPACKED_ATTR imo_trim_entry_t;
 147:.\Generated_Source\PSoC4/cyfitter_cfg.c **** 
 148:.\Generated_Source\PSoC4/cyfitter_cfg.c **** 	CYPACKED typedef struct {
 149:.\Generated_Source\PSoC4/cyfitter_cfg.c **** 		imo_trim_entry_t entries[4];
 150:.\Generated_Source\PSoC4/cyfitter_cfg.c **** 	} CYPACKED_ATTR imo_trim_table_t;
 151:.\Generated_Source\PSoC4/cyfitter_cfg.c **** 
 152:.\Generated_Source\PSoC4/cyfitter_cfg.c **** 	static const imo_trim_table_t *imo_trim_table = (const imo_trim_table_t *)CYREG_SFLASH_IMO_MAXF0;
 153:.\Generated_Source\PSoC4/cyfitter_cfg.c **** 	static const uint32 IMO_TRIM_FREQ_TABLE_ENTRIES = sizeof(imo_trim_table->entries)/sizeof(imo_trim_
 154:.\Generated_Source\PSoC4/cyfitter_cfg.c **** 
 155:.\Generated_Source\PSoC4/cyfitter_cfg.c **** 	int32 imoTrimIndex;
 156:.\Generated_Source\PSoC4/cyfitter_cfg.c **** 	uint8 setAbs;
 157:.\Generated_Source\PSoC4/cyfitter_cfg.c **** 	uint8 setTmpCo;
 158:.\Generated_Source\PSoC4/cyfitter_cfg.c **** 
 159:.\Generated_Source\PSoC4/cyfitter_cfg.c **** 	/* Traverse the SFLASH IMO frequency-dependent bandgap trim table to
 160:.\Generated_Source\PSoC4/cyfitter_cfg.c **** 	 * locate the appropriate value to trim the IMO bandgap based on freq. */
 161:.\Generated_Source\PSoC4/cyfitter_cfg.c **** 	setAbs = CY_GET_REG8((const void *)CYREG_SFLASH_IMO_ABS4);
 156              		.loc 1 161 0
 157 000c 224A     		ldr	r2, .L8
 158 000e 3B1C     		mov	r3, r7
 159 0010 0B33     		add	r3, r3, #11
 160 0012 1278     		ldrb	r2, [r2]
 161 0014 1A70     		strb	r2, [r3]
 162:.\Generated_Source\PSoC4/cyfitter_cfg.c **** 	setTmpCo = CY_GET_REG8((const void *)CYREG_SFLASH_IMO_TMPCO4);
 162              		.loc 1 162 0
 163 0016 214A     		ldr	r2, .L8+4
 164 0018 3B1C     		mov	r3, r7
 165 001a 0A33     		add	r3, r3, #10
 166 001c 1278     		ldrb	r2, [r2]
 167 001e 1A70     		strb	r2, [r3]
 163:.\Generated_Source\PSoC4/cyfitter_cfg.c **** 	for (imoTrimIndex = ((int32)IMO_TRIM_FREQ_TABLE_ENTRIES)-1;
 168              		.loc 1 163 0
 169 0020 1F4B     		ldr	r3, .L8+8
 170 0022 1B68     		ldr	r3, [r3]
 171 0024 013B     		sub	r3, r3, #1
 172 0026 FB60     		str	r3, [r7, #12]
 173 0028 1AE0     		b	.L5
 174              	.L7:
 164:.\Generated_Source\PSoC4/cyfitter_cfg.c **** 	     (imoTrimIndex >= 0) && (imoFreq <= imo_trim_table->entries[imoTrimIndex].freq);
 165:.\Generated_Source\PSoC4/cyfitter_cfg.c **** 	     imoTrimIndex--)
 166:.\Generated_Source\PSoC4/cyfitter_cfg.c **** 	{
 167:.\Generated_Source\PSoC4/cyfitter_cfg.c **** 		setAbs = imo_trim_table->entries[imoTrimIndex].absolute;
 175              		.loc 1 167 0
ARM GAS  C:\Users\Sam\AppData\Local\Temp\cc2Ee5hY.s 			page 7


 176 002a 1E4B     		ldr	r3, .L8+12
 177 002c 1868     		ldr	r0, [r3]
 178 002e 391C     		mov	r1, r7
 179 0030 0B31     		add	r1, r1, #11
 180 0032 FA68     		ldr	r2, [r7, #12]
 181 0034 131C     		mov	r3, r2
 182 0036 5B00     		lsl	r3, r3, #1
 183 0038 9B18     		add	r3, r3, r2
 184 003a C318     		add	r3, r0, r3
 185 003c 0133     		add	r3, r3, #1
 186 003e 1B78     		ldrb	r3, [r3]
 187 0040 0B70     		strb	r3, [r1]
 168:.\Generated_Source\PSoC4/cyfitter_cfg.c **** 		setTmpCo = imo_trim_table->entries[imoTrimIndex].tmpco;
 188              		.loc 1 168 0
 189 0042 184B     		ldr	r3, .L8+12
 190 0044 1868     		ldr	r0, [r3]
 191 0046 391C     		mov	r1, r7
 192 0048 0A31     		add	r1, r1, #10
 193 004a FA68     		ldr	r2, [r7, #12]
 194 004c 131C     		mov	r3, r2
 195 004e 5B00     		lsl	r3, r3, #1
 196 0050 9B18     		add	r3, r3, r2
 197 0052 C318     		add	r3, r0, r3
 198 0054 0233     		add	r3, r3, #2
 199 0056 1B78     		ldrb	r3, [r3]
 200 0058 0B70     		strb	r3, [r1]
 165:.\Generated_Source\PSoC4/cyfitter_cfg.c **** 	     imoTrimIndex--)
 201              		.loc 1 165 0
 202 005a FB68     		ldr	r3, [r7, #12]
 203 005c 013B     		sub	r3, r3, #1
 204 005e FB60     		str	r3, [r7, #12]
 205              	.L5:
 163:.\Generated_Source\PSoC4/cyfitter_cfg.c **** 	for (imoTrimIndex = ((int32)IMO_TRIM_FREQ_TABLE_ENTRIES)-1;
 206              		.loc 1 163 0 discriminator 1
 207 0060 FB68     		ldr	r3, [r7, #12]
 208 0062 002B     		cmp	r3, #0
 209 0064 0ADB     		blt	.L6
 164:.\Generated_Source\PSoC4/cyfitter_cfg.c **** 	     (imoTrimIndex >= 0) && (imoFreq <= imo_trim_table->entries[imoTrimIndex].freq);
 210              		.loc 1 164 0
 211 0066 0F4B     		ldr	r3, .L8+12
 212 0068 1968     		ldr	r1, [r3]
 213 006a FA68     		ldr	r2, [r7, #12]
 214 006c 131C     		mov	r3, r2
 215 006e 5B00     		lsl	r3, r3, #1
 216 0070 9B18     		add	r3, r3, r2
 217 0072 5B5C     		ldrb	r3, [r3, r1]
 218 0074 FA1D     		add	r2, r7, #7
 219 0076 1278     		ldrb	r2, [r2]
 220 0078 9A42     		cmp	r2, r3
 221 007a D6D9     		bls	.L7
 222              	.L6:
 169:.\Generated_Source\PSoC4/cyfitter_cfg.c **** 	}
 170:.\Generated_Source\PSoC4/cyfitter_cfg.c **** 
 171:.\Generated_Source\PSoC4/cyfitter_cfg.c **** 	CY_SET_REG32((void *)CYREG_PWR_BG_TRIM4, setAbs);
 223              		.loc 1 171 0
 224 007c 0A4B     		ldr	r3, .L8+16
 225 007e 3A1C     		mov	r2, r7
ARM GAS  C:\Users\Sam\AppData\Local\Temp\cc2Ee5hY.s 			page 8


 226 0080 0B32     		add	r2, r2, #11
 227 0082 1278     		ldrb	r2, [r2]
 228 0084 1A60     		str	r2, [r3]
 172:.\Generated_Source\PSoC4/cyfitter_cfg.c **** 	CY_SET_REG32((void *)CYREG_PWR_BG_TRIM5, setTmpCo);
 229              		.loc 1 172 0
 230 0086 094B     		ldr	r3, .L8+20
 231 0088 3A1C     		mov	r2, r7
 232 008a 0A32     		add	r2, r2, #10
 233 008c 1278     		ldrb	r2, [r2]
 234 008e 1A60     		str	r2, [r3]
 173:.\Generated_Source\PSoC4/cyfitter_cfg.c **** }
 235              		.loc 1 173 0
 236 0090 BD46     		mov	sp, r7
 237 0092 04B0     		add	sp, sp, #16
 238              		@ sp needed for prologue
 239 0094 80BD     		pop	{r7, pc}
 240              	.L9:
 241 0096 C046     		.align	2
 242              	.L8:
 243 0098 CCF1FF0F 		.word	268431820
 244 009c CDF1FF0F 		.word	268431821
 245 00a0 0C000000 		.word	IMO_TRIM_FREQ_TABLE_ENTRIES.4619
 246 00a4 00000000 		.word	imo_trim_table.4618
 247 00a8 1CFF0B40 		.word	1074528028
 248 00ac 20FF0B40 		.word	1074528032
 249              		.cfi_endproc
 250              	.LFE3:
 251              		.size	SetIMOBGTrims, .-SetIMOBGTrims
 252              		.align	2
 253              		.code	16
 254              		.thumb_func
 255              		.type	ClockSetup, %function
 256              	ClockSetup:
 257              	.LFB4:
 174:.\Generated_Source\PSoC4/cyfitter_cfg.c **** 
 175:.\Generated_Source\PSoC4/cyfitter_cfg.c **** 
 176:.\Generated_Source\PSoC4/cyfitter_cfg.c **** 
 177:.\Generated_Source\PSoC4/cyfitter_cfg.c **** /*******************************************************************************
 178:.\Generated_Source\PSoC4/cyfitter_cfg.c **** * Function Name: ClockSetup
 179:.\Generated_Source\PSoC4/cyfitter_cfg.c **** ********************************************************************************
 180:.\Generated_Source\PSoC4/cyfitter_cfg.c **** *
 181:.\Generated_Source\PSoC4/cyfitter_cfg.c **** * Summary:
 182:.\Generated_Source\PSoC4/cyfitter_cfg.c **** *   Performs the initialization of all of the clocks in the device based on the
 183:.\Generated_Source\PSoC4/cyfitter_cfg.c **** *   settings in the Clock tab of the DWR.  This includes enabling the requested
 184:.\Generated_Source\PSoC4/cyfitter_cfg.c **** *   clocks and setting the necessary dividers to produce the desired frequency. 
 185:.\Generated_Source\PSoC4/cyfitter_cfg.c **** *
 186:.\Generated_Source\PSoC4/cyfitter_cfg.c **** * Parameters:
 187:.\Generated_Source\PSoC4/cyfitter_cfg.c **** *   void
 188:.\Generated_Source\PSoC4/cyfitter_cfg.c **** *
 189:.\Generated_Source\PSoC4/cyfitter_cfg.c **** * Return:
 190:.\Generated_Source\PSoC4/cyfitter_cfg.c **** *   void
 191:.\Generated_Source\PSoC4/cyfitter_cfg.c **** *
 192:.\Generated_Source\PSoC4/cyfitter_cfg.c **** *******************************************************************************/
 193:.\Generated_Source\PSoC4/cyfitter_cfg.c **** static void ClockSetup(void);
 194:.\Generated_Source\PSoC4/cyfitter_cfg.c **** CY_CFG_SECTION
 195:.\Generated_Source\PSoC4/cyfitter_cfg.c **** static void ClockSetup(void)
 196:.\Generated_Source\PSoC4/cyfitter_cfg.c **** {
ARM GAS  C:\Users\Sam\AppData\Local\Temp\cc2Ee5hY.s 			page 9


 258              		.loc 1 196 0
 259              		.cfi_startproc
 260 00b0 80B5     		push	{r7, lr}
 261              	.LCFI12:
 262              		.cfi_def_cfa_offset 8
 263              		.cfi_offset 7, -8
 264              		.cfi_offset 14, -4
 265 00b2 00AF     		add	r7, sp, #0
 266              	.LCFI13:
 267              		.cfi_def_cfa_register 7
 197:.\Generated_Source\PSoC4/cyfitter_cfg.c **** 	/* Enable HALF_EN before trimming for the flash accelerator. */
 198:.\Generated_Source\PSoC4/cyfitter_cfg.c **** 	CY_SET_REG32((void CYXDATA *)(CYREG_CLK_SELECT), (CY_GET_REG32((void *)CYREG_CLK_SELECT) | 0x00040
 268              		.loc 1 198 0
 269 00b4 164B     		ldr	r3, .L11
 270 00b6 164A     		ldr	r2, .L11
 271 00b8 1268     		ldr	r2, [r2]
 272 00ba 8021     		mov	r1, #128
 273 00bc C902     		lsl	r1, r1, #11
 274 00be 0A43     		orr	r2, r1
 275 00c0 1A60     		str	r2, [r3]
 199:.\Generated_Source\PSoC4/cyfitter_cfg.c **** 
 200:.\Generated_Source\PSoC4/cyfitter_cfg.c **** 	/* Trim IMO BG based on desired frequency. */
 201:.\Generated_Source\PSoC4/cyfitter_cfg.c **** 	SetIMOBGTrims(24u);
 276              		.loc 1 201 0
 277 00c2 1820     		mov	r0, #24
 278 00c4 FFF79CFF 		bl	SetIMOBGTrims
 202:.\Generated_Source\PSoC4/cyfitter_cfg.c **** 
 203:.\Generated_Source\PSoC4/cyfitter_cfg.c **** 	/* Going less than or equal to 24MHz, so update the clock speed then adjust trim value. */
 204:.\Generated_Source\PSoC4/cyfitter_cfg.c **** 	CY_SET_REG32((void CYXDATA *)(CYREG_CLK_IMO_TRIM2), (25u));
 279              		.loc 1 204 0
 280 00c8 124B     		ldr	r3, .L11+4
 281 00ca 1922     		mov	r2, #25
 282 00cc 1A60     		str	r2, [r3]
 205:.\Generated_Source\PSoC4/cyfitter_cfg.c **** 	CyDelayCycles(5u);
 283              		.loc 1 205 0
 284 00ce 0520     		mov	r0, #5
 285 00d0 FFF7FEFF 		bl	CyDelayCycles
 206:.\Generated_Source\PSoC4/cyfitter_cfg.c **** 	CY_SET_REG32((void CYXDATA *)(CYREG_CLK_IMO_TRIM1), (CY_GET_REG8((void *)CYREG_SFLASH_IMO_TRIM21))
 286              		.loc 1 206 0
 287 00d4 104B     		ldr	r3, .L11+8
 288 00d6 114A     		ldr	r2, .L11+12
 289 00d8 1278     		ldrb	r2, [r2]
 290 00da D2B2     		uxtb	r2, r2
 291 00dc 1A60     		str	r2, [r3]
 207:.\Generated_Source\PSoC4/cyfitter_cfg.c **** 	CyDelayUs(5u);
 292              		.loc 1 207 0
 293 00de 0520     		mov	r0, #5
 294 00e0 FFF7FEFF 		bl	CyDelayUs
 208:.\Generated_Source\PSoC4/cyfitter_cfg.c **** 
 209:.\Generated_Source\PSoC4/cyfitter_cfg.c **** 	/* Disable HALF_EN since it is not required at this IMO frequency. */
 210:.\Generated_Source\PSoC4/cyfitter_cfg.c **** 	CY_SET_REG32((void CYXDATA *)(CYREG_CLK_SELECT), (CY_GET_REG32((void *)CYREG_CLK_SELECT) & 0xFFFBF
 295              		.loc 1 210 0
 296 00e4 0A4B     		ldr	r3, .L11
 297 00e6 0A4A     		ldr	r2, .L11
 298 00e8 1168     		ldr	r1, [r2]
 299 00ea 0D4A     		ldr	r2, .L11+16
 300 00ec 0A40     		and	r2, r1
ARM GAS  C:\Users\Sam\AppData\Local\Temp\cc2Ee5hY.s 			page 10


 301 00ee 1A60     		str	r2, [r3]
 211:.\Generated_Source\PSoC4/cyfitter_cfg.c **** 
 212:.\Generated_Source\PSoC4/cyfitter_cfg.c **** 	/* CYDEV_CLK_SELECT00 Starting address: CYDEV_CLK_SELECT00 */
 213:.\Generated_Source\PSoC4/cyfitter_cfg.c **** 	CY_SET_XTND_REG32((void CYFAR *)(CYREG_CLK_SELECT08), 0x00000010u);
 302              		.loc 1 213 0
 303 00f0 0C4B     		ldr	r3, .L11+20
 304 00f2 1022     		mov	r2, #16
 305 00f4 1A60     		str	r2, [r3]
 214:.\Generated_Source\PSoC4/cyfitter_cfg.c **** 
 215:.\Generated_Source\PSoC4/cyfitter_cfg.c **** 	/* CYDEV_CLK_IMO_CONFIG Starting address: CYDEV_CLK_IMO_CONFIG */
 216:.\Generated_Source\PSoC4/cyfitter_cfg.c **** 	CY_SET_XTND_REG32((void CYFAR *)(CYREG_CLK_IMO_CONFIG), 0x80000000u);
 306              		.loc 1 216 0
 307 00f6 0C4B     		ldr	r3, .L11+24
 308 00f8 8022     		mov	r2, #128
 309 00fa 1206     		lsl	r2, r2, #24
 310 00fc 1A60     		str	r2, [r3]
 217:.\Generated_Source\PSoC4/cyfitter_cfg.c **** 
 218:.\Generated_Source\PSoC4/cyfitter_cfg.c **** 	/* CYDEV_CLK_ILO_CONFIG Starting address: CYDEV_CLK_ILO_CONFIG */
 219:.\Generated_Source\PSoC4/cyfitter_cfg.c **** 	CY_SET_XTND_REG32((void CYFAR *)(CYREG_CLK_ILO_CONFIG), 0x80000000u);
 311              		.loc 1 219 0
 312 00fe 0B4B     		ldr	r3, .L11+28
 313 0100 8022     		mov	r2, #128
 314 0102 1206     		lsl	r2, r2, #24
 315 0104 1A60     		str	r2, [r3]
 220:.\Generated_Source\PSoC4/cyfitter_cfg.c **** 
 221:.\Generated_Source\PSoC4/cyfitter_cfg.c **** 	/* CYDEV_CLK_DIVIDER_A00 Starting address: CYDEV_CLK_DIVIDER_A00 */
 222:.\Generated_Source\PSoC4/cyfitter_cfg.c **** 	CY_SET_XTND_REG32((void CYFAR *)(CYREG_CLK_DIVIDER_A00), 0x80005DBFu);
 316              		.loc 1 222 0
 317 0106 0A4B     		ldr	r3, .L11+32
 318 0108 0A4A     		ldr	r2, .L11+36
 319 010a 1A60     		str	r2, [r3]
 223:.\Generated_Source\PSoC4/cyfitter_cfg.c **** 
 224:.\Generated_Source\PSoC4/cyfitter_cfg.c **** }
 320              		.loc 1 224 0
 321 010c BD46     		mov	sp, r7
 322              		@ sp needed for prologue
 323 010e 80BD     		pop	{r7, pc}
 324              	.L12:
 325              		.align	2
 326              	.L11:
 327 0110 00010B40 		.word	1074462976
 328 0114 2CFF0B40 		.word	1074528044
 329 0118 28FF0B40 		.word	1074528040
 330 011c E5F1FF0F 		.word	268431845
 331 0120 FFFFFBFF 		.word	-262145
 332 0124 20020240 		.word	1073873440
 333 0128 08010B40 		.word	1074462984
 334 012c 04010B40 		.word	1074462980
 335 0130 00000240 		.word	1073872896
 336 0134 BF5D0080 		.word	-2147459649
 337              		.cfi_endproc
 338              	.LFE4:
 339              		.size	ClockSetup, .-ClockSetup
 340              		.section	.text.AnalogSetDefault,"ax",%progbits
 341              		.align	2
 342              		.code	16
 343              		.thumb_func
ARM GAS  C:\Users\Sam\AppData\Local\Temp\cc2Ee5hY.s 			page 11


 344              		.type	AnalogSetDefault, %function
 345              	AnalogSetDefault:
 346              	.LFB5:
 225:.\Generated_Source\PSoC4/cyfitter_cfg.c **** 
 226:.\Generated_Source\PSoC4/cyfitter_cfg.c **** 
 227:.\Generated_Source\PSoC4/cyfitter_cfg.c **** /* Analog API Functions */
 228:.\Generated_Source\PSoC4/cyfitter_cfg.c **** 
 229:.\Generated_Source\PSoC4/cyfitter_cfg.c **** 
 230:.\Generated_Source\PSoC4/cyfitter_cfg.c **** /*******************************************************************************
 231:.\Generated_Source\PSoC4/cyfitter_cfg.c **** * Function Name: AnalogSetDefault
 232:.\Generated_Source\PSoC4/cyfitter_cfg.c **** ********************************************************************************
 233:.\Generated_Source\PSoC4/cyfitter_cfg.c **** *
 234:.\Generated_Source\PSoC4/cyfitter_cfg.c **** * Summary:
 235:.\Generated_Source\PSoC4/cyfitter_cfg.c **** *  Sets up the analog portions of the chip to default values based on chip
 236:.\Generated_Source\PSoC4/cyfitter_cfg.c **** *  configuration options from the project.
 237:.\Generated_Source\PSoC4/cyfitter_cfg.c **** *
 238:.\Generated_Source\PSoC4/cyfitter_cfg.c **** * Parameters:
 239:.\Generated_Source\PSoC4/cyfitter_cfg.c **** *  void
 240:.\Generated_Source\PSoC4/cyfitter_cfg.c **** *
 241:.\Generated_Source\PSoC4/cyfitter_cfg.c **** * Return:
 242:.\Generated_Source\PSoC4/cyfitter_cfg.c **** *  void
 243:.\Generated_Source\PSoC4/cyfitter_cfg.c **** *
 244:.\Generated_Source\PSoC4/cyfitter_cfg.c **** *******************************************************************************/
 245:.\Generated_Source\PSoC4/cyfitter_cfg.c **** static void AnalogSetDefault(void);
 246:.\Generated_Source\PSoC4/cyfitter_cfg.c **** static void AnalogSetDefault(void)
 247:.\Generated_Source\PSoC4/cyfitter_cfg.c **** {
 347              		.loc 1 247 0
 348              		.cfi_startproc
 349 0000 80B5     		push	{r7, lr}
 350              	.LCFI14:
 351              		.cfi_def_cfa_offset 8
 352              		.cfi_offset 7, -8
 353              		.cfi_offset 14, -4
 354 0002 00AF     		add	r7, sp, #0
 355              	.LCFI15:
 356              		.cfi_def_cfa_register 7
 248:.\Generated_Source\PSoC4/cyfitter_cfg.c **** }
 357              		.loc 1 248 0
 358 0004 BD46     		mov	sp, r7
 359              		@ sp needed for prologue
 360 0006 80BD     		pop	{r7, pc}
 361              		.cfi_endproc
 362              	.LFE5:
 363              		.size	AnalogSetDefault, .-AnalogSetDefault
 364              		.section	.psocinit
 365              		.align	2
 366              		.global	cyfitter_cfg
 367              		.code	16
 368              		.thumb_func
 369              		.type	cyfitter_cfg, %function
 370              	cyfitter_cfg:
 371              	.LFB6:
 249:.\Generated_Source\PSoC4/cyfitter_cfg.c **** 
 250:.\Generated_Source\PSoC4/cyfitter_cfg.c **** #define CY_AMUX_UNUSED CYREG_CM0_ROM_DWT
 251:.\Generated_Source\PSoC4/cyfitter_cfg.c **** 
 252:.\Generated_Source\PSoC4/cyfitter_cfg.c **** 
 253:.\Generated_Source\PSoC4/cyfitter_cfg.c **** /*******************************************************************************
ARM GAS  C:\Users\Sam\AppData\Local\Temp\cc2Ee5hY.s 			page 12


 254:.\Generated_Source\PSoC4/cyfitter_cfg.c **** * Function Name: cyfitter_cfg
 255:.\Generated_Source\PSoC4/cyfitter_cfg.c **** ********************************************************************************
 256:.\Generated_Source\PSoC4/cyfitter_cfg.c **** * Summary:
 257:.\Generated_Source\PSoC4/cyfitter_cfg.c **** *  This function is called by the start-up code for the selected device. It
 258:.\Generated_Source\PSoC4/cyfitter_cfg.c **** *  performs all of the necessary device configuration based on the design
 259:.\Generated_Source\PSoC4/cyfitter_cfg.c **** *  settings.  This includes settings from the Design Wide Resources (DWR) such
 260:.\Generated_Source\PSoC4/cyfitter_cfg.c **** *  as Clocks and Pins as well as any component configuration that is necessary.
 261:.\Generated_Source\PSoC4/cyfitter_cfg.c **** *
 262:.\Generated_Source\PSoC4/cyfitter_cfg.c **** * Parameters:  
 263:.\Generated_Source\PSoC4/cyfitter_cfg.c **** *   void
 264:.\Generated_Source\PSoC4/cyfitter_cfg.c **** *
 265:.\Generated_Source\PSoC4/cyfitter_cfg.c **** * Return:
 266:.\Generated_Source\PSoC4/cyfitter_cfg.c **** *   void
 267:.\Generated_Source\PSoC4/cyfitter_cfg.c **** *
 268:.\Generated_Source\PSoC4/cyfitter_cfg.c **** *******************************************************************************/
 269:.\Generated_Source\PSoC4/cyfitter_cfg.c **** CY_CFG_SECTION
 270:.\Generated_Source\PSoC4/cyfitter_cfg.c **** void cyfitter_cfg(void)
 271:.\Generated_Source\PSoC4/cyfitter_cfg.c **** {
 372              		.loc 1 271 0
 373              		.cfi_startproc
 374 0138 80B5     		push	{r7, lr}
 375              	.LCFI16:
 376              		.cfi_def_cfa_offset 8
 377              		.cfi_offset 7, -8
 378              		.cfi_offset 14, -4
 379 013a 82B0     		sub	sp, sp, #8
 380              	.LCFI17:
 381              		.cfi_def_cfa_offset 16
 382 013c 00AF     		add	r7, sp, #0
 383              	.LCFI18:
 384              		.cfi_def_cfa_register 7
 272:.\Generated_Source\PSoC4/cyfitter_cfg.c **** 	/* Disable interrupts by default. Let user enable if/when they want. */
 273:.\Generated_Source\PSoC4/cyfitter_cfg.c **** 	CyGlobalIntDisable;
 385              		.loc 1 273 0
 386              	@ 273 ".\Generated_Source\PSoC4\cyfitter_cfg.c" 1
 387 013e 72B6     		CPSID   i
 388              	@ 0 "" 2
 389              		.code	16
 390              	.LBB2:
 274:.\Generated_Source\PSoC4/cyfitter_cfg.c **** 
 275:.\Generated_Source\PSoC4/cyfitter_cfg.c **** 	{
 276:.\Generated_Source\PSoC4/cyfitter_cfg.c **** 
 277:.\Generated_Source\PSoC4/cyfitter_cfg.c **** 		CYPACKED typedef struct {
 278:.\Generated_Source\PSoC4/cyfitter_cfg.c **** 			void CYFAR *address;
 279:.\Generated_Source\PSoC4/cyfitter_cfg.c **** 			uint16 size;
 280:.\Generated_Source\PSoC4/cyfitter_cfg.c **** 		} CYPACKED_ATTR cfg_memset_t;
 281:.\Generated_Source\PSoC4/cyfitter_cfg.c **** 
 282:.\Generated_Source\PSoC4/cyfitter_cfg.c **** 		static const cfg_memset_t CYCODE cfg_memset_list [] = {
 283:.\Generated_Source\PSoC4/cyfitter_cfg.c **** 			/* address, size */
 284:.\Generated_Source\PSoC4/cyfitter_cfg.c **** 			{(void CYFAR *)(CYDEV_UDB_P0_U0_BASE), 1024u},
 285:.\Generated_Source\PSoC4/cyfitter_cfg.c **** 			{(void CYFAR *)(CYDEV_UDB_DSI0_BASE), 1024u},
 286:.\Generated_Source\PSoC4/cyfitter_cfg.c **** 		};
 287:.\Generated_Source\PSoC4/cyfitter_cfg.c **** 
 288:.\Generated_Source\PSoC4/cyfitter_cfg.c **** 		uint8 CYDATA i;
 289:.\Generated_Source\PSoC4/cyfitter_cfg.c **** 
 290:.\Generated_Source\PSoC4/cyfitter_cfg.c **** 		/* Zero out critical memory blocks before beginning configuration */
 291:.\Generated_Source\PSoC4/cyfitter_cfg.c **** 		for (i = 0u; i < (sizeof(cfg_memset_list)/sizeof(cfg_memset_list[0])); i++)
ARM GAS  C:\Users\Sam\AppData\Local\Temp\cc2Ee5hY.s 			page 13


 391              		.loc 1 291 0
 392 0140 FB1D     		add	r3, r7, #7
 393 0142 0022     		mov	r2, #0
 394 0144 1A70     		strb	r2, [r3]
 395 0146 23E0     		b	.L15
 396              	.L16:
 397              	.LBB3:
 292:.\Generated_Source\PSoC4/cyfitter_cfg.c **** 		{
 293:.\Generated_Source\PSoC4/cyfitter_cfg.c **** 			const cfg_memset_t CYCODE * CYDATA ms = &cfg_memset_list[i];
 398              		.loc 1 293 0 discriminator 2
 399 0148 FB1D     		add	r3, r7, #7
 400 014a 1A78     		ldrb	r2, [r3]
 401 014c 131C     		mov	r3, r2
 402 014e 5B00     		lsl	r3, r3, #1
 403 0150 9B18     		add	r3, r3, r2
 404 0152 5B00     		lsl	r3, r3, #1
 405 0154 274A     		ldr	r2, .L17
 406 0156 9B18     		add	r3, r3, r2
 407 0158 3B60     		str	r3, [r7]
 294:.\Generated_Source\PSoC4/cyfitter_cfg.c **** 			CYMEMZERO(ms->address, (uint32)(ms->size));
 408              		.loc 1 294 0 discriminator 2
 409 015a 3B68     		ldr	r3, [r7]
 410 015c 1A78     		ldrb	r2, [r3]
 411 015e 5978     		ldrb	r1, [r3, #1]
 412 0160 0902     		lsl	r1, r1, #8
 413 0162 0A43     		orr	r2, r1
 414 0164 9978     		ldrb	r1, [r3, #2]
 415 0166 0904     		lsl	r1, r1, #16
 416 0168 0A43     		orr	r2, r1
 417 016a DB78     		ldrb	r3, [r3, #3]
 418 016c 1B06     		lsl	r3, r3, #24
 419 016e 1343     		orr	r3, r2
 420 0170 1A1C     		mov	r2, r3
 421 0172 3B68     		ldr	r3, [r7]
 422 0174 1979     		ldrb	r1, [r3, #4]
 423 0176 5B79     		ldrb	r3, [r3, #5]
 424 0178 1B02     		lsl	r3, r3, #8
 425 017a 0B43     		orr	r3, r1
 426 017c 9BB2     		uxth	r3, r3
 427 017e 101C     		mov	r0, r2
 428 0180 191C     		mov	r1, r3
 429 0182 FFF7FEFF 		bl	CYMEMZERO
 430              	.LBE3:
 291:.\Generated_Source\PSoC4/cyfitter_cfg.c **** 		for (i = 0u; i < (sizeof(cfg_memset_list)/sizeof(cfg_memset_list[0])); i++)
 431              		.loc 1 291 0 discriminator 2
 432 0186 FB1D     		add	r3, r7, #7
 433 0188 FA1D     		add	r2, r7, #7
 434 018a 1278     		ldrb	r2, [r2]
 435 018c 0132     		add	r2, r2, #1
 436 018e 1A70     		strb	r2, [r3]
 437              	.L15:
 291:.\Generated_Source\PSoC4/cyfitter_cfg.c **** 		for (i = 0u; i < (sizeof(cfg_memset_list)/sizeof(cfg_memset_list[0])); i++)
 438              		.loc 1 291 0 is_stmt 0 discriminator 1
 439 0190 FB1D     		add	r3, r7, #7
 440 0192 1B78     		ldrb	r3, [r3]
 441 0194 012B     		cmp	r3, #1
 442 0196 D7D9     		bls	.L16
ARM GAS  C:\Users\Sam\AppData\Local\Temp\cc2Ee5hY.s 			page 14


 295:.\Generated_Source\PSoC4/cyfitter_cfg.c **** 		}
 296:.\Generated_Source\PSoC4/cyfitter_cfg.c **** 
 297:.\Generated_Source\PSoC4/cyfitter_cfg.c **** 		/* HSIOM Starting address: CYDEV_HSIOM_BASE */
 298:.\Generated_Source\PSoC4/cyfitter_cfg.c **** 		CY_SET_XTND_REG32((void CYFAR *)(CYREG_HSIOM_PORT_SEL3), 0x0000EE00u);
 443              		.loc 1 298 0 is_stmt 1
 444 0198 174B     		ldr	r3, .L17+4
 445 019a EE22     		mov	r2, #238
 446 019c 1202     		lsl	r2, r2, #8
 447 019e 1A60     		str	r2, [r3]
 299:.\Generated_Source\PSoC4/cyfitter_cfg.c **** 
 300:.\Generated_Source\PSoC4/cyfitter_cfg.c **** 		/* IOPINS0_0 Starting address: CYDEV_PRT0_DR */
 301:.\Generated_Source\PSoC4/cyfitter_cfg.c **** 		CY_SET_XTND_REG32((void CYFAR *)(CYREG_PRT0_PC), 0x00000180u);
 448              		.loc 1 301 0
 449 01a0 164B     		ldr	r3, .L17+8
 450 01a2 C022     		mov	r2, #192
 451 01a4 5200     		lsl	r2, r2, #1
 452 01a6 1A60     		str	r2, [r3]
 302:.\Generated_Source\PSoC4/cyfitter_cfg.c **** 
 303:.\Generated_Source\PSoC4/cyfitter_cfg.c **** 		/* IOPINS0_3 Starting address: CYDEV_PRT3_DR */
 304:.\Generated_Source\PSoC4/cyfitter_cfg.c **** 		CY_SET_XTND_REG32((void CYFAR *)(CYREG_PRT3_PC), 0x00000D80u);
 453              		.loc 1 304 0
 454 01a8 154B     		ldr	r3, .L17+12
 455 01aa D822     		mov	r2, #216
 456 01ac 1201     		lsl	r2, r2, #4
 457 01ae 1A60     		str	r2, [r3]
 305:.\Generated_Source\PSoC4/cyfitter_cfg.c **** 
 306:.\Generated_Source\PSoC4/cyfitter_cfg.c **** 		/* UDB_PA_0 Starting address: CYDEV_UDB_PA0_BASE */
 307:.\Generated_Source\PSoC4/cyfitter_cfg.c **** 		CY_SET_XTND_REG32((void CYFAR *)(CYDEV_UDB_PA0_BASE), 0x00990000u);
 458              		.loc 1 307 0
 459 01b0 144B     		ldr	r3, .L17+16
 460 01b2 9922     		mov	r2, #153
 461 01b4 1204     		lsl	r2, r2, #16
 462 01b6 1A60     		str	r2, [r3]
 308:.\Generated_Source\PSoC4/cyfitter_cfg.c **** 
 309:.\Generated_Source\PSoC4/cyfitter_cfg.c **** 		/* UDB_PA_3 Starting address: CYDEV_UDB_PA3_BASE */
 310:.\Generated_Source\PSoC4/cyfitter_cfg.c **** 		CY_SET_XTND_REG32((void CYFAR *)(CYDEV_UDB_PA3_BASE), 0x00990000u);
 463              		.loc 1 310 0
 464 01b8 134B     		ldr	r3, .L17+20
 465 01ba 9922     		mov	r2, #153
 466 01bc 1204     		lsl	r2, r2, #16
 467 01be 1A60     		str	r2, [r3]
 311:.\Generated_Source\PSoC4/cyfitter_cfg.c **** 
 312:.\Generated_Source\PSoC4/cyfitter_cfg.c **** 		/* TCPWM_CNT0 Starting address: CYDEV_TCPWM_CNT0_TR_CTRL0 */
 313:.\Generated_Source\PSoC4/cyfitter_cfg.c **** 		CY_SET_XTND_REG32((void CYFAR *)(CYREG_TCPWM_CNT0_TR_CTRL0), 0x00000010u);
 468              		.loc 1 313 0
 469 01c0 124B     		ldr	r3, .L17+24
 470 01c2 1022     		mov	r2, #16
 471 01c4 1A60     		str	r2, [r3]
 314:.\Generated_Source\PSoC4/cyfitter_cfg.c **** 
 315:.\Generated_Source\PSoC4/cyfitter_cfg.c **** 		/* Enable digital routing */
 316:.\Generated_Source\PSoC4/cyfitter_cfg.c **** 		CY_SET_XTND_REG8((void *)CYREG_UDB_UDBIF_BANK_CTL, CY_GET_XTND_REG8((void *)CYREG_UDB_UDBIF_BANK_
 472              		.loc 1 316 0
 473 01c6 124B     		ldr	r3, .L17+28
 474 01c8 114A     		ldr	r2, .L17+28
 475 01ca 1278     		ldrb	r2, [r2]
 476 01cc D2B2     		uxtb	r2, r2
 477 01ce 0221     		mov	r1, #2
ARM GAS  C:\Users\Sam\AppData\Local\Temp\cc2Ee5hY.s 			page 15


 478 01d0 0A43     		orr	r2, r1
 479 01d2 D2B2     		uxtb	r2, r2
 480 01d4 1A70     		strb	r2, [r3]
 317:.\Generated_Source\PSoC4/cyfitter_cfg.c **** 
 318:.\Generated_Source\PSoC4/cyfitter_cfg.c **** 		/* Enable UDB array */
 319:.\Generated_Source\PSoC4/cyfitter_cfg.c **** 		CY_SET_XTND_REG8((void *)CYREG_UDB_UDBIF_BANK_CTL, CY_GET_XTND_REG8((void *)CYREG_UDB_UDBIF_BANK_
 481              		.loc 1 319 0
 482 01d6 0E4B     		ldr	r3, .L17+28
 483 01d8 0D4A     		ldr	r2, .L17+28
 484 01da 1278     		ldrb	r2, [r2]
 485 01dc D2B2     		uxtb	r2, r2
 486 01de 0621     		mov	r1, #6
 487 01e0 0A43     		orr	r2, r1
 488 01e2 D2B2     		uxtb	r2, r2
 489 01e4 1A70     		strb	r2, [r3]
 490              	.LBE2:
 320:.\Generated_Source\PSoC4/cyfitter_cfg.c **** 	}
 321:.\Generated_Source\PSoC4/cyfitter_cfg.c **** 
 322:.\Generated_Source\PSoC4/cyfitter_cfg.c **** 	/* Setup clocks based on selections from Clock DWR */
 323:.\Generated_Source\PSoC4/cyfitter_cfg.c **** 	ClockSetup();
 491              		.loc 1 323 0
 492 01e6 FFF763FF 		bl	ClockSetup
 324:.\Generated_Source\PSoC4/cyfitter_cfg.c **** 
 325:.\Generated_Source\PSoC4/cyfitter_cfg.c **** 	/* Perform basic analog initialization to defaults */
 326:.\Generated_Source\PSoC4/cyfitter_cfg.c **** 	AnalogSetDefault();
 493              		.loc 1 326 0
 494 01ea FFF7FEFF 		bl	AnalogSetDefault
 327:.\Generated_Source\PSoC4/cyfitter_cfg.c **** 
 328:.\Generated_Source\PSoC4/cyfitter_cfg.c **** }
 495              		.loc 1 328 0
 496 01ee BD46     		mov	sp, r7
 497 01f0 02B0     		add	sp, sp, #8
 498              		@ sp needed for prologue
 499 01f2 80BD     		pop	{r7, pc}
 500              	.L18:
 501              		.align	2
 502              	.L17:
 503 01f4 00000000 		.word	cfg_memset_list.4643
 504 01f8 0C000140 		.word	1073807372
 505 01fc 08000440 		.word	1074003976
 506 0200 08030440 		.word	1074004744
 507 0204 00500F40 		.word	1074745344
 508 0208 30500F40 		.word	1074745392
 509 020c 20010540 		.word	1074069792
 510 0210 00700F40 		.word	1074753536
 511              		.cfi_endproc
 512              	.LFE6:
 513              		.size	cyfitter_cfg, .-cyfitter_cfg
 514              		.section	.rodata
 515              		.align	2
 516              		.type	cfg_memset_list.4643, %object
 517              		.size	cfg_memset_list.4643, 12
 518              	cfg_memset_list.4643:
 519 0000 00300F40 		.word	1074737152
 520 0004 0004     		.short	1024
 521 0006 00400F40 		.4byte	1074741248
 522 000a 0004     		.short	1024
ARM GAS  C:\Users\Sam\AppData\Local\Temp\cc2Ee5hY.s 			page 16


 523              		.align	2
 524              		.type	IMO_TRIM_FREQ_TABLE_ENTRIES.4619, %object
 525              		.size	IMO_TRIM_FREQ_TABLE_ENTRIES.4619, 4
 526              	IMO_TRIM_FREQ_TABLE_ENTRIES.4619:
 527 000c 04000000 		.word	4
 528              		.data
 529              		.align	2
 530              		.type	imo_trim_table.4618, %object
 531              		.size	imo_trim_table.4618, 4
 532              	imo_trim_table.4618:
 533 0000 C0F1FF0F 		.word	268431808
 534              		.text
 535              	.Letext0:
 536              		.file 2 "c:\\program files (x86)\\cypress\\psoc creator\\3.0\\psoc creator\\import\\gnu_cs\\arm\\4
 537              		.file 3 "./Generated_Source/PSoC4/cytypes.h"
 538              		.section	.debug_info,"",%progbits
 539              	.Ldebug_info0:
 540 0000 69030000 		.4byte	0x369
 541 0004 0200     		.2byte	0x2
 542 0006 00000000 		.4byte	.Ldebug_abbrev0
 543 000a 04       		.byte	0x4
 544 000b 01       		.uleb128 0x1
 545 000c BE010000 		.4byte	.LASF43
 546 0010 01       		.byte	0x1
 547 0011 5D010000 		.4byte	.LASF44
 548 0015 56020000 		.4byte	.LASF45
 549 0019 00000000 		.4byte	.Ldebug_ranges0+0
 550 001d 00000000 		.4byte	0
 551 0021 00000000 		.4byte	0
 552 0025 00000000 		.4byte	.Ldebug_line0
 553 0029 02       		.uleb128 0x2
 554 002a 01       		.byte	0x1
 555 002b 06       		.byte	0x6
 556 002c 2E020000 		.4byte	.LASF0
 557 0030 02       		.uleb128 0x2
 558 0031 01       		.byte	0x1
 559 0032 08       		.byte	0x8
 560 0033 BF000000 		.4byte	.LASF1
 561 0037 02       		.uleb128 0x2
 562 0038 02       		.byte	0x2
 563 0039 05       		.byte	0x5
 564 003a 63000000 		.4byte	.LASF2
 565 003e 02       		.uleb128 0x2
 566 003f 02       		.byte	0x2
 567 0040 07       		.byte	0x7
 568 0041 50000000 		.4byte	.LASF3
 569 0045 03       		.uleb128 0x3
 570 0046 04       		.byte	0x4
 571 0047 05       		.byte	0x5
 572 0048 696E7400 		.ascii	"int\000"
 573 004c 02       		.uleb128 0x2
 574 004d 04       		.byte	0x4
 575 004e 07       		.byte	0x7
 576 004f 06010000 		.4byte	.LASF4
 577 0053 02       		.uleb128 0x2
 578 0054 08       		.byte	0x8
 579 0055 05       		.byte	0x5
ARM GAS  C:\Users\Sam\AppData\Local\Temp\cc2Ee5hY.s 			page 17


 580 0056 97010000 		.4byte	.LASF5
 581 005a 02       		.uleb128 0x2
 582 005b 08       		.byte	0x8
 583 005c 07       		.byte	0x7
 584 005d 28010000 		.4byte	.LASF6
 585 0061 02       		.uleb128 0x2
 586 0062 04       		.byte	0x4
 587 0063 05       		.byte	0x5
 588 0064 16020000 		.4byte	.LASF7
 589 0068 02       		.uleb128 0x2
 590 0069 04       		.byte	0x4
 591 006a 07       		.byte	0x7
 592 006b 85010000 		.4byte	.LASF8
 593 006f 04       		.uleb128 0x4
 594 0070 04       		.byte	0x4
 595 0071 02       		.uleb128 0x2
 596 0072 04       		.byte	0x4
 597 0073 07       		.byte	0x7
 598 0074 9D000000 		.4byte	.LASF9
 599 0078 02       		.uleb128 0x2
 600 0079 01       		.byte	0x1
 601 007a 08       		.byte	0x8
 602 007b A5010000 		.4byte	.LASF10
 603 007f 05       		.uleb128 0x5
 604 0080 06000000 		.4byte	.LASF11
 605 0084 02       		.byte	0x2
 606 0085 D5       		.byte	0xd5
 607 0086 4C000000 		.4byte	0x4c
 608 008a 05       		.uleb128 0x5
 609 008b B8010000 		.4byte	.LASF12
 610 008f 03       		.byte	0x3
 611 0090 5B       		.byte	0x5b
 612 0091 30000000 		.4byte	0x30
 613 0095 05       		.uleb128 0x5
 614 0096 F8000000 		.4byte	.LASF13
 615 009a 03       		.byte	0x3
 616 009b 5C       		.byte	0x5c
 617 009c 3E000000 		.4byte	0x3e
 618 00a0 05       		.uleb128 0x5
 619 00a1 FF000000 		.4byte	.LASF14
 620 00a5 03       		.byte	0x3
 621 00a6 5D       		.byte	0x5d
 622 00a7 71000000 		.4byte	0x71
 623 00ab 05       		.uleb128 0x5
 624 00ac AF000000 		.4byte	.LASF15
 625 00b0 03       		.byte	0x3
 626 00b1 60       		.byte	0x60
 627 00b2 61000000 		.4byte	0x61
 628 00b6 02       		.uleb128 0x2
 629 00b7 04       		.byte	0x4
 630 00b8 04       		.byte	0x4
 631 00b9 7B000000 		.4byte	.LASF16
 632 00bd 02       		.uleb128 0x2
 633 00be 08       		.byte	0x8
 634 00bf 04       		.byte	0x4
 635 00c0 CD000000 		.4byte	.LASF17
 636 00c4 05       		.uleb128 0x5
ARM GAS  C:\Users\Sam\AppData\Local\Temp\cc2Ee5hY.s 			page 18


 637 00c5 98000000 		.4byte	.LASF18
 638 00c9 03       		.byte	0x3
 639 00ca F0       		.byte	0xf0
 640 00cb CF000000 		.4byte	0xcf
 641 00cf 06       		.uleb128 0x6
 642 00d0 8A000000 		.4byte	0x8a
 643 00d4 05       		.uleb128 0x5
 644 00d5 00000000 		.4byte	.LASF19
 645 00d9 03       		.byte	0x3
 646 00da F2       		.byte	0xf2
 647 00db DF000000 		.4byte	0xdf
 648 00df 06       		.uleb128 0x6
 649 00e0 A0000000 		.4byte	0xa0
 650 00e4 07       		.uleb128 0x7
 651 00e5 B5000000 		.4byte	.LASF20
 652 00e9 01       		.byte	0x1
 653 00ea 39       		.byte	0x39
 654 00eb 01       		.byte	0x1
 655 00ec 00000000 		.4byte	.LFB0
 656 00f0 1E000000 		.4byte	.LFE0
 657 00f4 00000000 		.4byte	.LLST0
 658 00f8 01       		.byte	0x1
 659 00f9 16010000 		.4byte	0x116
 660 00fd 08       		.uleb128 0x8
 661 00fe 7300     		.ascii	"s\000"
 662 0100 01       		.byte	0x1
 663 0101 39       		.byte	0x39
 664 0102 6F000000 		.4byte	0x6f
 665 0106 02       		.byte	0x2
 666 0107 91       		.byte	0x91
 667 0108 74       		.sleb128 -12
 668 0109 08       		.uleb128 0x8
 669 010a 6E00     		.ascii	"n\000"
 670 010c 01       		.byte	0x1
 671 010d 39       		.byte	0x39
 672 010e 7F000000 		.4byte	0x7f
 673 0112 02       		.byte	0x2
 674 0113 91       		.byte	0x91
 675 0114 70       		.sleb128 -16
 676 0115 00       		.byte	0
 677 0116 07       		.uleb128 0x7
 678 0117 4A020000 		.4byte	.LASF21
 679 011b 01       		.byte	0x1
 680 011c 40       		.byte	0x40
 681 011d 01       		.byte	0x1
 682 011e 00000000 		.4byte	.LFB1
 683 0122 22000000 		.4byte	.LFE1
 684 0126 38000000 		.4byte	.LLST1
 685 012a 01       		.byte	0x1
 686 012b 58010000 		.4byte	0x158
 687 012f 09       		.uleb128 0x9
 688 0130 8E000000 		.4byte	.LASF22
 689 0134 01       		.byte	0x1
 690 0135 40       		.byte	0x40
 691 0136 6F000000 		.4byte	0x6f
 692 013a 02       		.byte	0x2
 693 013b 91       		.byte	0x91
ARM GAS  C:\Users\Sam\AppData\Local\Temp\cc2Ee5hY.s 			page 19


 694 013c 74       		.sleb128 -12
 695 013d 08       		.uleb128 0x8
 696 013e 73726300 		.ascii	"src\000"
 697 0142 01       		.byte	0x1
 698 0143 40       		.byte	0x40
 699 0144 58010000 		.4byte	0x158
 700 0148 02       		.byte	0x2
 701 0149 91       		.byte	0x91
 702 014a 70       		.sleb128 -16
 703 014b 08       		.uleb128 0x8
 704 014c 6E00     		.ascii	"n\000"
 705 014e 01       		.byte	0x1
 706 014f 40       		.byte	0x40
 707 0150 7F000000 		.4byte	0x7f
 708 0154 02       		.byte	0x2
 709 0155 91       		.byte	0x91
 710 0156 6C       		.sleb128 -20
 711 0157 00       		.byte	0
 712 0158 0A       		.uleb128 0xa
 713 0159 04       		.byte	0x4
 714 015a 5E010000 		.4byte	0x15e
 715 015e 0B       		.uleb128 0xb
 716 015f 07       		.uleb128 0x7
 717 0160 3A020000 		.4byte	.LASF23
 718 0164 01       		.byte	0x1
 719 0165 47       		.byte	0x47
 720 0166 01       		.byte	0x1
 721 0167 00000000 		.4byte	.LFB2
 722 016b 22000000 		.4byte	.LFE2
 723 016f 70000000 		.4byte	.LLST2
 724 0173 01       		.byte	0x1
 725 0174 A1010000 		.4byte	0x1a1
 726 0178 09       		.uleb128 0x9
 727 0179 8E000000 		.4byte	.LASF22
 728 017d 01       		.byte	0x1
 729 017e 47       		.byte	0x47
 730 017f 6F000000 		.4byte	0x6f
 731 0183 02       		.byte	0x2
 732 0184 91       		.byte	0x91
 733 0185 74       		.sleb128 -12
 734 0186 08       		.uleb128 0x8
 735 0187 73726300 		.ascii	"src\000"
 736 018b 01       		.byte	0x1
 737 018c 47       		.byte	0x47
 738 018d 58010000 		.4byte	0x158
 739 0191 02       		.byte	0x2
 740 0192 91       		.byte	0x91
 741 0193 70       		.sleb128 -16
 742 0194 08       		.uleb128 0x8
 743 0195 6E00     		.ascii	"n\000"
 744 0197 01       		.byte	0x1
 745 0198 47       		.byte	0x47
 746 0199 7F000000 		.4byte	0x7f
 747 019d 02       		.byte	0x2
 748 019e 91       		.byte	0x91
 749 019f 6C       		.sleb128 -20
 750 01a0 00       		.byte	0
ARM GAS  C:\Users\Sam\AppData\Local\Temp\cc2Ee5hY.s 			page 20


 751 01a1 0C       		.uleb128 0xc
 752 01a2 6D000000 		.4byte	.LASF24
 753 01a6 01       		.byte	0x1
 754 01a7 8C       		.byte	0x8c
 755 01a8 01       		.byte	0x1
 756 01a9 00000000 		.4byte	.LFB3
 757 01ad B0000000 		.4byte	.LFE3
 758 01b1 A8000000 		.4byte	.LLST3
 759 01b5 01       		.byte	0x1
 760 01b6 90020000 		.4byte	0x290
 761 01ba 09       		.uleb128 0x9
 762 01bb D4000000 		.4byte	.LASF25
 763 01bf 01       		.byte	0x1
 764 01c0 8C       		.byte	0x8c
 765 01c1 8A000000 		.4byte	0x8a
 766 01c5 02       		.byte	0x2
 767 01c6 91       		.byte	0x91
 768 01c7 6F       		.sleb128 -17
 769 01c8 0D       		.uleb128 0xd
 770 01c9 03       		.byte	0x3
 771 01ca 01       		.byte	0x1
 772 01cb 8E       		.byte	0x8e
 773 01cc FB010000 		.4byte	0x1fb
 774 01d0 0E       		.uleb128 0xe
 775 01d1 B3010000 		.4byte	.LASF26
 776 01d5 01       		.byte	0x1
 777 01d6 8F       		.byte	0x8f
 778 01d7 8A000000 		.4byte	0x8a
 779 01db 02       		.byte	0x2
 780 01dc 23       		.byte	0x23
 781 01dd 00       		.uleb128 0
 782 01de 0E       		.uleb128 0xe
 783 01df AA010000 		.4byte	.LASF27
 784 01e3 01       		.byte	0x1
 785 01e4 90       		.byte	0x90
 786 01e5 8A000000 		.4byte	0x8a
 787 01e9 02       		.byte	0x2
 788 01ea 23       		.byte	0x23
 789 01eb 01       		.uleb128 0x1
 790 01ec 0E       		.uleb128 0xe
 791 01ed 4A000000 		.4byte	.LASF28
 792 01f1 01       		.byte	0x1
 793 01f2 91       		.byte	0x91
 794 01f3 8A000000 		.4byte	0x8a
 795 01f7 02       		.byte	0x2
 796 01f8 23       		.byte	0x23
 797 01f9 02       		.uleb128 0x2
 798 01fa 00       		.byte	0
 799 01fb 05       		.uleb128 0x5
 800 01fc 1E000000 		.4byte	.LASF29
 801 0200 01       		.byte	0x1
 802 0201 92       		.byte	0x92
 803 0202 C8010000 		.4byte	0x1c8
 804 0206 0D       		.uleb128 0xd
 805 0207 0C       		.byte	0xc
 806 0208 01       		.byte	0x1
 807 0209 94       		.byte	0x94
ARM GAS  C:\Users\Sam\AppData\Local\Temp\cc2Ee5hY.s 			page 21


 808 020a 2D020000 		.4byte	0x22d
 809 020e 0F       		.uleb128 0xf
 810 020f FB010000 		.4byte	0x1fb
 811 0213 1E020000 		.4byte	0x21e
 812 0217 10       		.uleb128 0x10
 813 0218 68000000 		.4byte	0x68
 814 021c 03       		.byte	0x3
 815 021d 00       		.byte	0
 816 021e 0E       		.uleb128 0xe
 817 021f 1F020000 		.4byte	.LASF30
 818 0223 01       		.byte	0x1
 819 0224 95       		.byte	0x95
 820 0225 0E020000 		.4byte	0x20e
 821 0229 02       		.byte	0x2
 822 022a 23       		.byte	0x23
 823 022b 00       		.uleb128 0
 824 022c 00       		.byte	0
 825 022d 05       		.uleb128 0x5
 826 022e 3F010000 		.4byte	.LASF31
 827 0232 01       		.byte	0x1
 828 0233 96       		.byte	0x96
 829 0234 06020000 		.4byte	0x206
 830 0238 11       		.uleb128 0x11
 831 0239 07020000 		.4byte	.LASF32
 832 023d 01       		.byte	0x1
 833 023e 98       		.byte	0x98
 834 023f 49020000 		.4byte	0x249
 835 0243 05       		.byte	0x5
 836 0244 03       		.byte	0x3
 837 0245 00000000 		.4byte	imo_trim_table.4618
 838 0249 0A       		.uleb128 0xa
 839 024a 04       		.byte	0x4
 840 024b 4F020000 		.4byte	0x24f
 841 024f 12       		.uleb128 0x12
 842 0250 2D020000 		.4byte	0x22d
 843 0254 11       		.uleb128 0x11
 844 0255 DC000000 		.4byte	.LASF33
 845 0259 01       		.byte	0x1
 846 025a 99       		.byte	0x99
 847 025b 90020000 		.4byte	0x290
 848 025f 05       		.byte	0x5
 849 0260 03       		.byte	0x3
 850 0261 0C000000 		.4byte	IMO_TRIM_FREQ_TABLE_ENTRIES.4619
 851 0265 11       		.uleb128 0x11
 852 0266 81000000 		.4byte	.LASF34
 853 026a 01       		.byte	0x1
 854 026b 9B       		.byte	0x9b
 855 026c AB000000 		.4byte	0xab
 856 0270 02       		.byte	0x2
 857 0271 91       		.byte	0x91
 858 0272 74       		.sleb128 -12
 859 0273 11       		.uleb128 0x11
 860 0274 27020000 		.4byte	.LASF35
 861 0278 01       		.byte	0x1
 862 0279 9C       		.byte	0x9c
 863 027a 8A000000 		.4byte	0x8a
 864 027e 02       		.byte	0x2
ARM GAS  C:\Users\Sam\AppData\Local\Temp\cc2Ee5hY.s 			page 22


 865 027f 91       		.byte	0x91
 866 0280 73       		.sleb128 -13
 867 0281 11       		.uleb128 0x11
 868 0282 8E010000 		.4byte	.LASF36
 869 0286 01       		.byte	0x1
 870 0287 9D       		.byte	0x9d
 871 0288 8A000000 		.4byte	0x8a
 872 028c 02       		.byte	0x2
 873 028d 91       		.byte	0x91
 874 028e 72       		.sleb128 -14
 875 028f 00       		.byte	0
 876 0290 12       		.uleb128 0x12
 877 0291 A0000000 		.4byte	0xa0
 878 0295 13       		.uleb128 0x13
 879 0296 3F000000 		.4byte	.LASF37
 880 029a 01       		.byte	0x1
 881 029b C3       		.byte	0xc3
 882 029c 01       		.byte	0x1
 883 029d B0000000 		.4byte	.LFB4
 884 02a1 38010000 		.4byte	.LFE4
 885 02a5 E0000000 		.4byte	.LLST4
 886 02a9 01       		.byte	0x1
 887 02aa 14       		.uleb128 0x14
 888 02ab 0D000000 		.4byte	.LASF38
 889 02af 01       		.byte	0x1
 890 02b0 F6       		.byte	0xf6
 891 02b1 01       		.byte	0x1
 892 02b2 00000000 		.4byte	.LFB5
 893 02b6 08000000 		.4byte	.LFE5
 894 02ba 0C010000 		.4byte	.LLST5
 895 02be 01       		.byte	0x1
 896 02bf 15       		.uleb128 0x15
 897 02c0 01       		.byte	0x1
 898 02c1 13010000 		.4byte	.LASF46
 899 02c5 01       		.byte	0x1
 900 02c6 0E01     		.2byte	0x10e
 901 02c8 01       		.byte	0x1
 902 02c9 38010000 		.4byte	.LFB6
 903 02cd 14020000 		.4byte	.LFE6
 904 02d1 38010000 		.4byte	.LLST6
 905 02d5 01       		.byte	0x1
 906 02d6 16       		.uleb128 0x16
 907 02d7 40010000 		.4byte	.LBB2
 908 02db E6010000 		.4byte	.LBE2
 909 02df 17       		.uleb128 0x17
 910 02e0 06       		.byte	0x6
 911 02e1 01       		.byte	0x1
 912 02e2 1501     		.2byte	0x115
 913 02e4 07030000 		.4byte	0x307
 914 02e8 18       		.uleb128 0x18
 915 02e9 20010000 		.4byte	.LASF39
 916 02ed 01       		.byte	0x1
 917 02ee 1601     		.2byte	0x116
 918 02f0 6F000000 		.4byte	0x6f
 919 02f4 02       		.byte	0x2
 920 02f5 23       		.byte	0x23
 921 02f6 00       		.uleb128 0
ARM GAS  C:\Users\Sam\AppData\Local\Temp\cc2Ee5hY.s 			page 23


 922 02f7 18       		.uleb128 0x18
 923 02f8 93000000 		.4byte	.LASF40
 924 02fc 01       		.byte	0x1
 925 02fd 1701     		.2byte	0x117
 926 02ff 95000000 		.4byte	0x95
 927 0303 02       		.byte	0x2
 928 0304 23       		.byte	0x23
 929 0305 04       		.uleb128 0x4
 930 0306 00       		.byte	0
 931 0307 19       		.uleb128 0x19
 932 0308 50010000 		.4byte	.LASF41
 933 030c 01       		.byte	0x1
 934 030d 1801     		.2byte	0x118
 935 030f DF020000 		.4byte	0x2df
 936 0313 0F       		.uleb128 0xf
 937 0314 07030000 		.4byte	0x307
 938 0318 23030000 		.4byte	0x323
 939 031c 10       		.uleb128 0x10
 940 031d 68000000 		.4byte	0x68
 941 0321 01       		.byte	0x1
 942 0322 00       		.byte	0
 943 0323 1A       		.uleb128 0x1a
 944 0324 2F000000 		.4byte	.LASF42
 945 0328 01       		.byte	0x1
 946 0329 1A01     		.2byte	0x11a
 947 032b 35030000 		.4byte	0x335
 948 032f 05       		.byte	0x5
 949 0330 03       		.byte	0x3
 950 0331 00000000 		.4byte	cfg_memset_list.4643
 951 0335 12       		.uleb128 0x12
 952 0336 13030000 		.4byte	0x313
 953 033a 1B       		.uleb128 0x1b
 954 033b 6900     		.ascii	"i\000"
 955 033d 01       		.byte	0x1
 956 033e 2001     		.2byte	0x120
 957 0340 8A000000 		.4byte	0x8a
 958 0344 02       		.byte	0x2
 959 0345 91       		.byte	0x91
 960 0346 77       		.sleb128 -9
 961 0347 16       		.uleb128 0x16
 962 0348 48010000 		.4byte	.LBB3
 963 034c 86010000 		.4byte	.LBE3
 964 0350 1B       		.uleb128 0x1b
 965 0351 6D7300   		.ascii	"ms\000"
 966 0354 01       		.byte	0x1
 967 0355 2501     		.2byte	0x125
 968 0357 5E030000 		.4byte	0x35e
 969 035b 02       		.byte	0x2
 970 035c 91       		.byte	0x91
 971 035d 70       		.sleb128 -16
 972 035e 0A       		.uleb128 0xa
 973 035f 04       		.byte	0x4
 974 0360 64030000 		.4byte	0x364
 975 0364 12       		.uleb128 0x12
 976 0365 07030000 		.4byte	0x307
 977 0369 00       		.byte	0
 978 036a 00       		.byte	0
ARM GAS  C:\Users\Sam\AppData\Local\Temp\cc2Ee5hY.s 			page 24


 979 036b 00       		.byte	0
 980 036c 00       		.byte	0
 981              		.section	.debug_abbrev,"",%progbits
 982              	.Ldebug_abbrev0:
 983 0000 01       		.uleb128 0x1
 984 0001 11       		.uleb128 0x11
 985 0002 01       		.byte	0x1
 986 0003 25       		.uleb128 0x25
 987 0004 0E       		.uleb128 0xe
 988 0005 13       		.uleb128 0x13
 989 0006 0B       		.uleb128 0xb
 990 0007 03       		.uleb128 0x3
 991 0008 0E       		.uleb128 0xe
 992 0009 1B       		.uleb128 0x1b
 993 000a 0E       		.uleb128 0xe
 994 000b 55       		.uleb128 0x55
 995 000c 06       		.uleb128 0x6
 996 000d 11       		.uleb128 0x11
 997 000e 01       		.uleb128 0x1
 998 000f 52       		.uleb128 0x52
 999 0010 01       		.uleb128 0x1
 1000 0011 10       		.uleb128 0x10
 1001 0012 06       		.uleb128 0x6
 1002 0013 00       		.byte	0
 1003 0014 00       		.byte	0
 1004 0015 02       		.uleb128 0x2
 1005 0016 24       		.uleb128 0x24
 1006 0017 00       		.byte	0
 1007 0018 0B       		.uleb128 0xb
 1008 0019 0B       		.uleb128 0xb
 1009 001a 3E       		.uleb128 0x3e
 1010 001b 0B       		.uleb128 0xb
 1011 001c 03       		.uleb128 0x3
 1012 001d 0E       		.uleb128 0xe
 1013 001e 00       		.byte	0
 1014 001f 00       		.byte	0
 1015 0020 03       		.uleb128 0x3
 1016 0021 24       		.uleb128 0x24
 1017 0022 00       		.byte	0
 1018 0023 0B       		.uleb128 0xb
 1019 0024 0B       		.uleb128 0xb
 1020 0025 3E       		.uleb128 0x3e
 1021 0026 0B       		.uleb128 0xb
 1022 0027 03       		.uleb128 0x3
 1023 0028 08       		.uleb128 0x8
 1024 0029 00       		.byte	0
 1025 002a 00       		.byte	0
 1026 002b 04       		.uleb128 0x4
 1027 002c 0F       		.uleb128 0xf
 1028 002d 00       		.byte	0
 1029 002e 0B       		.uleb128 0xb
 1030 002f 0B       		.uleb128 0xb
 1031 0030 00       		.byte	0
 1032 0031 00       		.byte	0
 1033 0032 05       		.uleb128 0x5
 1034 0033 16       		.uleb128 0x16
 1035 0034 00       		.byte	0
ARM GAS  C:\Users\Sam\AppData\Local\Temp\cc2Ee5hY.s 			page 25


 1036 0035 03       		.uleb128 0x3
 1037 0036 0E       		.uleb128 0xe
 1038 0037 3A       		.uleb128 0x3a
 1039 0038 0B       		.uleb128 0xb
 1040 0039 3B       		.uleb128 0x3b
 1041 003a 0B       		.uleb128 0xb
 1042 003b 49       		.uleb128 0x49
 1043 003c 13       		.uleb128 0x13
 1044 003d 00       		.byte	0
 1045 003e 00       		.byte	0
 1046 003f 06       		.uleb128 0x6
 1047 0040 35       		.uleb128 0x35
 1048 0041 00       		.byte	0
 1049 0042 49       		.uleb128 0x49
 1050 0043 13       		.uleb128 0x13
 1051 0044 00       		.byte	0
 1052 0045 00       		.byte	0
 1053 0046 07       		.uleb128 0x7
 1054 0047 2E       		.uleb128 0x2e
 1055 0048 01       		.byte	0x1
 1056 0049 03       		.uleb128 0x3
 1057 004a 0E       		.uleb128 0xe
 1058 004b 3A       		.uleb128 0x3a
 1059 004c 0B       		.uleb128 0xb
 1060 004d 3B       		.uleb128 0x3b
 1061 004e 0B       		.uleb128 0xb
 1062 004f 27       		.uleb128 0x27
 1063 0050 0C       		.uleb128 0xc
 1064 0051 11       		.uleb128 0x11
 1065 0052 01       		.uleb128 0x1
 1066 0053 12       		.uleb128 0x12
 1067 0054 01       		.uleb128 0x1
 1068 0055 40       		.uleb128 0x40
 1069 0056 06       		.uleb128 0x6
 1070 0057 9642     		.uleb128 0x2116
 1071 0059 0C       		.uleb128 0xc
 1072 005a 01       		.uleb128 0x1
 1073 005b 13       		.uleb128 0x13
 1074 005c 00       		.byte	0
 1075 005d 00       		.byte	0
 1076 005e 08       		.uleb128 0x8
 1077 005f 05       		.uleb128 0x5
 1078 0060 00       		.byte	0
 1079 0061 03       		.uleb128 0x3
 1080 0062 08       		.uleb128 0x8
 1081 0063 3A       		.uleb128 0x3a
 1082 0064 0B       		.uleb128 0xb
 1083 0065 3B       		.uleb128 0x3b
 1084 0066 0B       		.uleb128 0xb
 1085 0067 49       		.uleb128 0x49
 1086 0068 13       		.uleb128 0x13
 1087 0069 02       		.uleb128 0x2
 1088 006a 0A       		.uleb128 0xa
 1089 006b 00       		.byte	0
 1090 006c 00       		.byte	0
 1091 006d 09       		.uleb128 0x9
 1092 006e 05       		.uleb128 0x5
ARM GAS  C:\Users\Sam\AppData\Local\Temp\cc2Ee5hY.s 			page 26


 1093 006f 00       		.byte	0
 1094 0070 03       		.uleb128 0x3
 1095 0071 0E       		.uleb128 0xe
 1096 0072 3A       		.uleb128 0x3a
 1097 0073 0B       		.uleb128 0xb
 1098 0074 3B       		.uleb128 0x3b
 1099 0075 0B       		.uleb128 0xb
 1100 0076 49       		.uleb128 0x49
 1101 0077 13       		.uleb128 0x13
 1102 0078 02       		.uleb128 0x2
 1103 0079 0A       		.uleb128 0xa
 1104 007a 00       		.byte	0
 1105 007b 00       		.byte	0
 1106 007c 0A       		.uleb128 0xa
 1107 007d 0F       		.uleb128 0xf
 1108 007e 00       		.byte	0
 1109 007f 0B       		.uleb128 0xb
 1110 0080 0B       		.uleb128 0xb
 1111 0081 49       		.uleb128 0x49
 1112 0082 13       		.uleb128 0x13
 1113 0083 00       		.byte	0
 1114 0084 00       		.byte	0
 1115 0085 0B       		.uleb128 0xb
 1116 0086 26       		.uleb128 0x26
 1117 0087 00       		.byte	0
 1118 0088 00       		.byte	0
 1119 0089 00       		.byte	0
 1120 008a 0C       		.uleb128 0xc
 1121 008b 2E       		.uleb128 0x2e
 1122 008c 01       		.byte	0x1
 1123 008d 03       		.uleb128 0x3
 1124 008e 0E       		.uleb128 0xe
 1125 008f 3A       		.uleb128 0x3a
 1126 0090 0B       		.uleb128 0xb
 1127 0091 3B       		.uleb128 0x3b
 1128 0092 0B       		.uleb128 0xb
 1129 0093 27       		.uleb128 0x27
 1130 0094 0C       		.uleb128 0xc
 1131 0095 11       		.uleb128 0x11
 1132 0096 01       		.uleb128 0x1
 1133 0097 12       		.uleb128 0x12
 1134 0098 01       		.uleb128 0x1
 1135 0099 40       		.uleb128 0x40
 1136 009a 06       		.uleb128 0x6
 1137 009b 9742     		.uleb128 0x2117
 1138 009d 0C       		.uleb128 0xc
 1139 009e 01       		.uleb128 0x1
 1140 009f 13       		.uleb128 0x13
 1141 00a0 00       		.byte	0
 1142 00a1 00       		.byte	0
 1143 00a2 0D       		.uleb128 0xd
 1144 00a3 13       		.uleb128 0x13
 1145 00a4 01       		.byte	0x1
 1146 00a5 0B       		.uleb128 0xb
 1147 00a6 0B       		.uleb128 0xb
 1148 00a7 3A       		.uleb128 0x3a
 1149 00a8 0B       		.uleb128 0xb
ARM GAS  C:\Users\Sam\AppData\Local\Temp\cc2Ee5hY.s 			page 27


 1150 00a9 3B       		.uleb128 0x3b
 1151 00aa 0B       		.uleb128 0xb
 1152 00ab 01       		.uleb128 0x1
 1153 00ac 13       		.uleb128 0x13
 1154 00ad 00       		.byte	0
 1155 00ae 00       		.byte	0
 1156 00af 0E       		.uleb128 0xe
 1157 00b0 0D       		.uleb128 0xd
 1158 00b1 00       		.byte	0
 1159 00b2 03       		.uleb128 0x3
 1160 00b3 0E       		.uleb128 0xe
 1161 00b4 3A       		.uleb128 0x3a
 1162 00b5 0B       		.uleb128 0xb
 1163 00b6 3B       		.uleb128 0x3b
 1164 00b7 0B       		.uleb128 0xb
 1165 00b8 49       		.uleb128 0x49
 1166 00b9 13       		.uleb128 0x13
 1167 00ba 38       		.uleb128 0x38
 1168 00bb 0A       		.uleb128 0xa
 1169 00bc 00       		.byte	0
 1170 00bd 00       		.byte	0
 1171 00be 0F       		.uleb128 0xf
 1172 00bf 01       		.uleb128 0x1
 1173 00c0 01       		.byte	0x1
 1174 00c1 49       		.uleb128 0x49
 1175 00c2 13       		.uleb128 0x13
 1176 00c3 01       		.uleb128 0x1
 1177 00c4 13       		.uleb128 0x13
 1178 00c5 00       		.byte	0
 1179 00c6 00       		.byte	0
 1180 00c7 10       		.uleb128 0x10
 1181 00c8 21       		.uleb128 0x21
 1182 00c9 00       		.byte	0
 1183 00ca 49       		.uleb128 0x49
 1184 00cb 13       		.uleb128 0x13
 1185 00cc 2F       		.uleb128 0x2f
 1186 00cd 0B       		.uleb128 0xb
 1187 00ce 00       		.byte	0
 1188 00cf 00       		.byte	0
 1189 00d0 11       		.uleb128 0x11
 1190 00d1 34       		.uleb128 0x34
 1191 00d2 00       		.byte	0
 1192 00d3 03       		.uleb128 0x3
 1193 00d4 0E       		.uleb128 0xe
 1194 00d5 3A       		.uleb128 0x3a
 1195 00d6 0B       		.uleb128 0xb
 1196 00d7 3B       		.uleb128 0x3b
 1197 00d8 0B       		.uleb128 0xb
 1198 00d9 49       		.uleb128 0x49
 1199 00da 13       		.uleb128 0x13
 1200 00db 02       		.uleb128 0x2
 1201 00dc 0A       		.uleb128 0xa
 1202 00dd 00       		.byte	0
 1203 00de 00       		.byte	0
 1204 00df 12       		.uleb128 0x12
 1205 00e0 26       		.uleb128 0x26
 1206 00e1 00       		.byte	0
ARM GAS  C:\Users\Sam\AppData\Local\Temp\cc2Ee5hY.s 			page 28


 1207 00e2 49       		.uleb128 0x49
 1208 00e3 13       		.uleb128 0x13
 1209 00e4 00       		.byte	0
 1210 00e5 00       		.byte	0
 1211 00e6 13       		.uleb128 0x13
 1212 00e7 2E       		.uleb128 0x2e
 1213 00e8 00       		.byte	0
 1214 00e9 03       		.uleb128 0x3
 1215 00ea 0E       		.uleb128 0xe
 1216 00eb 3A       		.uleb128 0x3a
 1217 00ec 0B       		.uleb128 0xb
 1218 00ed 3B       		.uleb128 0x3b
 1219 00ee 0B       		.uleb128 0xb
 1220 00ef 27       		.uleb128 0x27
 1221 00f0 0C       		.uleb128 0xc
 1222 00f1 11       		.uleb128 0x11
 1223 00f2 01       		.uleb128 0x1
 1224 00f3 12       		.uleb128 0x12
 1225 00f4 01       		.uleb128 0x1
 1226 00f5 40       		.uleb128 0x40
 1227 00f6 06       		.uleb128 0x6
 1228 00f7 9642     		.uleb128 0x2116
 1229 00f9 0C       		.uleb128 0xc
 1230 00fa 00       		.byte	0
 1231 00fb 00       		.byte	0
 1232 00fc 14       		.uleb128 0x14
 1233 00fd 2E       		.uleb128 0x2e
 1234 00fe 00       		.byte	0
 1235 00ff 03       		.uleb128 0x3
 1236 0100 0E       		.uleb128 0xe
 1237 0101 3A       		.uleb128 0x3a
 1238 0102 0B       		.uleb128 0xb
 1239 0103 3B       		.uleb128 0x3b
 1240 0104 0B       		.uleb128 0xb
 1241 0105 27       		.uleb128 0x27
 1242 0106 0C       		.uleb128 0xc
 1243 0107 11       		.uleb128 0x11
 1244 0108 01       		.uleb128 0x1
 1245 0109 12       		.uleb128 0x12
 1246 010a 01       		.uleb128 0x1
 1247 010b 40       		.uleb128 0x40
 1248 010c 06       		.uleb128 0x6
 1249 010d 9742     		.uleb128 0x2117
 1250 010f 0C       		.uleb128 0xc
 1251 0110 00       		.byte	0
 1252 0111 00       		.byte	0
 1253 0112 15       		.uleb128 0x15
 1254 0113 2E       		.uleb128 0x2e
 1255 0114 01       		.byte	0x1
 1256 0115 3F       		.uleb128 0x3f
 1257 0116 0C       		.uleb128 0xc
 1258 0117 03       		.uleb128 0x3
 1259 0118 0E       		.uleb128 0xe
 1260 0119 3A       		.uleb128 0x3a
 1261 011a 0B       		.uleb128 0xb
 1262 011b 3B       		.uleb128 0x3b
 1263 011c 05       		.uleb128 0x5
ARM GAS  C:\Users\Sam\AppData\Local\Temp\cc2Ee5hY.s 			page 29


 1264 011d 27       		.uleb128 0x27
 1265 011e 0C       		.uleb128 0xc
 1266 011f 11       		.uleb128 0x11
 1267 0120 01       		.uleb128 0x1
 1268 0121 12       		.uleb128 0x12
 1269 0122 01       		.uleb128 0x1
 1270 0123 40       		.uleb128 0x40
 1271 0124 06       		.uleb128 0x6
 1272 0125 9642     		.uleb128 0x2116
 1273 0127 0C       		.uleb128 0xc
 1274 0128 00       		.byte	0
 1275 0129 00       		.byte	0
 1276 012a 16       		.uleb128 0x16
 1277 012b 0B       		.uleb128 0xb
 1278 012c 01       		.byte	0x1
 1279 012d 11       		.uleb128 0x11
 1280 012e 01       		.uleb128 0x1
 1281 012f 12       		.uleb128 0x12
 1282 0130 01       		.uleb128 0x1
 1283 0131 00       		.byte	0
 1284 0132 00       		.byte	0
 1285 0133 17       		.uleb128 0x17
 1286 0134 13       		.uleb128 0x13
 1287 0135 01       		.byte	0x1
 1288 0136 0B       		.uleb128 0xb
 1289 0137 0B       		.uleb128 0xb
 1290 0138 3A       		.uleb128 0x3a
 1291 0139 0B       		.uleb128 0xb
 1292 013a 3B       		.uleb128 0x3b
 1293 013b 05       		.uleb128 0x5
 1294 013c 01       		.uleb128 0x1
 1295 013d 13       		.uleb128 0x13
 1296 013e 00       		.byte	0
 1297 013f 00       		.byte	0
 1298 0140 18       		.uleb128 0x18
 1299 0141 0D       		.uleb128 0xd
 1300 0142 00       		.byte	0
 1301 0143 03       		.uleb128 0x3
 1302 0144 0E       		.uleb128 0xe
 1303 0145 3A       		.uleb128 0x3a
 1304 0146 0B       		.uleb128 0xb
 1305 0147 3B       		.uleb128 0x3b
 1306 0148 05       		.uleb128 0x5
 1307 0149 49       		.uleb128 0x49
 1308 014a 13       		.uleb128 0x13
 1309 014b 38       		.uleb128 0x38
 1310 014c 0A       		.uleb128 0xa
 1311 014d 00       		.byte	0
 1312 014e 00       		.byte	0
 1313 014f 19       		.uleb128 0x19
 1314 0150 16       		.uleb128 0x16
 1315 0151 00       		.byte	0
 1316 0152 03       		.uleb128 0x3
 1317 0153 0E       		.uleb128 0xe
 1318 0154 3A       		.uleb128 0x3a
 1319 0155 0B       		.uleb128 0xb
 1320 0156 3B       		.uleb128 0x3b
ARM GAS  C:\Users\Sam\AppData\Local\Temp\cc2Ee5hY.s 			page 30


 1321 0157 05       		.uleb128 0x5
 1322 0158 49       		.uleb128 0x49
 1323 0159 13       		.uleb128 0x13
 1324 015a 00       		.byte	0
 1325 015b 00       		.byte	0
 1326 015c 1A       		.uleb128 0x1a
 1327 015d 34       		.uleb128 0x34
 1328 015e 00       		.byte	0
 1329 015f 03       		.uleb128 0x3
 1330 0160 0E       		.uleb128 0xe
 1331 0161 3A       		.uleb128 0x3a
 1332 0162 0B       		.uleb128 0xb
 1333 0163 3B       		.uleb128 0x3b
 1334 0164 05       		.uleb128 0x5
 1335 0165 49       		.uleb128 0x49
 1336 0166 13       		.uleb128 0x13
 1337 0167 02       		.uleb128 0x2
 1338 0168 0A       		.uleb128 0xa
 1339 0169 00       		.byte	0
 1340 016a 00       		.byte	0
 1341 016b 1B       		.uleb128 0x1b
 1342 016c 34       		.uleb128 0x34
 1343 016d 00       		.byte	0
 1344 016e 03       		.uleb128 0x3
 1345 016f 08       		.uleb128 0x8
 1346 0170 3A       		.uleb128 0x3a
 1347 0171 0B       		.uleb128 0xb
 1348 0172 3B       		.uleb128 0x3b
 1349 0173 05       		.uleb128 0x5
 1350 0174 49       		.uleb128 0x49
 1351 0175 13       		.uleb128 0x13
 1352 0176 02       		.uleb128 0x2
 1353 0177 0A       		.uleb128 0xa
 1354 0178 00       		.byte	0
 1355 0179 00       		.byte	0
 1356 017a 00       		.byte	0
 1357              		.section	.debug_loc,"",%progbits
 1358              	.Ldebug_loc0:
 1359              	.LLST0:
 1360 0000 00000000 		.4byte	.LFB0
 1361 0004 02000000 		.4byte	.LCFI0
 1362 0008 0200     		.2byte	0x2
 1363 000a 7D       		.byte	0x7d
 1364 000b 00       		.sleb128 0
 1365 000c 02000000 		.4byte	.LCFI0
 1366 0010 04000000 		.4byte	.LCFI1
 1367 0014 0200     		.2byte	0x2
 1368 0016 7D       		.byte	0x7d
 1369 0017 08       		.sleb128 8
 1370 0018 04000000 		.4byte	.LCFI1
 1371 001c 06000000 		.4byte	.LCFI2
 1372 0020 0200     		.2byte	0x2
 1373 0022 7D       		.byte	0x7d
 1374 0023 10       		.sleb128 16
 1375 0024 06000000 		.4byte	.LCFI2
 1376 0028 1E000000 		.4byte	.LFE0
 1377 002c 0200     		.2byte	0x2
ARM GAS  C:\Users\Sam\AppData\Local\Temp\cc2Ee5hY.s 			page 31


 1378 002e 77       		.byte	0x77
 1379 002f 10       		.sleb128 16
 1380 0030 00000000 		.4byte	0
 1381 0034 00000000 		.4byte	0
 1382              	.LLST1:
 1383 0038 00000000 		.4byte	.LFB1
 1384 003c 02000000 		.4byte	.LCFI3
 1385 0040 0200     		.2byte	0x2
 1386 0042 7D       		.byte	0x7d
 1387 0043 00       		.sleb128 0
 1388 0044 02000000 		.4byte	.LCFI3
 1389 0048 04000000 		.4byte	.LCFI4
 1390 004c 0200     		.2byte	0x2
 1391 004e 7D       		.byte	0x7d
 1392 004f 08       		.sleb128 8
 1393 0050 04000000 		.4byte	.LCFI4
 1394 0054 06000000 		.4byte	.LCFI5
 1395 0058 0200     		.2byte	0x2
 1396 005a 7D       		.byte	0x7d
 1397 005b 18       		.sleb128 24
 1398 005c 06000000 		.4byte	.LCFI5
 1399 0060 22000000 		.4byte	.LFE1
 1400 0064 0200     		.2byte	0x2
 1401 0066 77       		.byte	0x77
 1402 0067 18       		.sleb128 24
 1403 0068 00000000 		.4byte	0
 1404 006c 00000000 		.4byte	0
 1405              	.LLST2:
 1406 0070 00000000 		.4byte	.LFB2
 1407 0074 02000000 		.4byte	.LCFI6
 1408 0078 0200     		.2byte	0x2
 1409 007a 7D       		.byte	0x7d
 1410 007b 00       		.sleb128 0
 1411 007c 02000000 		.4byte	.LCFI6
 1412 0080 04000000 		.4byte	.LCFI7
 1413 0084 0200     		.2byte	0x2
 1414 0086 7D       		.byte	0x7d
 1415 0087 08       		.sleb128 8
 1416 0088 04000000 		.4byte	.LCFI7
 1417 008c 06000000 		.4byte	.LCFI8
 1418 0090 0200     		.2byte	0x2
 1419 0092 7D       		.byte	0x7d
 1420 0093 18       		.sleb128 24
 1421 0094 06000000 		.4byte	.LCFI8
 1422 0098 22000000 		.4byte	.LFE2
 1423 009c 0200     		.2byte	0x2
 1424 009e 77       		.byte	0x77
 1425 009f 18       		.sleb128 24
 1426 00a0 00000000 		.4byte	0
 1427 00a4 00000000 		.4byte	0
 1428              	.LLST3:
 1429 00a8 00000000 		.4byte	.LFB3
 1430 00ac 02000000 		.4byte	.LCFI9
 1431 00b0 0200     		.2byte	0x2
 1432 00b2 7D       		.byte	0x7d
 1433 00b3 00       		.sleb128 0
 1434 00b4 02000000 		.4byte	.LCFI9
ARM GAS  C:\Users\Sam\AppData\Local\Temp\cc2Ee5hY.s 			page 32


 1435 00b8 04000000 		.4byte	.LCFI10
 1436 00bc 0200     		.2byte	0x2
 1437 00be 7D       		.byte	0x7d
 1438 00bf 08       		.sleb128 8
 1439 00c0 04000000 		.4byte	.LCFI10
 1440 00c4 06000000 		.4byte	.LCFI11
 1441 00c8 0200     		.2byte	0x2
 1442 00ca 7D       		.byte	0x7d
 1443 00cb 18       		.sleb128 24
 1444 00cc 06000000 		.4byte	.LCFI11
 1445 00d0 B0000000 		.4byte	.LFE3
 1446 00d4 0200     		.2byte	0x2
 1447 00d6 77       		.byte	0x77
 1448 00d7 18       		.sleb128 24
 1449 00d8 00000000 		.4byte	0
 1450 00dc 00000000 		.4byte	0
 1451              	.LLST4:
 1452 00e0 B0000000 		.4byte	.LFB4
 1453 00e4 B2000000 		.4byte	.LCFI12
 1454 00e8 0200     		.2byte	0x2
 1455 00ea 7D       		.byte	0x7d
 1456 00eb 00       		.sleb128 0
 1457 00ec B2000000 		.4byte	.LCFI12
 1458 00f0 B4000000 		.4byte	.LCFI13
 1459 00f4 0200     		.2byte	0x2
 1460 00f6 7D       		.byte	0x7d
 1461 00f7 08       		.sleb128 8
 1462 00f8 B4000000 		.4byte	.LCFI13
 1463 00fc 38010000 		.4byte	.LFE4
 1464 0100 0200     		.2byte	0x2
 1465 0102 77       		.byte	0x77
 1466 0103 08       		.sleb128 8
 1467 0104 00000000 		.4byte	0
 1468 0108 00000000 		.4byte	0
 1469              	.LLST5:
 1470 010c 00000000 		.4byte	.LFB5
 1471 0110 02000000 		.4byte	.LCFI14
 1472 0114 0200     		.2byte	0x2
 1473 0116 7D       		.byte	0x7d
 1474 0117 00       		.sleb128 0
 1475 0118 02000000 		.4byte	.LCFI14
 1476 011c 04000000 		.4byte	.LCFI15
 1477 0120 0200     		.2byte	0x2
 1478 0122 7D       		.byte	0x7d
 1479 0123 08       		.sleb128 8
 1480 0124 04000000 		.4byte	.LCFI15
 1481 0128 08000000 		.4byte	.LFE5
 1482 012c 0200     		.2byte	0x2
 1483 012e 77       		.byte	0x77
 1484 012f 08       		.sleb128 8
 1485 0130 00000000 		.4byte	0
 1486 0134 00000000 		.4byte	0
 1487              	.LLST6:
 1488 0138 38010000 		.4byte	.LFB6
 1489 013c 3A010000 		.4byte	.LCFI16
 1490 0140 0200     		.2byte	0x2
 1491 0142 7D       		.byte	0x7d
ARM GAS  C:\Users\Sam\AppData\Local\Temp\cc2Ee5hY.s 			page 33


 1492 0143 00       		.sleb128 0
 1493 0144 3A010000 		.4byte	.LCFI16
 1494 0148 3C010000 		.4byte	.LCFI17
 1495 014c 0200     		.2byte	0x2
 1496 014e 7D       		.byte	0x7d
 1497 014f 08       		.sleb128 8
 1498 0150 3C010000 		.4byte	.LCFI17
 1499 0154 3E010000 		.4byte	.LCFI18
 1500 0158 0200     		.2byte	0x2
 1501 015a 7D       		.byte	0x7d
 1502 015b 10       		.sleb128 16
 1503 015c 3E010000 		.4byte	.LCFI18
 1504 0160 14020000 		.4byte	.LFE6
 1505 0164 0200     		.2byte	0x2
 1506 0166 77       		.byte	0x77
 1507 0167 10       		.sleb128 16
 1508 0168 00000000 		.4byte	0
 1509 016c 00000000 		.4byte	0
 1510              		.section	.debug_aranges,"",%progbits
 1511 0000 4C000000 		.4byte	0x4c
 1512 0004 0200     		.2byte	0x2
 1513 0006 00000000 		.4byte	.Ldebug_info0
 1514 000a 04       		.byte	0x4
 1515 000b 00       		.byte	0
 1516 000c 0000     		.2byte	0
 1517 000e 0000     		.2byte	0
 1518 0010 00000000 		.4byte	.LFB0
 1519 0014 1E000000 		.4byte	.LFE0-.LFB0
 1520 0018 00000000 		.4byte	.LFB1
 1521 001c 22000000 		.4byte	.LFE1-.LFB1
 1522 0020 00000000 		.4byte	.LFB2
 1523 0024 22000000 		.4byte	.LFE2-.LFB2
 1524 0028 00000000 		.4byte	.LFB3
 1525 002c B0000000 		.4byte	.LFE3-.LFB3
 1526 0030 B0000000 		.4byte	.LFB4
 1527 0034 88000000 		.4byte	.LFE4-.LFB4
 1528 0038 00000000 		.4byte	.LFB5
 1529 003c 08000000 		.4byte	.LFE5-.LFB5
 1530 0040 38010000 		.4byte	.LFB6
 1531 0044 DC000000 		.4byte	.LFE6-.LFB6
 1532 0048 00000000 		.4byte	0
 1533 004c 00000000 		.4byte	0
 1534              		.section	.debug_ranges,"",%progbits
 1535              	.Ldebug_ranges0:
 1536 0000 00000000 		.4byte	.LFB0
 1537 0004 1E000000 		.4byte	.LFE0
 1538 0008 00000000 		.4byte	.LFB1
 1539 000c 22000000 		.4byte	.LFE1
 1540 0010 00000000 		.4byte	.LFB2
 1541 0014 22000000 		.4byte	.LFE2
 1542 0018 00000000 		.4byte	.LFB3
 1543 001c B0000000 		.4byte	.LFE3
 1544 0020 B0000000 		.4byte	.LFB4
 1545 0024 38010000 		.4byte	.LFE4
 1546 0028 00000000 		.4byte	.LFB5
 1547 002c 08000000 		.4byte	.LFE5
 1548 0030 38010000 		.4byte	.LFB6
ARM GAS  C:\Users\Sam\AppData\Local\Temp\cc2Ee5hY.s 			page 34


 1549 0034 14020000 		.4byte	.LFE6
 1550 0038 00000000 		.4byte	0
 1551 003c 00000000 		.4byte	0
 1552              		.section	.debug_line,"",%progbits
 1553              	.Ldebug_line0:
 1554 0000 7D010000 		.section	.debug_str,"MS",%progbits,1
 1554      0200D700 
 1554      00000201 
 1554      FB0E0D00 
 1554      01010101 
 1555              	.LASF19:
 1556 0000 72656733 		.ascii	"reg32\000"
 1556      3200
 1557              	.LASF11:
 1558 0006 73697A65 		.ascii	"size_t\000"
 1558      5F7400
 1559              	.LASF38:
 1560 000d 416E616C 		.ascii	"AnalogSetDefault\000"
 1560      6F675365 
 1560      74446566 
 1560      61756C74 
 1560      00
 1561              	.LASF29:
 1562 001e 696D6F5F 		.ascii	"imo_trim_entry_t\000"
 1562      7472696D 
 1562      5F656E74 
 1562      72795F74 
 1562      00
 1563              	.LASF42:
 1564 002f 6366675F 		.ascii	"cfg_memset_list\000"
 1564      6D656D73 
 1564      65745F6C 
 1564      69737400 
 1565              	.LASF37:
 1566 003f 436C6F63 		.ascii	"ClockSetup\000"
 1566      6B536574 
 1566      757000
 1567              	.LASF28:
 1568 004a 746D7063 		.ascii	"tmpco\000"
 1568      6F00
 1569              	.LASF3:
 1570 0050 73686F72 		.ascii	"short unsigned int\000"
 1570      7420756E 
 1570      7369676E 
 1570      65642069 
 1570      6E7400
 1571              	.LASF2:
 1572 0063 73686F72 		.ascii	"short int\000"
 1572      7420696E 
 1572      7400
 1573              	.LASF24:
 1574 006d 53657449 		.ascii	"SetIMOBGTrims\000"
 1574      4D4F4247 
 1574      5472696D 
 1574      7300
 1575              	.LASF16:
 1576 007b 666C6F61 		.ascii	"float\000"
ARM GAS  C:\Users\Sam\AppData\Local\Temp\cc2Ee5hY.s 			page 35


 1576      7400
 1577              	.LASF34:
 1578 0081 696D6F54 		.ascii	"imoTrimIndex\000"
 1578      72696D49 
 1578      6E646578 
 1578      00
 1579              	.LASF22:
 1580 008e 64657374 		.ascii	"dest\000"
 1580      00
 1581              	.LASF40:
 1582 0093 73697A65 		.ascii	"size\000"
 1582      00
 1583              	.LASF18:
 1584 0098 72656738 		.ascii	"reg8\000"
 1584      00
 1585              	.LASF9:
 1586 009d 6C6F6E67 		.ascii	"long unsigned int\000"
 1586      20756E73 
 1586      69676E65 
 1586      6420696E 
 1586      7400
 1587              	.LASF15:
 1588 00af 696E7433 		.ascii	"int32\000"
 1588      3200
 1589              	.LASF20:
 1590 00b5 43594D45 		.ascii	"CYMEMZERO\000"
 1590      4D5A4552 
 1590      4F00
 1591              	.LASF1:
 1592 00bf 756E7369 		.ascii	"unsigned char\000"
 1592      676E6564 
 1592      20636861 
 1592      7200
 1593              	.LASF17:
 1594 00cd 646F7562 		.ascii	"double\000"
 1594      6C6500
 1595              	.LASF25:
 1596 00d4 696D6F46 		.ascii	"imoFreq\000"
 1596      72657100 
 1597              	.LASF33:
 1598 00dc 494D4F5F 		.ascii	"IMO_TRIM_FREQ_TABLE_ENTRIES\000"
 1598      5452494D 
 1598      5F465245 
 1598      515F5441 
 1598      424C455F 
 1599              	.LASF13:
 1600 00f8 75696E74 		.ascii	"uint16\000"
 1600      313600
 1601              	.LASF14:
 1602 00ff 75696E74 		.ascii	"uint32\000"
 1602      333200
 1603              	.LASF4:
 1604 0106 756E7369 		.ascii	"unsigned int\000"
 1604      676E6564 
 1604      20696E74 
 1604      00
 1605              	.LASF46:
ARM GAS  C:\Users\Sam\AppData\Local\Temp\cc2Ee5hY.s 			page 36


 1606 0113 63796669 		.ascii	"cyfitter_cfg\000"
 1606      74746572 
 1606      5F636667 
 1606      00
 1607              	.LASF39:
 1608 0120 61646472 		.ascii	"address\000"
 1608      65737300 
 1609              	.LASF6:
 1610 0128 6C6F6E67 		.ascii	"long long unsigned int\000"
 1610      206C6F6E 
 1610      6720756E 
 1610      7369676E 
 1610      65642069 
 1611              	.LASF31:
 1612 013f 696D6F5F 		.ascii	"imo_trim_table_t\000"
 1612      7472696D 
 1612      5F746162 
 1612      6C655F74 
 1612      00
 1613              	.LASF41:
 1614 0150 6366675F 		.ascii	"cfg_memset_t\000"
 1614      6D656D73 
 1614      65745F74 
 1614      00
 1615              	.LASF44:
 1616 015d 2E5C4765 		.ascii	".\\Generated_Source\\PSoC4\\cyfitter_cfg.c\000"
 1616      6E657261 
 1616      7465645F 
 1616      536F7572 
 1616      63655C50 
 1617              	.LASF8:
 1618 0185 73697A65 		.ascii	"sizetype\000"
 1618      74797065 
 1618      00
 1619              	.LASF36:
 1620 018e 73657454 		.ascii	"setTmpCo\000"
 1620      6D70436F 
 1620      00
 1621              	.LASF5:
 1622 0197 6C6F6E67 		.ascii	"long long int\000"
 1622      206C6F6E 
 1622      6720696E 
 1622      7400
 1623              	.LASF10:
 1624 01a5 63686172 		.ascii	"char\000"
 1624      00
 1625              	.LASF27:
 1626 01aa 6162736F 		.ascii	"absolute\000"
 1626      6C757465 
 1626      00
 1627              	.LASF26:
 1628 01b3 66726571 		.ascii	"freq\000"
 1628      00
 1629              	.LASF12:
 1630 01b8 75696E74 		.ascii	"uint8\000"
 1630      3800
 1631              	.LASF43:
ARM GAS  C:\Users\Sam\AppData\Local\Temp\cc2Ee5hY.s 			page 37


 1632 01be 474E5520 		.ascii	"GNU C 4.7.3 20130312 (release) [ARM/embedded-4_7-br"
 1632      4320342E 
 1632      372E3320 
 1632      32303133 
 1632      30333132 
 1633 01f1 616E6368 		.ascii	"anch revision 196615]\000"
 1633      20726576 
 1633      6973696F 
 1633      6E203139 
 1633      36363135 
 1634              	.LASF32:
 1635 0207 696D6F5F 		.ascii	"imo_trim_table\000"
 1635      7472696D 
 1635      5F746162 
 1635      6C6500
 1636              	.LASF7:
 1637 0216 6C6F6E67 		.ascii	"long int\000"
 1637      20696E74 
 1637      00
 1638              	.LASF30:
 1639 021f 656E7472 		.ascii	"entries\000"
 1639      69657300 
 1640              	.LASF35:
 1641 0227 73657441 		.ascii	"setAbs\000"
 1641      627300
 1642              	.LASF0:
 1643 022e 7369676E 		.ascii	"signed char\000"
 1643      65642063 
 1643      68617200 
 1644              	.LASF23:
 1645 023a 4359434F 		.ascii	"CYCONFIGCPYCODE\000"
 1645      4E464947 
 1645      43505943 
 1645      4F444500 
 1646              	.LASF21:
 1647 024a 4359434F 		.ascii	"CYCONFIGCPY\000"
 1647      4E464947 
 1647      43505900 
 1648              	.LASF45:
 1649 0256 433A5C55 		.ascii	"C:\\Users\\Sam\\Dropbox\\Work\\PSoC\\Blinking LED\\"
 1649      73657273 
 1649      5C53616D 
 1649      5C44726F 
 1649      70626F78 
 1650 0282 4C454420 		.ascii	"LED blink basic.cydsn\000"
 1650      626C696E 
 1650      6B206261 
 1650      7369632E 
 1650      63796473 
 1651              		.ident	"GCC: (GNU Tools for ARM Embedded Processors) 4.7.3 20130312 (release) [ARM/embedded-4_7-br
