ARM GAS  C:\Users\Sam\AppData\Local\Temp\ccs2WGPg.s 			page 1


   1              		.cpu cortex-m0
   2              		.fpu softvfp
   3              		.eabi_attribute 20, 1
   4              		.eabi_attribute 21, 1
   5              		.eabi_attribute 23, 3
   6              		.eabi_attribute 24, 1
   7              		.eabi_attribute 25, 1
   8              		.eabi_attribute 26, 1
   9              		.eabi_attribute 30, 6
  10              		.eabi_attribute 34, 0
  11              		.eabi_attribute 18, 4
  12              		.code	16
  13              		.file	"main.c"
  14              		.text
  15              	.Ltext0:
  16              		.cfi_sections	.debug_frame
  17              		.global	flag
  18              		.bss
  19              		.type	flag, %object
  20              		.size	flag, 1
  21              	flag:
  22 0000 00       		.space	1
  23              		.section	.rodata
  24              		.align	2
  25              	.LC1:
  26 0000 55415254 		.ascii	"UART Initialised\000"
  26      20496E69 
  26      7469616C 
  26      69736564 
  26      00
  27 0011 000000   		.section	.text.main,"ax",%progbits
  28              		.align	2
  29              		.global	main
  30              		.code	16
  31              		.thumb_func
  32              		.type	main, %function
  33              	main:
  34              	.LFB33:
  35              		.file 1 ".\\main.c"
   1:.\main.c      **** /* ========================================
   2:.\main.c      ****  *
   3:.\main.c      ****  * Copyright YOUR COMPANY, THE YEAR
   4:.\main.c      ****  * All Rights Reserved
   5:.\main.c      ****  * UNPUBLISHED, LICENSED SOFTWARE.
   6:.\main.c      ****  *
   7:.\main.c      ****  * CONFIDENTIAL AND PROPRIETARY INFORMATION
   8:.\main.c      ****  * WHICH IS THE PROPERTY OF your company.
   9:.\main.c      ****  *
  10:.\main.c      ****  * ========================================
  11:.\main.c      **** */
  12:.\main.c      **** #include <project.h>
  13:.\main.c      **** #include <interrupts.h>
  14:.\main.c      **** 
  15:.\main.c      **** uint8 flag = 0;
  16:.\main.c      **** 
  17:.\main.c      **** int main()
  18:.\main.c      **** {
ARM GAS  C:\Users\Sam\AppData\Local\Temp\ccs2WGPg.s 			page 2


  36              		.loc 1 18 0
  37              		.cfi_startproc
  38 0000 80B5     		push	{r7, lr}
  39              	.LCFI0:
  40              		.cfi_def_cfa_offset 8
  41              		.cfi_offset 7, -8
  42              		.cfi_offset 14, -4
  43 0002 82B0     		sub	sp, sp, #8
  44              	.LCFI1:
  45              		.cfi_def_cfa_offset 16
  46 0004 00AF     		add	r7, sp, #0
  47              	.LCFI2:
  48              		.cfi_def_cfa_register 7
  19:.\main.c      ****     /* Place your initialization/startup code here (e.g. MyInst_Start()) */
  20:.\main.c      ****     uint8 volatile ch;  
  21:.\main.c      ****     /* Start the SCB UART */
  22:.\main.c      ****     UART_Start();
  49              		.loc 1 22 0
  50 0006 FFF7FEFF 		bl	UART_Start
  23:.\main.c      ****     
  24:.\main.c      ****     /* Start the Interrupt */
  25:.\main.c      ****     UART_RX_ISR_StartEx(uartInterrupt); 
  51              		.loc 1 25 0
  52 000a 144B     		ldr	r3, .L5
  53 000c 181C     		mov	r0, r3
  54 000e FFF7FEFF 		bl	UART_RX_ISR_StartEx
  26:.\main.c      ****     
  27:.\main.c      ****     /* Transmit string through UART */
  28:.\main.c      ****     UART_UartPutString("UART Initialised");
  55              		.loc 1 28 0
  56 0012 134B     		ldr	r3, .L5+4
  57 0014 181C     		mov	r0, r3
  58 0016 FFF7FEFF 		bl	UART_UartPutString
  29:.\main.c      **** 
  30:.\main.c      ****     CyGlobalIntEnable; /* Uncomment this line to enable global interrupts. */
  59              		.loc 1 30 0
  60              	@ 30 ".\main.c" 1
  61 001a 62B6     		CPSIE   i
  62              	@ 0 "" 2
  63              		.code	16
  64 001c 00E0     		b	.L3
  65              	.L4:
  31:.\main.c      ****     
  32:.\main.c      ****     for(;;)
  33:.\main.c      ****     {         
  34:.\main.c      ****         if(flag == 1)
  35:.\main.c      ****         {
  36:.\main.c      ****           flag = 0;
  37:.\main.c      ****           ch = UART_UartGetChar();
  38:.\main.c      ****           UART_UartPutChar(ch);
  39:.\main.c      ****           TX_LED_Write(!TX_LED_Read());       
  40:.\main.c      ****         }      
  41:.\main.c      ****     }
  66              		.loc 1 41 0
  67 001e C046     		mov	r8, r8
  68              	.L3:
  34:.\main.c      ****         if(flag == 1)
ARM GAS  C:\Users\Sam\AppData\Local\Temp\ccs2WGPg.s 			page 3


  69              		.loc 1 34 0
  70 0020 104B     		ldr	r3, .L5+8
  71 0022 1B78     		ldrb	r3, [r3]
  72 0024 012B     		cmp	r3, #1
  73 0026 FAD1     		bne	.L4
  36:.\main.c      ****           flag = 0;
  74              		.loc 1 36 0
  75 0028 0E4B     		ldr	r3, .L5+8
  76 002a 0022     		mov	r2, #0
  77 002c 1A70     		strb	r2, [r3]
  37:.\main.c      ****           ch = UART_UartGetChar();
  78              		.loc 1 37 0
  79 002e FFF7FEFF 		bl	UART_UartGetChar
  80 0032 031C     		mov	r3, r0
  81 0034 DAB2     		uxtb	r2, r3
  82 0036 FB1D     		add	r3, r7, #7
  83 0038 1A70     		strb	r2, [r3]
  38:.\main.c      ****           UART_UartPutChar(ch);
  84              		.loc 1 38 0
  85 003a FB1D     		add	r3, r7, #7
  86 003c 1B78     		ldrb	r3, [r3]
  87 003e DBB2     		uxtb	r3, r3
  88 0040 181C     		mov	r0, r3
  89 0042 FFF7FEFF 		bl	UART_SpiUartWriteTxData
  39:.\main.c      ****           TX_LED_Write(!TX_LED_Read());       
  90              		.loc 1 39 0
  91 0046 FFF7FEFF 		bl	TX_LED_Read
  92 004a 031C     		mov	r3, r0
  93 004c 5A42     		neg	r2, r3
  94 004e 5341     		adc	r3, r3, r2
  95 0050 DBB2     		uxtb	r3, r3
  96 0052 181C     		mov	r0, r3
  97 0054 FFF7FEFF 		bl	TX_LED_Write
  98              		.loc 1 41 0
  99 0058 E1E7     		b	.L4
 100              	.L6:
 101 005a C046     		.align	2
 102              	.L5:
 103 005c 00000000 		.word	uartInterrupt
 104 0060 00000000 		.word	.LC1
 105 0064 00000000 		.word	flag
 106              		.cfi_endproc
 107              	.LFE33:
 108              		.size	main, .-main
 109              		.text
 110              	.Letext0:
 111              		.file 2 "./Generated_Source/PSoC4/cytypes.h"
 112              		.section	.debug_info,"",%progbits
 113              	.Ldebug_info0:
 114 0000 E0000000 		.4byte	0xe0
 115 0004 0200     		.2byte	0x2
 116 0006 00000000 		.4byte	.Ldebug_abbrev0
 117 000a 04       		.byte	0x4
 118 000b 01       		.uleb128 0x1
 119 000c C6000000 		.4byte	.LASF15
 120 0010 01       		.byte	0x1
 121 0011 90010000 		.4byte	.LASF16
ARM GAS  C:\Users\Sam\AppData\Local\Temp\ccs2WGPg.s 			page 4


 122 0015 22000000 		.4byte	.LASF17
 123 0019 00000000 		.4byte	.Ldebug_ranges0+0
 124 001d 00000000 		.4byte	0
 125 0021 00000000 		.4byte	0
 126 0025 00000000 		.4byte	.Ldebug_line0
 127 0029 02       		.uleb128 0x2
 128 002a 01       		.byte	0x1
 129 002b 06       		.byte	0x6
 130 002c 7E010000 		.4byte	.LASF0
 131 0030 02       		.uleb128 0x2
 132 0031 01       		.byte	0x1
 133 0032 08       		.byte	0x8
 134 0033 3E010000 		.4byte	.LASF1
 135 0037 02       		.uleb128 0x2
 136 0038 02       		.byte	0x2
 137 0039 05       		.byte	0x5
 138 003a 5A010000 		.4byte	.LASF2
 139 003e 02       		.uleb128 0x2
 140 003f 02       		.byte	0x2
 141 0040 07       		.byte	0x7
 142 0041 6B010000 		.4byte	.LASF3
 143 0045 02       		.uleb128 0x2
 144 0046 04       		.byte	0x4
 145 0047 05       		.byte	0x5
 146 0048 51010000 		.4byte	.LASF4
 147 004c 02       		.uleb128 0x2
 148 004d 04       		.byte	0x4
 149 004e 07       		.byte	0x7
 150 004f 15010000 		.4byte	.LASF5
 151 0053 02       		.uleb128 0x2
 152 0054 08       		.byte	0x8
 153 0055 05       		.byte	0x5
 154 0056 00000000 		.4byte	.LASF6
 155 005a 02       		.uleb128 0x2
 156 005b 08       		.byte	0x8
 157 005c 07       		.byte	0x7
 158 005d 27010000 		.4byte	.LASF7
 159 0061 03       		.uleb128 0x3
 160 0062 04       		.byte	0x4
 161 0063 05       		.byte	0x5
 162 0064 696E7400 		.ascii	"int\000"
 163 0068 02       		.uleb128 0x2
 164 0069 04       		.byte	0x4
 165 006a 07       		.byte	0x7
 166 006b 15000000 		.4byte	.LASF8
 167 006f 04       		.uleb128 0x4
 168 0070 0F010000 		.4byte	.LASF9
 169 0074 02       		.byte	0x2
 170 0075 5B       		.byte	0x5b
 171 0076 30000000 		.4byte	0x30
 172 007a 04       		.uleb128 0x4
 173 007b 0E000000 		.4byte	.LASF10
 174 007f 02       		.byte	0x2
 175 0080 5D       		.byte	0x5d
 176 0081 4C000000 		.4byte	0x4c
 177 0085 02       		.uleb128 0x2
 178 0086 04       		.byte	0x4
ARM GAS  C:\Users\Sam\AppData\Local\Temp\ccs2WGPg.s 			page 5


 179 0087 04       		.byte	0x4
 180 0088 8A010000 		.4byte	.LASF11
 181 008c 02       		.uleb128 0x2
 182 008d 08       		.byte	0x8
 183 008e 04       		.byte	0x4
 184 008f 64010000 		.4byte	.LASF12
 185 0093 02       		.uleb128 0x2
 186 0094 01       		.byte	0x1
 187 0095 08       		.byte	0x8
 188 0096 4C010000 		.4byte	.LASF13
 189 009a 05       		.uleb128 0x5
 190 009b 6F000000 		.4byte	0x6f
 191 009f 02       		.uleb128 0x2
 192 00a0 04       		.byte	0x4
 193 00a1 07       		.byte	0x7
 194 00a2 9E010000 		.4byte	.LASF14
 195 00a6 06       		.uleb128 0x6
 196 00a7 01       		.byte	0x1
 197 00a8 C1000000 		.4byte	.LASF18
 198 00ac 01       		.byte	0x1
 199 00ad 11       		.byte	0x11
 200 00ae 61000000 		.4byte	0x61
 201 00b2 00000000 		.4byte	.LFB33
 202 00b6 68000000 		.4byte	.LFE33
 203 00ba 00000000 		.4byte	.LLST0
 204 00be 01       		.byte	0x1
 205 00bf D1000000 		.4byte	0xd1
 206 00c3 07       		.uleb128 0x7
 207 00c4 636800   		.ascii	"ch\000"
 208 00c7 01       		.byte	0x1
 209 00c8 14       		.byte	0x14
 210 00c9 9A000000 		.4byte	0x9a
 211 00cd 02       		.byte	0x2
 212 00ce 91       		.byte	0x91
 213 00cf 77       		.sleb128 -9
 214 00d0 00       		.byte	0
 215 00d1 08       		.uleb128 0x8
 216 00d2 99010000 		.4byte	.LASF19
 217 00d6 01       		.byte	0x1
 218 00d7 0F       		.byte	0xf
 219 00d8 6F000000 		.4byte	0x6f
 220 00dc 01       		.byte	0x1
 221 00dd 05       		.byte	0x5
 222 00de 03       		.byte	0x3
 223 00df 00000000 		.4byte	flag
 224 00e3 00       		.byte	0
 225              		.section	.debug_abbrev,"",%progbits
 226              	.Ldebug_abbrev0:
 227 0000 01       		.uleb128 0x1
 228 0001 11       		.uleb128 0x11
 229 0002 01       		.byte	0x1
 230 0003 25       		.uleb128 0x25
 231 0004 0E       		.uleb128 0xe
 232 0005 13       		.uleb128 0x13
 233 0006 0B       		.uleb128 0xb
 234 0007 03       		.uleb128 0x3
 235 0008 0E       		.uleb128 0xe
ARM GAS  C:\Users\Sam\AppData\Local\Temp\ccs2WGPg.s 			page 6


 236 0009 1B       		.uleb128 0x1b
 237 000a 0E       		.uleb128 0xe
 238 000b 55       		.uleb128 0x55
 239 000c 06       		.uleb128 0x6
 240 000d 11       		.uleb128 0x11
 241 000e 01       		.uleb128 0x1
 242 000f 52       		.uleb128 0x52
 243 0010 01       		.uleb128 0x1
 244 0011 10       		.uleb128 0x10
 245 0012 06       		.uleb128 0x6
 246 0013 00       		.byte	0
 247 0014 00       		.byte	0
 248 0015 02       		.uleb128 0x2
 249 0016 24       		.uleb128 0x24
 250 0017 00       		.byte	0
 251 0018 0B       		.uleb128 0xb
 252 0019 0B       		.uleb128 0xb
 253 001a 3E       		.uleb128 0x3e
 254 001b 0B       		.uleb128 0xb
 255 001c 03       		.uleb128 0x3
 256 001d 0E       		.uleb128 0xe
 257 001e 00       		.byte	0
 258 001f 00       		.byte	0
 259 0020 03       		.uleb128 0x3
 260 0021 24       		.uleb128 0x24
 261 0022 00       		.byte	0
 262 0023 0B       		.uleb128 0xb
 263 0024 0B       		.uleb128 0xb
 264 0025 3E       		.uleb128 0x3e
 265 0026 0B       		.uleb128 0xb
 266 0027 03       		.uleb128 0x3
 267 0028 08       		.uleb128 0x8
 268 0029 00       		.byte	0
 269 002a 00       		.byte	0
 270 002b 04       		.uleb128 0x4
 271 002c 16       		.uleb128 0x16
 272 002d 00       		.byte	0
 273 002e 03       		.uleb128 0x3
 274 002f 0E       		.uleb128 0xe
 275 0030 3A       		.uleb128 0x3a
 276 0031 0B       		.uleb128 0xb
 277 0032 3B       		.uleb128 0x3b
 278 0033 0B       		.uleb128 0xb
 279 0034 49       		.uleb128 0x49
 280 0035 13       		.uleb128 0x13
 281 0036 00       		.byte	0
 282 0037 00       		.byte	0
 283 0038 05       		.uleb128 0x5
 284 0039 35       		.uleb128 0x35
 285 003a 00       		.byte	0
 286 003b 49       		.uleb128 0x49
 287 003c 13       		.uleb128 0x13
 288 003d 00       		.byte	0
 289 003e 00       		.byte	0
 290 003f 06       		.uleb128 0x6
 291 0040 2E       		.uleb128 0x2e
 292 0041 01       		.byte	0x1
ARM GAS  C:\Users\Sam\AppData\Local\Temp\ccs2WGPg.s 			page 7


 293 0042 3F       		.uleb128 0x3f
 294 0043 0C       		.uleb128 0xc
 295 0044 03       		.uleb128 0x3
 296 0045 0E       		.uleb128 0xe
 297 0046 3A       		.uleb128 0x3a
 298 0047 0B       		.uleb128 0xb
 299 0048 3B       		.uleb128 0x3b
 300 0049 0B       		.uleb128 0xb
 301 004a 49       		.uleb128 0x49
 302 004b 13       		.uleb128 0x13
 303 004c 11       		.uleb128 0x11
 304 004d 01       		.uleb128 0x1
 305 004e 12       		.uleb128 0x12
 306 004f 01       		.uleb128 0x1
 307 0050 40       		.uleb128 0x40
 308 0051 06       		.uleb128 0x6
 309 0052 9642     		.uleb128 0x2116
 310 0054 0C       		.uleb128 0xc
 311 0055 01       		.uleb128 0x1
 312 0056 13       		.uleb128 0x13
 313 0057 00       		.byte	0
 314 0058 00       		.byte	0
 315 0059 07       		.uleb128 0x7
 316 005a 34       		.uleb128 0x34
 317 005b 00       		.byte	0
 318 005c 03       		.uleb128 0x3
 319 005d 08       		.uleb128 0x8
 320 005e 3A       		.uleb128 0x3a
 321 005f 0B       		.uleb128 0xb
 322 0060 3B       		.uleb128 0x3b
 323 0061 0B       		.uleb128 0xb
 324 0062 49       		.uleb128 0x49
 325 0063 13       		.uleb128 0x13
 326 0064 02       		.uleb128 0x2
 327 0065 0A       		.uleb128 0xa
 328 0066 00       		.byte	0
 329 0067 00       		.byte	0
 330 0068 08       		.uleb128 0x8
 331 0069 34       		.uleb128 0x34
 332 006a 00       		.byte	0
 333 006b 03       		.uleb128 0x3
 334 006c 0E       		.uleb128 0xe
 335 006d 3A       		.uleb128 0x3a
 336 006e 0B       		.uleb128 0xb
 337 006f 3B       		.uleb128 0x3b
 338 0070 0B       		.uleb128 0xb
 339 0071 49       		.uleb128 0x49
 340 0072 13       		.uleb128 0x13
 341 0073 3F       		.uleb128 0x3f
 342 0074 0C       		.uleb128 0xc
 343 0075 02       		.uleb128 0x2
 344 0076 0A       		.uleb128 0xa
 345 0077 00       		.byte	0
 346 0078 00       		.byte	0
 347 0079 00       		.byte	0
 348              		.section	.debug_loc,"",%progbits
 349              	.Ldebug_loc0:
ARM GAS  C:\Users\Sam\AppData\Local\Temp\ccs2WGPg.s 			page 8


 350              	.LLST0:
 351 0000 00000000 		.4byte	.LFB33
 352 0004 02000000 		.4byte	.LCFI0
 353 0008 0200     		.2byte	0x2
 354 000a 7D       		.byte	0x7d
 355 000b 00       		.sleb128 0
 356 000c 02000000 		.4byte	.LCFI0
 357 0010 04000000 		.4byte	.LCFI1
 358 0014 0200     		.2byte	0x2
 359 0016 7D       		.byte	0x7d
 360 0017 08       		.sleb128 8
 361 0018 04000000 		.4byte	.LCFI1
 362 001c 06000000 		.4byte	.LCFI2
 363 0020 0200     		.2byte	0x2
 364 0022 7D       		.byte	0x7d
 365 0023 10       		.sleb128 16
 366 0024 06000000 		.4byte	.LCFI2
 367 0028 68000000 		.4byte	.LFE33
 368 002c 0200     		.2byte	0x2
 369 002e 77       		.byte	0x77
 370 002f 10       		.sleb128 16
 371 0030 00000000 		.4byte	0
 372 0034 00000000 		.4byte	0
 373              		.section	.debug_aranges,"",%progbits
 374 0000 1C000000 		.4byte	0x1c
 375 0004 0200     		.2byte	0x2
 376 0006 00000000 		.4byte	.Ldebug_info0
 377 000a 04       		.byte	0x4
 378 000b 00       		.byte	0
 379 000c 0000     		.2byte	0
 380 000e 0000     		.2byte	0
 381 0010 00000000 		.4byte	.LFB33
 382 0014 68000000 		.4byte	.LFE33-.LFB33
 383 0018 00000000 		.4byte	0
 384 001c 00000000 		.4byte	0
 385              		.section	.debug_ranges,"",%progbits
 386              	.Ldebug_ranges0:
 387 0000 00000000 		.4byte	.LFB33
 388 0004 68000000 		.4byte	.LFE33
 389 0008 00000000 		.4byte	0
 390 000c 00000000 		.4byte	0
 391              		.section	.debug_line,"",%progbits
 392              	.Ldebug_line0:
 393 0000 69000000 		.section	.debug_str,"MS",%progbits,1
 393      02004500 
 393      00000201 
 393      FB0E0D00 
 393      01010101 
 394              	.LASF6:
 395 0000 6C6F6E67 		.ascii	"long long int\000"
 395      206C6F6E 
 395      6720696E 
 395      7400
 396              	.LASF10:
 397 000e 75696E74 		.ascii	"uint32\000"
 397      333200
 398              	.LASF8:
ARM GAS  C:\Users\Sam\AppData\Local\Temp\ccs2WGPg.s 			page 9


 399 0015 756E7369 		.ascii	"unsigned int\000"
 399      676E6564 
 399      20696E74 
 399      00
 400              	.LASF17:
 401 0022 433A5C55 		.ascii	"C:\\Users\\Sam\\AppData\\Local\\Evernote\\Evernote\\"
 401      73657273 
 401      5C53616D 
 401      5C417070 
 401      44617461 
 402 004f 44617461 		.ascii	"Databases\\Attachments\\Working UART with interrupt"
 402      62617365 
 402      735C4174 
 402      74616368 
 402      6D656E74 
 403 0080 735C576F 		.ascii	"s\\Working UART with interrupts\\PSoC 4 Pioneer Mod"
 403      726B696E 
 403      67205541 
 403      52542077 
 403      69746820 
 404 00b1 62757320 		.ascii	"bus Slave.cydsn\000"
 404      536C6176 
 404      652E6379 
 404      64736E00 
 405              	.LASF18:
 406 00c1 6D61696E 		.ascii	"main\000"
 406      00
 407              	.LASF15:
 408 00c6 474E5520 		.ascii	"GNU C 4.7.3 20130312 (release) [ARM/embedded-4_7-br"
 408      4320342E 
 408      372E3320 
 408      32303133 
 408      30333132 
 409 00f9 616E6368 		.ascii	"anch revision 196615]\000"
 409      20726576 
 409      6973696F 
 409      6E203139 
 409      36363135 
 410              	.LASF9:
 411 010f 75696E74 		.ascii	"uint8\000"
 411      3800
 412              	.LASF5:
 413 0115 6C6F6E67 		.ascii	"long unsigned int\000"
 413      20756E73 
 413      69676E65 
 413      6420696E 
 413      7400
 414              	.LASF7:
 415 0127 6C6F6E67 		.ascii	"long long unsigned int\000"
 415      206C6F6E 
 415      6720756E 
 415      7369676E 
 415      65642069 
 416              	.LASF1:
 417 013e 756E7369 		.ascii	"unsigned char\000"
 417      676E6564 
 417      20636861 
ARM GAS  C:\Users\Sam\AppData\Local\Temp\ccs2WGPg.s 			page 10


 417      7200
 418              	.LASF13:
 419 014c 63686172 		.ascii	"char\000"
 419      00
 420              	.LASF4:
 421 0151 6C6F6E67 		.ascii	"long int\000"
 421      20696E74 
 421      00
 422              	.LASF2:
 423 015a 73686F72 		.ascii	"short int\000"
 423      7420696E 
 423      7400
 424              	.LASF12:
 425 0164 646F7562 		.ascii	"double\000"
 425      6C6500
 426              	.LASF3:
 427 016b 73686F72 		.ascii	"short unsigned int\000"
 427      7420756E 
 427      7369676E 
 427      65642069 
 427      6E7400
 428              	.LASF0:
 429 017e 7369676E 		.ascii	"signed char\000"
 429      65642063 
 429      68617200 
 430              	.LASF11:
 431 018a 666C6F61 		.ascii	"float\000"
 431      7400
 432              	.LASF16:
 433 0190 2E5C6D61 		.ascii	".\\main.c\000"
 433      696E2E63 
 433      00
 434              	.LASF19:
 435 0199 666C6167 		.ascii	"flag\000"
 435      00
 436              	.LASF14:
 437 019e 73697A65 		.ascii	"sizetype\000"
 437      74797065 
 437      00
 438              		.ident	"GCC: (GNU Tools for ARM Embedded Processors) 4.7.3 20130312 (release) [ARM/embedded-4_7-br
